ARM GAS  C:\Users\adria\AppData\Local\Temp\ccvzgHfO.s 			page 1


   1              		.syntax unified
   2              		.cpu cortex-m3
   3              		.fpu softvfp
   4              		.eabi_attribute 20, 1
   5              		.eabi_attribute 21, 1
   6              		.eabi_attribute 23, 3
   7              		.eabi_attribute 24, 1
   8              		.eabi_attribute 25, 1
   9              		.eabi_attribute 26, 1
  10              		.eabi_attribute 30, 1
  11              		.eabi_attribute 34, 1
  12              		.eabi_attribute 18, 4
  13              		.thumb
  14              		.syntax unified
  15              		.file	"main.c"
  16              		.text
  17              	.Ltext0:
  18              		.cfi_sections	.debug_frame
  19              		.section	.text.INT_KB,"ax",%progbits
  20              		.align	2
  21              		.global	INT_KB
  22              		.thumb
  23              		.thumb_func
  24              		.type	INT_KB, %function
  25              	INT_KB:
  26              	.LFB65:
  27              		.file 1 "main.c"
   1:main.c        **** #include "project.h"
   2:main.c        **** #include <stdio.h>
   3:main.c        **** #include <stdlib.h>
   4:main.c        **** #include <string.h>
   5:main.c        **** 
   6:main.c        **** uint8 key, column;
   7:main.c        **** char str[16];
   8:main.c        **** uint8 contador=0;
   9:main.c        **** 
  10:main.c        **** void Reloj()
  11:main.c        **** {   
  12:main.c        ****     contador=Counter_ReadCounter();
  13:main.c        ****     if(contador==10){
  14:main.c        ****         Columns_Write(0x0E);
  15:main.c        ****         LCD_PutChar('1');
  16:main.c        ****     }
  17:main.c        ****     if(contador==20){
  18:main.c        ****         Columns_Write(0x0D);
  19:main.c        ****         LCD_PutChar('2');
  20:main.c        ****     }
  21:main.c        ****     if(contador==30){
  22:main.c        ****         Columns_Write(0x0B);
  23:main.c        ****         LCD_PutChar('3');
  24:main.c        ****     }
  25:main.c        ****     if(contador==40){
  26:main.c        ****         Columns_Write(0x07);
  27:main.c        ****         LCD_PutChar('4');
  28:main.c        ****     }
  29:main.c        **** }
  30:main.c        **** 
ARM GAS  C:\Users\adria\AppData\Local\Temp\ccvzgHfO.s 			page 2


  31:main.c        **** CY_ISR(INT_KB){
  28              		.loc 1 31 0
  29              		.cfi_startproc
  30              		@ args = 0, pretend = 0, frame = 0
  31              		@ frame_needed = 0, uses_anonymous_args = 0
  32 0000 10B5     		push	{r4, lr}
  33              		.cfi_def_cfa_offset 8
  34              		.cfi_offset 4, -8
  35              		.cfi_offset 14, -4
  32:main.c        ****     
  33:main.c        ****     column=Rows_Read();
  36              		.loc 1 33 0
  37 0002 FFF7FEFF 		bl	Rows_Read
  38              	.LVL0:
  39 0006 414C     		ldr	r4, .L21
  40 0008 2070     		strb	r0, [r4]
  34:main.c        ****     key=Columns_Read();
  41              		.loc 1 34 0
  42 000a FFF7FEFF 		bl	Columns_Read
  43              	.LVL1:
  35:main.c        ****     key=key<<4;
  44              		.loc 1 35 0
  45 000e 0001     		lsls	r0, r0, #4
  46 0010 C0B2     		uxtb	r0, r0
  36:main.c        ****     key=key|column;
  47              		.loc 1 36 0
  48 0012 2378     		ldrb	r3, [r4]	@ zero_extendqisi2
  49 0014 1843     		orrs	r0, r0, r3
  50 0016 3E4B     		ldr	r3, .L21+4
  51 0018 1870     		strb	r0, [r3]
  37:main.c        **** 
  38:main.c        ****     if(key==0xEE){
  52              		.loc 1 38 0
  53 001a EE28     		cmp	r0, #238
  54 001c 02D1     		bne	.L2
  39:main.c        ****         LCD_PutChar('1');
  55              		.loc 1 39 0
  56 001e 3120     		movs	r0, #49
  57 0020 FFF7FEFF 		bl	LCD_PutChar
  58              	.LVL2:
  59              	.L2:
  40:main.c        ****     }
  41:main.c        ****     if(key==0xED){
  60              		.loc 1 41 0
  61 0024 3A4B     		ldr	r3, .L21+4
  62 0026 1B78     		ldrb	r3, [r3]	@ zero_extendqisi2
  63 0028 ED2B     		cmp	r3, #237
  64 002a 02D1     		bne	.L3
  42:main.c        ****         LCD_PutChar('2');
  65              		.loc 1 42 0
  66 002c 3220     		movs	r0, #50
  67 002e FFF7FEFF 		bl	LCD_PutChar
  68              	.LVL3:
  69              	.L3:
  43:main.c        ****     }
  44:main.c        ****     if(key==0xEB){
  70              		.loc 1 44 0
ARM GAS  C:\Users\adria\AppData\Local\Temp\ccvzgHfO.s 			page 3


  71 0032 374B     		ldr	r3, .L21+4
  72 0034 1B78     		ldrb	r3, [r3]	@ zero_extendqisi2
  73 0036 EB2B     		cmp	r3, #235
  74 0038 02D1     		bne	.L4
  45:main.c        ****         LCD_PutChar('3');
  75              		.loc 1 45 0
  76 003a 3320     		movs	r0, #51
  77 003c FFF7FEFF 		bl	LCD_PutChar
  78              	.LVL4:
  79              	.L4:
  46:main.c        ****     }
  47:main.c        ****     if(key==0xE7){
  80              		.loc 1 47 0
  81 0040 334B     		ldr	r3, .L21+4
  82 0042 1B78     		ldrb	r3, [r3]	@ zero_extendqisi2
  83 0044 E72B     		cmp	r3, #231
  84 0046 02D1     		bne	.L5
  48:main.c        ****         LCD_PutChar('A');
  85              		.loc 1 48 0
  86 0048 4120     		movs	r0, #65
  87 004a FFF7FEFF 		bl	LCD_PutChar
  88              	.LVL5:
  89              	.L5:
  49:main.c        ****     }
  50:main.c        ****     if(key==0xDE){
  90              		.loc 1 50 0
  91 004e 304B     		ldr	r3, .L21+4
  92 0050 1B78     		ldrb	r3, [r3]	@ zero_extendqisi2
  93 0052 DE2B     		cmp	r3, #222
  94 0054 02D1     		bne	.L6
  51:main.c        ****         LCD_PutChar('4');
  95              		.loc 1 51 0
  96 0056 3420     		movs	r0, #52
  97 0058 FFF7FEFF 		bl	LCD_PutChar
  98              	.LVL6:
  99              	.L6:
  52:main.c        ****     }
  53:main.c        ****     if(key==0xDD){
 100              		.loc 1 53 0
 101 005c 2C4B     		ldr	r3, .L21+4
 102 005e 1B78     		ldrb	r3, [r3]	@ zero_extendqisi2
 103 0060 DD2B     		cmp	r3, #221
 104 0062 02D1     		bne	.L7
  54:main.c        ****         LCD_PutChar('5');
 105              		.loc 1 54 0
 106 0064 3520     		movs	r0, #53
 107 0066 FFF7FEFF 		bl	LCD_PutChar
 108              	.LVL7:
 109              	.L7:
  55:main.c        ****     }
  56:main.c        ****     if(key==0xDB){
 110              		.loc 1 56 0
 111 006a 294B     		ldr	r3, .L21+4
 112 006c 1B78     		ldrb	r3, [r3]	@ zero_extendqisi2
 113 006e DB2B     		cmp	r3, #219
 114 0070 02D1     		bne	.L8
  57:main.c        ****         LCD_PutChar('6');
ARM GAS  C:\Users\adria\AppData\Local\Temp\ccvzgHfO.s 			page 4


 115              		.loc 1 57 0
 116 0072 3620     		movs	r0, #54
 117 0074 FFF7FEFF 		bl	LCD_PutChar
 118              	.LVL8:
 119              	.L8:
  58:main.c        ****     }
  59:main.c        ****     if(key==0xD7){
 120              		.loc 1 59 0
 121 0078 254B     		ldr	r3, .L21+4
 122 007a 1B78     		ldrb	r3, [r3]	@ zero_extendqisi2
 123 007c D72B     		cmp	r3, #215
 124 007e 02D1     		bne	.L9
  60:main.c        ****         LCD_PutChar('B');
 125              		.loc 1 60 0
 126 0080 4220     		movs	r0, #66
 127 0082 FFF7FEFF 		bl	LCD_PutChar
 128              	.LVL9:
 129              	.L9:
  61:main.c        ****     }
  62:main.c        ****     if(key==0xBE){
 130              		.loc 1 62 0
 131 0086 224B     		ldr	r3, .L21+4
 132 0088 1B78     		ldrb	r3, [r3]	@ zero_extendqisi2
 133 008a BE2B     		cmp	r3, #190
 134 008c 02D1     		bne	.L10
  63:main.c        ****         LCD_PutChar('7');
 135              		.loc 1 63 0
 136 008e 3720     		movs	r0, #55
 137 0090 FFF7FEFF 		bl	LCD_PutChar
 138              	.LVL10:
 139              	.L10:
  64:main.c        ****     }
  65:main.c        ****     if(key==0xBD){
 140              		.loc 1 65 0
 141 0094 1E4B     		ldr	r3, .L21+4
 142 0096 1B78     		ldrb	r3, [r3]	@ zero_extendqisi2
 143 0098 BD2B     		cmp	r3, #189
 144 009a 02D1     		bne	.L11
  66:main.c        ****         LCD_PutChar('8');
 145              		.loc 1 66 0
 146 009c 3820     		movs	r0, #56
 147 009e FFF7FEFF 		bl	LCD_PutChar
 148              	.LVL11:
 149              	.L11:
  67:main.c        ****     }
  68:main.c        ****     if(key==0xBB){
 150              		.loc 1 68 0
 151 00a2 1B4B     		ldr	r3, .L21+4
 152 00a4 1B78     		ldrb	r3, [r3]	@ zero_extendqisi2
 153 00a6 BB2B     		cmp	r3, #187
 154 00a8 02D1     		bne	.L12
  69:main.c        ****         LCD_PutChar('9');
 155              		.loc 1 69 0
 156 00aa 3920     		movs	r0, #57
 157 00ac FFF7FEFF 		bl	LCD_PutChar
 158              	.LVL12:
 159              	.L12:
ARM GAS  C:\Users\adria\AppData\Local\Temp\ccvzgHfO.s 			page 5


  70:main.c        ****     }
  71:main.c        ****     if(key==0xB7){
 160              		.loc 1 71 0
 161 00b0 174B     		ldr	r3, .L21+4
 162 00b2 1B78     		ldrb	r3, [r3]	@ zero_extendqisi2
 163 00b4 B72B     		cmp	r3, #183
 164 00b6 02D1     		bne	.L13
  72:main.c        ****         LCD_PutChar('C');
 165              		.loc 1 72 0
 166 00b8 4320     		movs	r0, #67
 167 00ba FFF7FEFF 		bl	LCD_PutChar
 168              	.LVL13:
 169              	.L13:
  73:main.c        ****     }
  74:main.c        ****     if(key==0x7E){
 170              		.loc 1 74 0
 171 00be 144B     		ldr	r3, .L21+4
 172 00c0 1B78     		ldrb	r3, [r3]	@ zero_extendqisi2
 173 00c2 7E2B     		cmp	r3, #126
 174 00c4 02D1     		bne	.L14
  75:main.c        ****         LCD_PutChar('*');
 175              		.loc 1 75 0
 176 00c6 2A20     		movs	r0, #42
 177 00c8 FFF7FEFF 		bl	LCD_PutChar
 178              	.LVL14:
 179              	.L14:
  76:main.c        ****     }
  77:main.c        ****     if(key==0x7D){
 180              		.loc 1 77 0
 181 00cc 104B     		ldr	r3, .L21+4
 182 00ce 1B78     		ldrb	r3, [r3]	@ zero_extendqisi2
 183 00d0 7D2B     		cmp	r3, #125
 184 00d2 02D1     		bne	.L15
  78:main.c        ****         LCD_PutChar('0');
 185              		.loc 1 78 0
 186 00d4 3020     		movs	r0, #48
 187 00d6 FFF7FEFF 		bl	LCD_PutChar
 188              	.LVL15:
 189              	.L15:
  79:main.c        ****     }
  80:main.c        ****     if(key==0x7B){
 190              		.loc 1 80 0
 191 00da 0D4B     		ldr	r3, .L21+4
 192 00dc 1B78     		ldrb	r3, [r3]	@ zero_extendqisi2
 193 00de 7B2B     		cmp	r3, #123
 194 00e0 02D1     		bne	.L16
  81:main.c        ****         LCD_PutChar('#');
 195              		.loc 1 81 0
 196 00e2 2320     		movs	r0, #35
 197 00e4 FFF7FEFF 		bl	LCD_PutChar
 198              	.LVL16:
 199              	.L16:
  82:main.c        ****     }
  83:main.c        ****     if(key==0x77){
 200              		.loc 1 83 0
 201 00e8 094B     		ldr	r3, .L21+4
 202 00ea 1B78     		ldrb	r3, [r3]	@ zero_extendqisi2
ARM GAS  C:\Users\adria\AppData\Local\Temp\ccvzgHfO.s 			page 6


 203 00ec 772B     		cmp	r3, #119
 204 00ee 06D1     		bne	.L18
  84:main.c        ****         LCD_PutChar('D');
 205              		.loc 1 84 0
 206 00f0 4420     		movs	r0, #68
 207 00f2 FFF7FEFF 		bl	LCD_PutChar
 208              	.LVL17:
 209 00f6 02E0     		b	.L18
 210              	.L19:
  85:main.c        ****     }
  86:main.c        **** 
  87:main.c        ****     while(Rows_Read()!=0x0F)
  88:main.c        **** 
  89:main.c        ****     CyDelay(10);
 211              		.loc 1 89 0
 212 00f8 0A20     		movs	r0, #10
 213 00fa FFF7FEFF 		bl	CyDelay
 214              	.LVL18:
 215              	.L18:
  87:main.c        **** 
 216              		.loc 1 87 0
 217 00fe FFF7FEFF 		bl	Rows_Read
 218              	.LVL19:
 219 0102 0F28     		cmp	r0, #15
 220 0104 F8D1     		bne	.L19
  90:main.c        ****     Rows_ClearInterrupt();
 221              		.loc 1 90 0
 222 0106 FFF7FEFF 		bl	Rows_ClearInterrupt
 223              	.LVL20:
 224 010a 10BD     		pop	{r4, pc}
 225              	.L22:
 226              		.align	2
 227              	.L21:
 228 010c 00000000 		.word	column
 229 0110 00000000 		.word	key
 230              		.cfi_endproc
 231              	.LFE65:
 232              		.size	INT_KB, .-INT_KB
 233              		.section	.text.Reloj,"ax",%progbits
 234              		.align	2
 235              		.global	Reloj
 236              		.thumb
 237              		.thumb_func
 238              		.type	Reloj, %function
 239              	Reloj:
 240              	.LFB64:
  11:main.c        ****     contador=Counter_ReadCounter();
 241              		.loc 1 11 0
 242              		.cfi_startproc
 243              		@ args = 0, pretend = 0, frame = 0
 244              		@ frame_needed = 0, uses_anonymous_args = 0
 245 0000 08B5     		push	{r3, lr}
 246              		.cfi_def_cfa_offset 8
 247              		.cfi_offset 3, -8
 248              		.cfi_offset 14, -4
  12:main.c        ****     if(contador==10){
 249              		.loc 1 12 0
ARM GAS  C:\Users\adria\AppData\Local\Temp\ccvzgHfO.s 			page 7


 250 0002 FFF7FEFF 		bl	Counter_ReadCounter
 251              	.LVL21:
 252 0006 144B     		ldr	r3, .L29
 253 0008 1870     		strb	r0, [r3]
  13:main.c        ****         Columns_Write(0x0E);
 254              		.loc 1 13 0
 255 000a 0A28     		cmp	r0, #10
 256 000c 05D1     		bne	.L24
  14:main.c        ****         LCD_PutChar('1');
 257              		.loc 1 14 0
 258 000e 0E20     		movs	r0, #14
 259 0010 FFF7FEFF 		bl	Columns_Write
 260              	.LVL22:
  15:main.c        ****     }
 261              		.loc 1 15 0
 262 0014 3120     		movs	r0, #49
 263 0016 FFF7FEFF 		bl	LCD_PutChar
 264              	.LVL23:
 265              	.L24:
  17:main.c        ****         Columns_Write(0x0D);
 266              		.loc 1 17 0
 267 001a 0F4B     		ldr	r3, .L29
 268 001c 1B78     		ldrb	r3, [r3]	@ zero_extendqisi2
 269 001e 142B     		cmp	r3, #20
 270 0020 05D1     		bne	.L25
  18:main.c        ****         LCD_PutChar('2');
 271              		.loc 1 18 0
 272 0022 0D20     		movs	r0, #13
 273 0024 FFF7FEFF 		bl	Columns_Write
 274              	.LVL24:
  19:main.c        ****     }
 275              		.loc 1 19 0
 276 0028 3220     		movs	r0, #50
 277 002a FFF7FEFF 		bl	LCD_PutChar
 278              	.LVL25:
 279              	.L25:
  21:main.c        ****         Columns_Write(0x0B);
 280              		.loc 1 21 0
 281 002e 0A4B     		ldr	r3, .L29
 282 0030 1B78     		ldrb	r3, [r3]	@ zero_extendqisi2
 283 0032 1E2B     		cmp	r3, #30
 284 0034 05D1     		bne	.L26
  22:main.c        ****         LCD_PutChar('3');
 285              		.loc 1 22 0
 286 0036 0B20     		movs	r0, #11
 287 0038 FFF7FEFF 		bl	Columns_Write
 288              	.LVL26:
  23:main.c        ****     }
 289              		.loc 1 23 0
 290 003c 3320     		movs	r0, #51
 291 003e FFF7FEFF 		bl	LCD_PutChar
 292              	.LVL27:
 293              	.L26:
  25:main.c        ****         Columns_Write(0x07);
 294              		.loc 1 25 0
 295 0042 054B     		ldr	r3, .L29
 296 0044 1B78     		ldrb	r3, [r3]	@ zero_extendqisi2
ARM GAS  C:\Users\adria\AppData\Local\Temp\ccvzgHfO.s 			page 8


 297 0046 282B     		cmp	r3, #40
 298 0048 05D1     		bne	.L23
  26:main.c        ****         LCD_PutChar('4');
 299              		.loc 1 26 0
 300 004a 0720     		movs	r0, #7
 301 004c FFF7FEFF 		bl	Columns_Write
 302              	.LVL28:
  27:main.c        ****     }
 303              		.loc 1 27 0
 304 0050 3420     		movs	r0, #52
 305 0052 FFF7FEFF 		bl	LCD_PutChar
 306              	.LVL29:
 307              	.L23:
 308 0056 08BD     		pop	{r3, pc}
 309              	.L30:
 310              		.align	2
 311              	.L29:
 312 0058 00000000 		.word	.LANCHOR0
 313              		.cfi_endproc
 314              	.LFE64:
 315              		.size	Reloj, .-Reloj
 316              		.section	.text.message,"ax",%progbits
 317              		.align	2
 318              		.global	message
 319              		.thumb
 320              		.thumb_func
 321              		.type	message, %function
 322              	message:
 323              	.LFB66:
  91:main.c        **** 
  92:main.c        **** }
  93:main.c        **** 
  94:main.c        **** void message()
  95:main.c        **** {
 324              		.loc 1 95 0
 325              		.cfi_startproc
 326              		@ args = 0, pretend = 0, frame = 0
 327              		@ frame_needed = 0, uses_anonymous_args = 0
 328 0000 08B5     		push	{r3, lr}
 329              		.cfi_def_cfa_offset 8
 330              		.cfi_offset 3, -8
 331              		.cfi_offset 14, -4
  96:main.c        ****     LCD_Position(0,0);
 332              		.loc 1 96 0
 333 0002 0021     		movs	r1, #0
 334 0004 0846     		mov	r0, r1
 335 0006 FFF7FEFF 		bl	LCD_Position
 336              	.LVL30:
  97:main.c        ****     LCD_PrintString(": ");
 337              		.loc 1 97 0
 338 000a 0248     		ldr	r0, .L33
 339 000c FFF7FEFF 		bl	LCD_PrintString
 340              	.LVL31:
 341 0010 08BD     		pop	{r3, pc}
 342              	.L34:
 343 0012 00BF     		.align	2
 344              	.L33:
ARM GAS  C:\Users\adria\AppData\Local\Temp\ccvzgHfO.s 			page 9


 345 0014 00000000 		.word	.LC0
 346              		.cfi_endproc
 347              	.LFE66:
 348              		.size	message, .-message
 349              		.section	.text.main,"ax",%progbits
 350              		.align	2
 351              		.global	main
 352              		.thumb
 353              		.thumb_func
 354              		.type	main, %function
 355              	main:
 356              	.LFB67:
  98:main.c        **** }
  99:main.c        **** 
 100:main.c        **** int main(void)
 101:main.c        **** {
 357              		.loc 1 101 0
 358              		.cfi_startproc
 359              		@ Volatile: function does not return.
 360              		@ args = 0, pretend = 0, frame = 0
 361              		@ frame_needed = 0, uses_anonymous_args = 0
 362 0000 08B5     		push	{r3, lr}
 363              		.cfi_def_cfa_offset 8
 364              		.cfi_offset 3, -8
 365              		.cfi_offset 14, -4
 102:main.c        ****     CyGlobalIntEnable;
 366              		.loc 1 102 0
 367              		.syntax unified
 368              	@ 102 "main.c" 1
 369 0002 62B6     		CPSIE   i
 370              	@ 0 "" 2
 103:main.c        ****     LCD_Start();
 371              		.loc 1 103 0
 372              		.thumb
 373              		.syntax unified
 374 0004 FFF7FEFF 		bl	LCD_Start
 375              	.LVL32:
 104:main.c        ****     Timer_Start();
 376              		.loc 1 104 0
 377 0008 FFF7FEFF 		bl	Timer_Start
 378              	.LVL33:
 105:main.c        ****     Counter_Start();
 379              		.loc 1 105 0
 380 000c FFF7FEFF 		bl	Counter_Start
 381              	.LVL34:
 106:main.c        ****     isr_Start_StartEx(INT_KB);
 382              		.loc 1 106 0
 383 0010 0348     		ldr	r0, .L38
 384 0012 FFF7FEFF 		bl	isr_Start_StartEx
 385              	.LVL35:
 107:main.c        **** 
 108:main.c        ****     message();
 386              		.loc 1 108 0
 387 0016 FFF7FEFF 		bl	message
 388              	.LVL36:
 389              	.L36:
 109:main.c        ****     for(;;)
ARM GAS  C:\Users\adria\AppData\Local\Temp\ccvzgHfO.s 			page 10


 110:main.c        ****     {
 111:main.c        ****         Reloj();
 390              		.loc 1 111 0 discriminator 1
 391 001a FFF7FEFF 		bl	Reloj
 392              	.LVL37:
 393 001e FCE7     		b	.L36
 394              	.L39:
 395              		.align	2
 396              	.L38:
 397 0020 00000000 		.word	INT_KB
 398              		.cfi_endproc
 399              	.LFE67:
 400              		.size	main, .-main
 401              		.global	contador
 402              		.comm	str,16,4
 403              		.comm	column,1,1
 404              		.comm	key,1,1
 405              		.section	.rodata.str1.4,"aMS",%progbits,1
 406              		.align	2
 407              	.LC0:
 408 0000 3A2000   		.ascii	": \000"
 409              		.bss
 410              		.set	.LANCHOR0,. + 0
 411              		.type	contador, %object
 412              		.size	contador, 1
 413              	contador:
 414 0000 00       		.space	1
 415              		.text
 416              	.Letext0:
 417              		.file 2 "c:\\program files (x86)\\cypress\\psoc creator\\4.4\\psoc creator\\import\\gnu\\arm\\5.4.
 418              		.file 3 "c:\\program files (x86)\\cypress\\psoc creator\\4.4\\psoc creator\\import\\gnu\\arm\\5.4.
 419              		.file 4 "Generated_Source\\PSoC5/cytypes.h"
 420              		.file 5 "Generated_Source\\PSoC5/core_cm3.h"
 421              		.file 6 "Generated_Source\\PSoC5/Rows.h"
 422              		.file 7 "Generated_Source\\PSoC5/Columns.h"
 423              		.file 8 "Generated_Source\\PSoC5/LCD.h"
 424              		.file 9 "Generated_Source\\PSoC5/CyLib.h"
 425              		.file 10 "Generated_Source\\PSoC5/Counter.h"
 426              		.file 11 "Generated_Source\\PSoC5/Timer.h"
 427              		.file 12 "Generated_Source\\PSoC5/isr_Start.h"
 428              		.section	.debug_info,"",%progbits
 429              	.Ldebug_info0:
 430 0000 84040000 		.4byte	0x484
 431 0004 0400     		.2byte	0x4
 432 0006 00000000 		.4byte	.Ldebug_abbrev0
 433 000a 04       		.byte	0x4
 434 000b 01       		.uleb128 0x1
 435 000c 6D000000 		.4byte	.LASF35
 436 0010 0C       		.byte	0xc
 437 0011 E2010000 		.4byte	.LASF36
 438 0015 08020000 		.4byte	.LASF37
 439 0019 00000000 		.4byte	.Ldebug_ranges0+0
 440 001d 00000000 		.4byte	0
 441 0021 00000000 		.4byte	.Ldebug_line0
 442 0025 02       		.uleb128 0x2
 443 0026 01       		.byte	0x1
 444 0027 06       		.byte	0x6
ARM GAS  C:\Users\adria\AppData\Local\Temp\ccvzgHfO.s 			page 11


 445 0028 4B020000 		.4byte	.LASF0
 446 002c 02       		.uleb128 0x2
 447 002d 01       		.byte	0x1
 448 002e 08       		.byte	0x8
 449 002f 5F000000 		.4byte	.LASF1
 450 0033 02       		.uleb128 0x2
 451 0034 02       		.byte	0x2
 452 0035 05       		.byte	0x5
 453 0036 EE010000 		.4byte	.LASF2
 454 003a 02       		.uleb128 0x2
 455 003b 02       		.byte	0x2
 456 003c 07       		.byte	0x7
 457 003d 22000000 		.4byte	.LASF3
 458 0041 03       		.uleb128 0x3
 459 0042 0F000000 		.4byte	.LASF9
 460 0046 02       		.byte	0x2
 461 0047 3F       		.byte	0x3f
 462 0048 4C000000 		.4byte	0x4c
 463 004c 02       		.uleb128 0x2
 464 004d 04       		.byte	0x4
 465 004e 05       		.byte	0x5
 466 004f 19000000 		.4byte	.LASF4
 467 0053 02       		.uleb128 0x2
 468 0054 04       		.byte	0x4
 469 0055 07       		.byte	0x7
 470 0056 04010000 		.4byte	.LASF5
 471 005a 02       		.uleb128 0x2
 472 005b 08       		.byte	0x8
 473 005c 05       		.byte	0x5
 474 005d D4010000 		.4byte	.LASF6
 475 0061 02       		.uleb128 0x2
 476 0062 08       		.byte	0x8
 477 0063 07       		.byte	0x7
 478 0064 93010000 		.4byte	.LASF7
 479 0068 04       		.uleb128 0x4
 480 0069 04       		.byte	0x4
 481 006a 05       		.byte	0x5
 482 006b 696E7400 		.ascii	"int\000"
 483 006f 02       		.uleb128 0x2
 484 0070 04       		.byte	0x4
 485 0071 07       		.byte	0x7
 486 0072 86010000 		.4byte	.LASF8
 487 0076 03       		.uleb128 0x3
 488 0077 C3010000 		.4byte	.LASF10
 489 007b 03       		.byte	0x3
 490 007c 2C       		.byte	0x2c
 491 007d 41000000 		.4byte	0x41
 492 0081 05       		.uleb128 0x5
 493 0082 F8010000 		.4byte	.LASF11
 494 0086 04       		.byte	0x4
 495 0087 E801     		.2byte	0x1e8
 496 0089 2C000000 		.4byte	0x2c
 497 008d 02       		.uleb128 0x2
 498 008e 04       		.byte	0x4
 499 008f 04       		.byte	0x4
 500 0090 3B000000 		.4byte	.LASF12
 501 0094 02       		.uleb128 0x2
ARM GAS  C:\Users\adria\AppData\Local\Temp\ccvzgHfO.s 			page 12


 502 0095 08       		.byte	0x8
 503 0096 04       		.byte	0x4
 504 0097 5E010000 		.4byte	.LASF13
 505 009b 02       		.uleb128 0x2
 506 009c 01       		.byte	0x1
 507 009d 08       		.byte	0x8
 508 009e E9010000 		.4byte	.LASF14
 509 00a2 02       		.uleb128 0x2
 510 00a3 08       		.byte	0x8
 511 00a4 04       		.byte	0x4
 512 00a5 3F020000 		.4byte	.LASF15
 513 00a9 02       		.uleb128 0x2
 514 00aa 04       		.byte	0x4
 515 00ab 07       		.byte	0x7
 516 00ac CB010000 		.4byte	.LASF16
 517 00b0 06       		.uleb128 0x6
 518 00b1 08000000 		.4byte	.LASF38
 519 00b5 01       		.byte	0x1
 520 00b6 1F       		.byte	0x1f
 521 00b7 00000000 		.4byte	.LFB65
 522 00bb 14010000 		.4byte	.LFE65-.LFB65
 523 00bf 01       		.uleb128 0x1
 524 00c0 9C       		.byte	0x9c
 525 00c1 3D020000 		.4byte	0x23d
 526 00c5 07       		.uleb128 0x7
 527 00c6 06000000 		.4byte	.LVL0
 528 00ca F8030000 		.4byte	0x3f8
 529 00ce 07       		.uleb128 0x7
 530 00cf 0E000000 		.4byte	.LVL1
 531 00d3 03040000 		.4byte	0x403
 532 00d7 08       		.uleb128 0x8
 533 00d8 24000000 		.4byte	.LVL2
 534 00dc 0E040000 		.4byte	0x40e
 535 00e0 EB000000 		.4byte	0xeb
 536 00e4 09       		.uleb128 0x9
 537 00e5 01       		.uleb128 0x1
 538 00e6 50       		.byte	0x50
 539 00e7 02       		.uleb128 0x2
 540 00e8 08       		.byte	0x8
 541 00e9 31       		.byte	0x31
 542 00ea 00       		.byte	0
 543 00eb 08       		.uleb128 0x8
 544 00ec 32000000 		.4byte	.LVL3
 545 00f0 0E040000 		.4byte	0x40e
 546 00f4 FF000000 		.4byte	0xff
 547 00f8 09       		.uleb128 0x9
 548 00f9 01       		.uleb128 0x1
 549 00fa 50       		.byte	0x50
 550 00fb 02       		.uleb128 0x2
 551 00fc 08       		.byte	0x8
 552 00fd 32       		.byte	0x32
 553 00fe 00       		.byte	0
 554 00ff 08       		.uleb128 0x8
 555 0100 40000000 		.4byte	.LVL4
 556 0104 0E040000 		.4byte	0x40e
 557 0108 13010000 		.4byte	0x113
 558 010c 09       		.uleb128 0x9
ARM GAS  C:\Users\adria\AppData\Local\Temp\ccvzgHfO.s 			page 13


 559 010d 01       		.uleb128 0x1
 560 010e 50       		.byte	0x50
 561 010f 02       		.uleb128 0x2
 562 0110 08       		.byte	0x8
 563 0111 33       		.byte	0x33
 564 0112 00       		.byte	0
 565 0113 08       		.uleb128 0x8
 566 0114 4E000000 		.4byte	.LVL5
 567 0118 0E040000 		.4byte	0x40e
 568 011c 27010000 		.4byte	0x127
 569 0120 09       		.uleb128 0x9
 570 0121 01       		.uleb128 0x1
 571 0122 50       		.byte	0x50
 572 0123 02       		.uleb128 0x2
 573 0124 08       		.byte	0x8
 574 0125 41       		.byte	0x41
 575 0126 00       		.byte	0
 576 0127 08       		.uleb128 0x8
 577 0128 5C000000 		.4byte	.LVL6
 578 012c 0E040000 		.4byte	0x40e
 579 0130 3B010000 		.4byte	0x13b
 580 0134 09       		.uleb128 0x9
 581 0135 01       		.uleb128 0x1
 582 0136 50       		.byte	0x50
 583 0137 02       		.uleb128 0x2
 584 0138 08       		.byte	0x8
 585 0139 34       		.byte	0x34
 586 013a 00       		.byte	0
 587 013b 08       		.uleb128 0x8
 588 013c 6A000000 		.4byte	.LVL7
 589 0140 0E040000 		.4byte	0x40e
 590 0144 4F010000 		.4byte	0x14f
 591 0148 09       		.uleb128 0x9
 592 0149 01       		.uleb128 0x1
 593 014a 50       		.byte	0x50
 594 014b 02       		.uleb128 0x2
 595 014c 08       		.byte	0x8
 596 014d 35       		.byte	0x35
 597 014e 00       		.byte	0
 598 014f 08       		.uleb128 0x8
 599 0150 78000000 		.4byte	.LVL8
 600 0154 0E040000 		.4byte	0x40e
 601 0158 63010000 		.4byte	0x163
 602 015c 09       		.uleb128 0x9
 603 015d 01       		.uleb128 0x1
 604 015e 50       		.byte	0x50
 605 015f 02       		.uleb128 0x2
 606 0160 08       		.byte	0x8
 607 0161 36       		.byte	0x36
 608 0162 00       		.byte	0
 609 0163 08       		.uleb128 0x8
 610 0164 86000000 		.4byte	.LVL9
 611 0168 0E040000 		.4byte	0x40e
 612 016c 77010000 		.4byte	0x177
 613 0170 09       		.uleb128 0x9
 614 0171 01       		.uleb128 0x1
 615 0172 50       		.byte	0x50
ARM GAS  C:\Users\adria\AppData\Local\Temp\ccvzgHfO.s 			page 14


 616 0173 02       		.uleb128 0x2
 617 0174 08       		.byte	0x8
 618 0175 42       		.byte	0x42
 619 0176 00       		.byte	0
 620 0177 08       		.uleb128 0x8
 621 0178 94000000 		.4byte	.LVL10
 622 017c 0E040000 		.4byte	0x40e
 623 0180 8B010000 		.4byte	0x18b
 624 0184 09       		.uleb128 0x9
 625 0185 01       		.uleb128 0x1
 626 0186 50       		.byte	0x50
 627 0187 02       		.uleb128 0x2
 628 0188 08       		.byte	0x8
 629 0189 37       		.byte	0x37
 630 018a 00       		.byte	0
 631 018b 08       		.uleb128 0x8
 632 018c A2000000 		.4byte	.LVL11
 633 0190 0E040000 		.4byte	0x40e
 634 0194 9F010000 		.4byte	0x19f
 635 0198 09       		.uleb128 0x9
 636 0199 01       		.uleb128 0x1
 637 019a 50       		.byte	0x50
 638 019b 02       		.uleb128 0x2
 639 019c 08       		.byte	0x8
 640 019d 38       		.byte	0x38
 641 019e 00       		.byte	0
 642 019f 08       		.uleb128 0x8
 643 01a0 B0000000 		.4byte	.LVL12
 644 01a4 0E040000 		.4byte	0x40e
 645 01a8 B3010000 		.4byte	0x1b3
 646 01ac 09       		.uleb128 0x9
 647 01ad 01       		.uleb128 0x1
 648 01ae 50       		.byte	0x50
 649 01af 02       		.uleb128 0x2
 650 01b0 08       		.byte	0x8
 651 01b1 39       		.byte	0x39
 652 01b2 00       		.byte	0
 653 01b3 08       		.uleb128 0x8
 654 01b4 BE000000 		.4byte	.LVL13
 655 01b8 0E040000 		.4byte	0x40e
 656 01bc C7010000 		.4byte	0x1c7
 657 01c0 09       		.uleb128 0x9
 658 01c1 01       		.uleb128 0x1
 659 01c2 50       		.byte	0x50
 660 01c3 02       		.uleb128 0x2
 661 01c4 08       		.byte	0x8
 662 01c5 43       		.byte	0x43
 663 01c6 00       		.byte	0
 664 01c7 08       		.uleb128 0x8
 665 01c8 CC000000 		.4byte	.LVL14
 666 01cc 0E040000 		.4byte	0x40e
 667 01d0 DB010000 		.4byte	0x1db
 668 01d4 09       		.uleb128 0x9
 669 01d5 01       		.uleb128 0x1
 670 01d6 50       		.byte	0x50
 671 01d7 02       		.uleb128 0x2
 672 01d8 08       		.byte	0x8
ARM GAS  C:\Users\adria\AppData\Local\Temp\ccvzgHfO.s 			page 15


 673 01d9 2A       		.byte	0x2a
 674 01da 00       		.byte	0
 675 01db 08       		.uleb128 0x8
 676 01dc DA000000 		.4byte	.LVL15
 677 01e0 0E040000 		.4byte	0x40e
 678 01e4 EF010000 		.4byte	0x1ef
 679 01e8 09       		.uleb128 0x9
 680 01e9 01       		.uleb128 0x1
 681 01ea 50       		.byte	0x50
 682 01eb 02       		.uleb128 0x2
 683 01ec 08       		.byte	0x8
 684 01ed 30       		.byte	0x30
 685 01ee 00       		.byte	0
 686 01ef 08       		.uleb128 0x8
 687 01f0 E8000000 		.4byte	.LVL16
 688 01f4 0E040000 		.4byte	0x40e
 689 01f8 03020000 		.4byte	0x203
 690 01fc 09       		.uleb128 0x9
 691 01fd 01       		.uleb128 0x1
 692 01fe 50       		.byte	0x50
 693 01ff 02       		.uleb128 0x2
 694 0200 08       		.byte	0x8
 695 0201 23       		.byte	0x23
 696 0202 00       		.byte	0
 697 0203 08       		.uleb128 0x8
 698 0204 F6000000 		.4byte	.LVL17
 699 0208 0E040000 		.4byte	0x40e
 700 020c 17020000 		.4byte	0x217
 701 0210 09       		.uleb128 0x9
 702 0211 01       		.uleb128 0x1
 703 0212 50       		.byte	0x50
 704 0213 02       		.uleb128 0x2
 705 0214 08       		.byte	0x8
 706 0215 44       		.byte	0x44
 707 0216 00       		.byte	0
 708 0217 08       		.uleb128 0x8
 709 0218 FE000000 		.4byte	.LVL18
 710 021c 19040000 		.4byte	0x419
 711 0220 2A020000 		.4byte	0x22a
 712 0224 09       		.uleb128 0x9
 713 0225 01       		.uleb128 0x1
 714 0226 50       		.byte	0x50
 715 0227 01       		.uleb128 0x1
 716 0228 3A       		.byte	0x3a
 717 0229 00       		.byte	0
 718 022a 07       		.uleb128 0x7
 719 022b 02010000 		.4byte	.LVL19
 720 022f F8030000 		.4byte	0x3f8
 721 0233 07       		.uleb128 0x7
 722 0234 0A010000 		.4byte	.LVL20
 723 0238 24040000 		.4byte	0x424
 724 023c 00       		.byte	0
 725 023d 0A       		.uleb128 0xa
 726 023e 35000000 		.4byte	.LASF17
 727 0242 01       		.byte	0x1
 728 0243 0A       		.byte	0xa
 729 0244 00000000 		.4byte	.LFB64
ARM GAS  C:\Users\adria\AppData\Local\Temp\ccvzgHfO.s 			page 16


 730 0248 5C000000 		.4byte	.LFE64-.LFB64
 731 024c 01       		.uleb128 0x1
 732 024d 9C       		.byte	0x9c
 733 024e F4020000 		.4byte	0x2f4
 734 0252 07       		.uleb128 0x7
 735 0253 06000000 		.4byte	.LVL21
 736 0257 2F040000 		.4byte	0x42f
 737 025b 08       		.uleb128 0x8
 738 025c 14000000 		.4byte	.LVL22
 739 0260 3A040000 		.4byte	0x43a
 740 0264 6E020000 		.4byte	0x26e
 741 0268 09       		.uleb128 0x9
 742 0269 01       		.uleb128 0x1
 743 026a 50       		.byte	0x50
 744 026b 01       		.uleb128 0x1
 745 026c 3E       		.byte	0x3e
 746 026d 00       		.byte	0
 747 026e 08       		.uleb128 0x8
 748 026f 1A000000 		.4byte	.LVL23
 749 0273 0E040000 		.4byte	0x40e
 750 0277 82020000 		.4byte	0x282
 751 027b 09       		.uleb128 0x9
 752 027c 01       		.uleb128 0x1
 753 027d 50       		.byte	0x50
 754 027e 02       		.uleb128 0x2
 755 027f 08       		.byte	0x8
 756 0280 31       		.byte	0x31
 757 0281 00       		.byte	0
 758 0282 08       		.uleb128 0x8
 759 0283 28000000 		.4byte	.LVL24
 760 0287 3A040000 		.4byte	0x43a
 761 028b 95020000 		.4byte	0x295
 762 028f 09       		.uleb128 0x9
 763 0290 01       		.uleb128 0x1
 764 0291 50       		.byte	0x50
 765 0292 01       		.uleb128 0x1
 766 0293 3D       		.byte	0x3d
 767 0294 00       		.byte	0
 768 0295 08       		.uleb128 0x8
 769 0296 2E000000 		.4byte	.LVL25
 770 029a 0E040000 		.4byte	0x40e
 771 029e A9020000 		.4byte	0x2a9
 772 02a2 09       		.uleb128 0x9
 773 02a3 01       		.uleb128 0x1
 774 02a4 50       		.byte	0x50
 775 02a5 02       		.uleb128 0x2
 776 02a6 08       		.byte	0x8
 777 02a7 32       		.byte	0x32
 778 02a8 00       		.byte	0
 779 02a9 08       		.uleb128 0x8
 780 02aa 3C000000 		.4byte	.LVL26
 781 02ae 3A040000 		.4byte	0x43a
 782 02b2 BC020000 		.4byte	0x2bc
 783 02b6 09       		.uleb128 0x9
 784 02b7 01       		.uleb128 0x1
 785 02b8 50       		.byte	0x50
 786 02b9 01       		.uleb128 0x1
ARM GAS  C:\Users\adria\AppData\Local\Temp\ccvzgHfO.s 			page 17


 787 02ba 3B       		.byte	0x3b
 788 02bb 00       		.byte	0
 789 02bc 08       		.uleb128 0x8
 790 02bd 42000000 		.4byte	.LVL27
 791 02c1 0E040000 		.4byte	0x40e
 792 02c5 D0020000 		.4byte	0x2d0
 793 02c9 09       		.uleb128 0x9
 794 02ca 01       		.uleb128 0x1
 795 02cb 50       		.byte	0x50
 796 02cc 02       		.uleb128 0x2
 797 02cd 08       		.byte	0x8
 798 02ce 33       		.byte	0x33
 799 02cf 00       		.byte	0
 800 02d0 08       		.uleb128 0x8
 801 02d1 50000000 		.4byte	.LVL28
 802 02d5 3A040000 		.4byte	0x43a
 803 02d9 E3020000 		.4byte	0x2e3
 804 02dd 09       		.uleb128 0x9
 805 02de 01       		.uleb128 0x1
 806 02df 50       		.byte	0x50
 807 02e0 01       		.uleb128 0x1
 808 02e1 37       		.byte	0x37
 809 02e2 00       		.byte	0
 810 02e3 0B       		.uleb128 0xb
 811 02e4 56000000 		.4byte	.LVL29
 812 02e8 0E040000 		.4byte	0x40e
 813 02ec 09       		.uleb128 0x9
 814 02ed 01       		.uleb128 0x1
 815 02ee 50       		.byte	0x50
 816 02ef 02       		.uleb128 0x2
 817 02f0 08       		.byte	0x8
 818 02f1 34       		.byte	0x34
 819 02f2 00       		.byte	0
 820 02f3 00       		.byte	0
 821 02f4 0A       		.uleb128 0xa
 822 02f5 00000000 		.4byte	.LASF18
 823 02f9 01       		.byte	0x1
 824 02fa 5E       		.byte	0x5e
 825 02fb 00000000 		.4byte	.LFB66
 826 02ff 18000000 		.4byte	.LFE66-.LFB66
 827 0303 01       		.uleb128 0x1
 828 0304 9C       		.byte	0x9c
 829 0305 35030000 		.4byte	0x335
 830 0309 08       		.uleb128 0x8
 831 030a 0A000000 		.4byte	.LVL30
 832 030e 45040000 		.4byte	0x445
 833 0312 21030000 		.4byte	0x321
 834 0316 09       		.uleb128 0x9
 835 0317 01       		.uleb128 0x1
 836 0318 50       		.byte	0x50
 837 0319 01       		.uleb128 0x1
 838 031a 30       		.byte	0x30
 839 031b 09       		.uleb128 0x9
 840 031c 01       		.uleb128 0x1
 841 031d 51       		.byte	0x51
 842 031e 01       		.uleb128 0x1
 843 031f 30       		.byte	0x30
ARM GAS  C:\Users\adria\AppData\Local\Temp\ccvzgHfO.s 			page 18


 844 0320 00       		.byte	0
 845 0321 0B       		.uleb128 0xb
 846 0322 10000000 		.4byte	.LVL31
 847 0326 50040000 		.4byte	0x450
 848 032a 09       		.uleb128 0x9
 849 032b 01       		.uleb128 0x1
 850 032c 50       		.byte	0x50
 851 032d 05       		.uleb128 0x5
 852 032e 03       		.byte	0x3
 853 032f 00000000 		.4byte	.LC0
 854 0333 00       		.byte	0
 855 0334 00       		.byte	0
 856 0335 0C       		.uleb128 0xc
 857 0336 65010000 		.4byte	.LASF39
 858 033a 01       		.byte	0x1
 859 033b 64       		.byte	0x64
 860 033c 68000000 		.4byte	0x68
 861 0340 00000000 		.4byte	.LFB67
 862 0344 24000000 		.4byte	.LFE67-.LFB67
 863 0348 01       		.uleb128 0x1
 864 0349 9C       		.byte	0x9c
 865 034a 93030000 		.4byte	0x393
 866 034e 07       		.uleb128 0x7
 867 034f 08000000 		.4byte	.LVL32
 868 0353 5B040000 		.4byte	0x45b
 869 0357 07       		.uleb128 0x7
 870 0358 0C000000 		.4byte	.LVL33
 871 035c 66040000 		.4byte	0x466
 872 0360 07       		.uleb128 0x7
 873 0361 10000000 		.4byte	.LVL34
 874 0365 71040000 		.4byte	0x471
 875 0369 08       		.uleb128 0x8
 876 036a 16000000 		.4byte	.LVL35
 877 036e 7C040000 		.4byte	0x47c
 878 0372 80030000 		.4byte	0x380
 879 0376 09       		.uleb128 0x9
 880 0377 01       		.uleb128 0x1
 881 0378 50       		.byte	0x50
 882 0379 05       		.uleb128 0x5
 883 037a 03       		.byte	0x3
 884 037b 00000000 		.4byte	INT_KB
 885 037f 00       		.byte	0
 886 0380 07       		.uleb128 0x7
 887 0381 1A000000 		.4byte	.LVL36
 888 0385 F4020000 		.4byte	0x2f4
 889 0389 07       		.uleb128 0x7
 890 038a 1E000000 		.4byte	.LVL37
 891 038e 3D020000 		.4byte	0x23d
 892 0392 00       		.byte	0
 893 0393 0D       		.uleb128 0xd
 894 0394 31010000 		.4byte	.LASF19
 895 0398 05       		.byte	0x5
 896 0399 1207     		.2byte	0x712
 897 039b 9F030000 		.4byte	0x39f
 898 039f 0E       		.uleb128 0xe
 899 03a0 76000000 		.4byte	0x76
 900 03a4 0F       		.uleb128 0xf
ARM GAS  C:\Users\adria\AppData\Local\Temp\ccvzgHfO.s 			page 19


 901 03a5 6B657900 		.ascii	"key\000"
 902 03a9 01       		.byte	0x1
 903 03aa 06       		.byte	0x6
 904 03ab 81000000 		.4byte	0x81
 905 03af 05       		.uleb128 0x5
 906 03b0 03       		.byte	0x3
 907 03b1 00000000 		.4byte	key
 908 03b5 10       		.uleb128 0x10
 909 03b6 16010000 		.4byte	.LASF20
 910 03ba 01       		.byte	0x1
 911 03bb 06       		.byte	0x6
 912 03bc 81000000 		.4byte	0x81
 913 03c0 05       		.uleb128 0x5
 914 03c1 03       		.byte	0x3
 915 03c2 00000000 		.4byte	column
 916 03c6 11       		.uleb128 0x11
 917 03c7 9B000000 		.4byte	0x9b
 918 03cb D6030000 		.4byte	0x3d6
 919 03cf 12       		.uleb128 0x12
 920 03d0 A9000000 		.4byte	0xa9
 921 03d4 0F       		.byte	0xf
 922 03d5 00       		.byte	0
 923 03d6 0F       		.uleb128 0xf
 924 03d7 73747200 		.ascii	"str\000"
 925 03db 01       		.byte	0x1
 926 03dc 07       		.byte	0x7
 927 03dd C6030000 		.4byte	0x3c6
 928 03e1 05       		.uleb128 0x5
 929 03e2 03       		.byte	0x3
 930 03e3 00000000 		.4byte	str
 931 03e7 10       		.uleb128 0x10
 932 03e8 FB000000 		.4byte	.LASF21
 933 03ec 01       		.byte	0x1
 934 03ed 08       		.byte	0x8
 935 03ee 81000000 		.4byte	0x81
 936 03f2 05       		.uleb128 0x5
 937 03f3 03       		.byte	0x3
 938 03f4 00000000 		.4byte	contador
 939 03f8 13       		.uleb128 0x13
 940 03f9 FE010000 		.4byte	.LASF22
 941 03fd FE010000 		.4byte	.LASF22
 942 0401 06       		.byte	0x6
 943 0402 29       		.byte	0x29
 944 0403 13       		.uleb128 0x13
 945 0404 57020000 		.4byte	.LASF23
 946 0408 57020000 		.4byte	.LASF23
 947 040c 07       		.byte	0x7
 948 040d 29       		.byte	0x29
 949 040e 13       		.uleb128 0x13
 950 040f B7010000 		.4byte	.LASF24
 951 0413 B7010000 		.4byte	.LASF24
 952 0417 08       		.byte	0x8
 953 0418 3E       		.byte	0x3e
 954 0419 13       		.uleb128 0x13
 955 041a 64020000 		.4byte	.LASF25
 956 041e 64020000 		.4byte	.LASF25
 957 0422 09       		.byte	0x9
ARM GAS  C:\Users\adria\AppData\Local\Temp\ccvzgHfO.s 			page 20


 958 0423 76       		.byte	0x76
 959 0424 13       		.uleb128 0x13
 960 0425 4B000000 		.4byte	.LASF26
 961 0429 4B000000 		.4byte	.LASF26
 962 042d 06       		.byte	0x6
 963 042e 2B       		.byte	0x2b
 964 042f 13       		.uleb128 0x13
 965 0430 1D010000 		.4byte	.LASF27
 966 0434 1D010000 		.4byte	.LASF27
 967 0438 0A       		.byte	0xa
 968 0439 5D       		.byte	0x5d
 969 043a 13       		.uleb128 0x13
 970 043b 6C020000 		.4byte	.LASF28
 971 043f 6C020000 		.4byte	.LASF28
 972 0443 07       		.byte	0x7
 973 0444 26       		.byte	0x26
 974 0445 13       		.uleb128 0x13
 975 0446 AA010000 		.4byte	.LASF29
 976 044a AA010000 		.4byte	.LASF29
 977 044e 08       		.byte	0x8
 978 044f 3D       		.byte	0x3d
 979 0450 13       		.uleb128 0x13
 980 0451 6A010000 		.4byte	.LASF30
 981 0455 6A010000 		.4byte	.LASF30
 982 0459 08       		.byte	0x8
 983 045a 3C       		.byte	0x3c
 984 045b 13       		.uleb128 0x13
 985 045c 41000000 		.4byte	.LASF31
 986 0460 41000000 		.4byte	.LASF31
 987 0464 08       		.byte	0x8
 988 0465 38       		.byte	0x38
 989 0466 13       		.uleb128 0x13
 990 0467 7A010000 		.4byte	.LASF32
 991 046b 7A010000 		.4byte	.LASF32
 992 046f 0B       		.byte	0xb
 993 0470 5A       		.byte	0x5a
 994 0471 13       		.uleb128 0x13
 995 0472 50010000 		.4byte	.LASF33
 996 0476 50010000 		.4byte	.LASF33
 997 047a 0A       		.byte	0xa
 998 047b 4F       		.byte	0x4f
 999 047c 13       		.uleb128 0x13
 1000 047d 3E010000 		.4byte	.LASF34
 1001 0481 3E010000 		.4byte	.LASF34
 1002 0485 0C       		.byte	0xc
 1003 0486 18       		.byte	0x18
 1004 0487 00       		.byte	0
 1005              		.section	.debug_abbrev,"",%progbits
 1006              	.Ldebug_abbrev0:
 1007 0000 01       		.uleb128 0x1
 1008 0001 11       		.uleb128 0x11
 1009 0002 01       		.byte	0x1
 1010 0003 25       		.uleb128 0x25
 1011 0004 0E       		.uleb128 0xe
 1012 0005 13       		.uleb128 0x13
 1013 0006 0B       		.uleb128 0xb
 1014 0007 03       		.uleb128 0x3
ARM GAS  C:\Users\adria\AppData\Local\Temp\ccvzgHfO.s 			page 21


 1015 0008 0E       		.uleb128 0xe
 1016 0009 1B       		.uleb128 0x1b
 1017 000a 0E       		.uleb128 0xe
 1018 000b 55       		.uleb128 0x55
 1019 000c 17       		.uleb128 0x17
 1020 000d 11       		.uleb128 0x11
 1021 000e 01       		.uleb128 0x1
 1022 000f 10       		.uleb128 0x10
 1023 0010 17       		.uleb128 0x17
 1024 0011 00       		.byte	0
 1025 0012 00       		.byte	0
 1026 0013 02       		.uleb128 0x2
 1027 0014 24       		.uleb128 0x24
 1028 0015 00       		.byte	0
 1029 0016 0B       		.uleb128 0xb
 1030 0017 0B       		.uleb128 0xb
 1031 0018 3E       		.uleb128 0x3e
 1032 0019 0B       		.uleb128 0xb
 1033 001a 03       		.uleb128 0x3
 1034 001b 0E       		.uleb128 0xe
 1035 001c 00       		.byte	0
 1036 001d 00       		.byte	0
 1037 001e 03       		.uleb128 0x3
 1038 001f 16       		.uleb128 0x16
 1039 0020 00       		.byte	0
 1040 0021 03       		.uleb128 0x3
 1041 0022 0E       		.uleb128 0xe
 1042 0023 3A       		.uleb128 0x3a
 1043 0024 0B       		.uleb128 0xb
 1044 0025 3B       		.uleb128 0x3b
 1045 0026 0B       		.uleb128 0xb
 1046 0027 49       		.uleb128 0x49
 1047 0028 13       		.uleb128 0x13
 1048 0029 00       		.byte	0
 1049 002a 00       		.byte	0
 1050 002b 04       		.uleb128 0x4
 1051 002c 24       		.uleb128 0x24
 1052 002d 00       		.byte	0
 1053 002e 0B       		.uleb128 0xb
 1054 002f 0B       		.uleb128 0xb
 1055 0030 3E       		.uleb128 0x3e
 1056 0031 0B       		.uleb128 0xb
 1057 0032 03       		.uleb128 0x3
 1058 0033 08       		.uleb128 0x8
 1059 0034 00       		.byte	0
 1060 0035 00       		.byte	0
 1061 0036 05       		.uleb128 0x5
 1062 0037 16       		.uleb128 0x16
 1063 0038 00       		.byte	0
 1064 0039 03       		.uleb128 0x3
 1065 003a 0E       		.uleb128 0xe
 1066 003b 3A       		.uleb128 0x3a
 1067 003c 0B       		.uleb128 0xb
 1068 003d 3B       		.uleb128 0x3b
 1069 003e 05       		.uleb128 0x5
 1070 003f 49       		.uleb128 0x49
 1071 0040 13       		.uleb128 0x13
ARM GAS  C:\Users\adria\AppData\Local\Temp\ccvzgHfO.s 			page 22


 1072 0041 00       		.byte	0
 1073 0042 00       		.byte	0
 1074 0043 06       		.uleb128 0x6
 1075 0044 2E       		.uleb128 0x2e
 1076 0045 01       		.byte	0x1
 1077 0046 3F       		.uleb128 0x3f
 1078 0047 19       		.uleb128 0x19
 1079 0048 03       		.uleb128 0x3
 1080 0049 0E       		.uleb128 0xe
 1081 004a 3A       		.uleb128 0x3a
 1082 004b 0B       		.uleb128 0xb
 1083 004c 3B       		.uleb128 0x3b
 1084 004d 0B       		.uleb128 0xb
 1085 004e 27       		.uleb128 0x27
 1086 004f 19       		.uleb128 0x19
 1087 0050 11       		.uleb128 0x11
 1088 0051 01       		.uleb128 0x1
 1089 0052 12       		.uleb128 0x12
 1090 0053 06       		.uleb128 0x6
 1091 0054 40       		.uleb128 0x40
 1092 0055 18       		.uleb128 0x18
 1093 0056 9742     		.uleb128 0x2117
 1094 0058 19       		.uleb128 0x19
 1095 0059 01       		.uleb128 0x1
 1096 005a 13       		.uleb128 0x13
 1097 005b 00       		.byte	0
 1098 005c 00       		.byte	0
 1099 005d 07       		.uleb128 0x7
 1100 005e 898201   		.uleb128 0x4109
 1101 0061 00       		.byte	0
 1102 0062 11       		.uleb128 0x11
 1103 0063 01       		.uleb128 0x1
 1104 0064 31       		.uleb128 0x31
 1105 0065 13       		.uleb128 0x13
 1106 0066 00       		.byte	0
 1107 0067 00       		.byte	0
 1108 0068 08       		.uleb128 0x8
 1109 0069 898201   		.uleb128 0x4109
 1110 006c 01       		.byte	0x1
 1111 006d 11       		.uleb128 0x11
 1112 006e 01       		.uleb128 0x1
 1113 006f 31       		.uleb128 0x31
 1114 0070 13       		.uleb128 0x13
 1115 0071 01       		.uleb128 0x1
 1116 0072 13       		.uleb128 0x13
 1117 0073 00       		.byte	0
 1118 0074 00       		.byte	0
 1119 0075 09       		.uleb128 0x9
 1120 0076 8A8201   		.uleb128 0x410a
 1121 0079 00       		.byte	0
 1122 007a 02       		.uleb128 0x2
 1123 007b 18       		.uleb128 0x18
 1124 007c 9142     		.uleb128 0x2111
 1125 007e 18       		.uleb128 0x18
 1126 007f 00       		.byte	0
 1127 0080 00       		.byte	0
 1128 0081 0A       		.uleb128 0xa
ARM GAS  C:\Users\adria\AppData\Local\Temp\ccvzgHfO.s 			page 23


 1129 0082 2E       		.uleb128 0x2e
 1130 0083 01       		.byte	0x1
 1131 0084 3F       		.uleb128 0x3f
 1132 0085 19       		.uleb128 0x19
 1133 0086 03       		.uleb128 0x3
 1134 0087 0E       		.uleb128 0xe
 1135 0088 3A       		.uleb128 0x3a
 1136 0089 0B       		.uleb128 0xb
 1137 008a 3B       		.uleb128 0x3b
 1138 008b 0B       		.uleb128 0xb
 1139 008c 11       		.uleb128 0x11
 1140 008d 01       		.uleb128 0x1
 1141 008e 12       		.uleb128 0x12
 1142 008f 06       		.uleb128 0x6
 1143 0090 40       		.uleb128 0x40
 1144 0091 18       		.uleb128 0x18
 1145 0092 9742     		.uleb128 0x2117
 1146 0094 19       		.uleb128 0x19
 1147 0095 01       		.uleb128 0x1
 1148 0096 13       		.uleb128 0x13
 1149 0097 00       		.byte	0
 1150 0098 00       		.byte	0
 1151 0099 0B       		.uleb128 0xb
 1152 009a 898201   		.uleb128 0x4109
 1153 009d 01       		.byte	0x1
 1154 009e 11       		.uleb128 0x11
 1155 009f 01       		.uleb128 0x1
 1156 00a0 31       		.uleb128 0x31
 1157 00a1 13       		.uleb128 0x13
 1158 00a2 00       		.byte	0
 1159 00a3 00       		.byte	0
 1160 00a4 0C       		.uleb128 0xc
 1161 00a5 2E       		.uleb128 0x2e
 1162 00a6 01       		.byte	0x1
 1163 00a7 3F       		.uleb128 0x3f
 1164 00a8 19       		.uleb128 0x19
 1165 00a9 03       		.uleb128 0x3
 1166 00aa 0E       		.uleb128 0xe
 1167 00ab 3A       		.uleb128 0x3a
 1168 00ac 0B       		.uleb128 0xb
 1169 00ad 3B       		.uleb128 0x3b
 1170 00ae 0B       		.uleb128 0xb
 1171 00af 27       		.uleb128 0x27
 1172 00b0 19       		.uleb128 0x19
 1173 00b1 49       		.uleb128 0x49
 1174 00b2 13       		.uleb128 0x13
 1175 00b3 8701     		.uleb128 0x87
 1176 00b5 19       		.uleb128 0x19
 1177 00b6 11       		.uleb128 0x11
 1178 00b7 01       		.uleb128 0x1
 1179 00b8 12       		.uleb128 0x12
 1180 00b9 06       		.uleb128 0x6
 1181 00ba 40       		.uleb128 0x40
 1182 00bb 18       		.uleb128 0x18
 1183 00bc 9742     		.uleb128 0x2117
 1184 00be 19       		.uleb128 0x19
 1185 00bf 01       		.uleb128 0x1
ARM GAS  C:\Users\adria\AppData\Local\Temp\ccvzgHfO.s 			page 24


 1186 00c0 13       		.uleb128 0x13
 1187 00c1 00       		.byte	0
 1188 00c2 00       		.byte	0
 1189 00c3 0D       		.uleb128 0xd
 1190 00c4 34       		.uleb128 0x34
 1191 00c5 00       		.byte	0
 1192 00c6 03       		.uleb128 0x3
 1193 00c7 0E       		.uleb128 0xe
 1194 00c8 3A       		.uleb128 0x3a
 1195 00c9 0B       		.uleb128 0xb
 1196 00ca 3B       		.uleb128 0x3b
 1197 00cb 05       		.uleb128 0x5
 1198 00cc 49       		.uleb128 0x49
 1199 00cd 13       		.uleb128 0x13
 1200 00ce 3F       		.uleb128 0x3f
 1201 00cf 19       		.uleb128 0x19
 1202 00d0 3C       		.uleb128 0x3c
 1203 00d1 19       		.uleb128 0x19
 1204 00d2 00       		.byte	0
 1205 00d3 00       		.byte	0
 1206 00d4 0E       		.uleb128 0xe
 1207 00d5 35       		.uleb128 0x35
 1208 00d6 00       		.byte	0
 1209 00d7 49       		.uleb128 0x49
 1210 00d8 13       		.uleb128 0x13
 1211 00d9 00       		.byte	0
 1212 00da 00       		.byte	0
 1213 00db 0F       		.uleb128 0xf
 1214 00dc 34       		.uleb128 0x34
 1215 00dd 00       		.byte	0
 1216 00de 03       		.uleb128 0x3
 1217 00df 08       		.uleb128 0x8
 1218 00e0 3A       		.uleb128 0x3a
 1219 00e1 0B       		.uleb128 0xb
 1220 00e2 3B       		.uleb128 0x3b
 1221 00e3 0B       		.uleb128 0xb
 1222 00e4 49       		.uleb128 0x49
 1223 00e5 13       		.uleb128 0x13
 1224 00e6 3F       		.uleb128 0x3f
 1225 00e7 19       		.uleb128 0x19
 1226 00e8 02       		.uleb128 0x2
 1227 00e9 18       		.uleb128 0x18
 1228 00ea 00       		.byte	0
 1229 00eb 00       		.byte	0
 1230 00ec 10       		.uleb128 0x10
 1231 00ed 34       		.uleb128 0x34
 1232 00ee 00       		.byte	0
 1233 00ef 03       		.uleb128 0x3
 1234 00f0 0E       		.uleb128 0xe
 1235 00f1 3A       		.uleb128 0x3a
 1236 00f2 0B       		.uleb128 0xb
 1237 00f3 3B       		.uleb128 0x3b
 1238 00f4 0B       		.uleb128 0xb
 1239 00f5 49       		.uleb128 0x49
 1240 00f6 13       		.uleb128 0x13
 1241 00f7 3F       		.uleb128 0x3f
 1242 00f8 19       		.uleb128 0x19
ARM GAS  C:\Users\adria\AppData\Local\Temp\ccvzgHfO.s 			page 25


 1243 00f9 02       		.uleb128 0x2
 1244 00fa 18       		.uleb128 0x18
 1245 00fb 00       		.byte	0
 1246 00fc 00       		.byte	0
 1247 00fd 11       		.uleb128 0x11
 1248 00fe 01       		.uleb128 0x1
 1249 00ff 01       		.byte	0x1
 1250 0100 49       		.uleb128 0x49
 1251 0101 13       		.uleb128 0x13
 1252 0102 01       		.uleb128 0x1
 1253 0103 13       		.uleb128 0x13
 1254 0104 00       		.byte	0
 1255 0105 00       		.byte	0
 1256 0106 12       		.uleb128 0x12
 1257 0107 21       		.uleb128 0x21
 1258 0108 00       		.byte	0
 1259 0109 49       		.uleb128 0x49
 1260 010a 13       		.uleb128 0x13
 1261 010b 2F       		.uleb128 0x2f
 1262 010c 0B       		.uleb128 0xb
 1263 010d 00       		.byte	0
 1264 010e 00       		.byte	0
 1265 010f 13       		.uleb128 0x13
 1266 0110 2E       		.uleb128 0x2e
 1267 0111 00       		.byte	0
 1268 0112 3F       		.uleb128 0x3f
 1269 0113 19       		.uleb128 0x19
 1270 0114 3C       		.uleb128 0x3c
 1271 0115 19       		.uleb128 0x19
 1272 0116 6E       		.uleb128 0x6e
 1273 0117 0E       		.uleb128 0xe
 1274 0118 03       		.uleb128 0x3
 1275 0119 0E       		.uleb128 0xe
 1276 011a 3A       		.uleb128 0x3a
 1277 011b 0B       		.uleb128 0xb
 1278 011c 3B       		.uleb128 0x3b
 1279 011d 0B       		.uleb128 0xb
 1280 011e 00       		.byte	0
 1281 011f 00       		.byte	0
 1282 0120 00       		.byte	0
 1283              		.section	.debug_aranges,"",%progbits
 1284 0000 34000000 		.4byte	0x34
 1285 0004 0200     		.2byte	0x2
 1286 0006 00000000 		.4byte	.Ldebug_info0
 1287 000a 04       		.byte	0x4
 1288 000b 00       		.byte	0
 1289 000c 0000     		.2byte	0
 1290 000e 0000     		.2byte	0
 1291 0010 00000000 		.4byte	.LFB65
 1292 0014 14010000 		.4byte	.LFE65-.LFB65
 1293 0018 00000000 		.4byte	.LFB64
 1294 001c 5C000000 		.4byte	.LFE64-.LFB64
 1295 0020 00000000 		.4byte	.LFB66
 1296 0024 18000000 		.4byte	.LFE66-.LFB66
 1297 0028 00000000 		.4byte	.LFB67
 1298 002c 24000000 		.4byte	.LFE67-.LFB67
 1299 0030 00000000 		.4byte	0
ARM GAS  C:\Users\adria\AppData\Local\Temp\ccvzgHfO.s 			page 26


 1300 0034 00000000 		.4byte	0
 1301              		.section	.debug_ranges,"",%progbits
 1302              	.Ldebug_ranges0:
 1303 0000 00000000 		.4byte	.LFB65
 1304 0004 14010000 		.4byte	.LFE65
 1305 0008 00000000 		.4byte	.LFB64
 1306 000c 5C000000 		.4byte	.LFE64
 1307 0010 00000000 		.4byte	.LFB66
 1308 0014 18000000 		.4byte	.LFE66
 1309 0018 00000000 		.4byte	.LFB67
 1310 001c 24000000 		.4byte	.LFE67
 1311 0020 00000000 		.4byte	0
 1312 0024 00000000 		.4byte	0
 1313              		.section	.debug_line,"",%progbits
 1314              	.Ldebug_line0:
 1315 0000 23020000 		.section	.debug_str,"MS",%progbits,1
 1315      02009E01 
 1315      00000201 
 1315      FB0E0D00 
 1315      01010101 
 1316              	.LASF18:
 1317 0000 6D657373 		.ascii	"message\000"
 1317      61676500 
 1318              	.LASF38:
 1319 0008 494E545F 		.ascii	"INT_KB\000"
 1319      4B4200
 1320              	.LASF9:
 1321 000f 5F5F696E 		.ascii	"__int32_t\000"
 1321      7433325F 
 1321      7400
 1322              	.LASF4:
 1323 0019 6C6F6E67 		.ascii	"long int\000"
 1323      20696E74 
 1323      00
 1324              	.LASF3:
 1325 0022 73686F72 		.ascii	"short unsigned int\000"
 1325      7420756E 
 1325      7369676E 
 1325      65642069 
 1325      6E7400
 1326              	.LASF17:
 1327 0035 52656C6F 		.ascii	"Reloj\000"
 1327      6A00
 1328              	.LASF12:
 1329 003b 666C6F61 		.ascii	"float\000"
 1329      7400
 1330              	.LASF31:
 1331 0041 4C43445F 		.ascii	"LCD_Start\000"
 1331      53746172 
 1331      7400
 1332              	.LASF26:
 1333 004b 526F7773 		.ascii	"Rows_ClearInterrupt\000"
 1333      5F436C65 
 1333      6172496E 
 1333      74657272 
 1333      75707400 
 1334              	.LASF1:
ARM GAS  C:\Users\adria\AppData\Local\Temp\ccvzgHfO.s 			page 27


 1335 005f 756E7369 		.ascii	"unsigned char\000"
 1335      676E6564 
 1335      20636861 
 1335      7200
 1336              	.LASF35:
 1337 006d 474E5520 		.ascii	"GNU C11 5.4.1 20160609 (release) [ARM/embedded-5-br"
 1337      43313120 
 1337      352E342E 
 1337      31203230 
 1337      31363036 
 1338 00a0 616E6368 		.ascii	"anch revision 237715] -mcpu=cortex-m3 -mthumb -g -O"
 1338      20726576 
 1338      6973696F 
 1338      6E203233 
 1338      37373135 
 1339 00d3 67202D66 		.ascii	"g -ffunction-sections -ffat-lto-objects\000"
 1339      66756E63 
 1339      74696F6E 
 1339      2D736563 
 1339      74696F6E 
 1340              	.LASF21:
 1341 00fb 636F6E74 		.ascii	"contador\000"
 1341      61646F72 
 1341      00
 1342              	.LASF5:
 1343 0104 6C6F6E67 		.ascii	"long unsigned int\000"
 1343      20756E73 
 1343      69676E65 
 1343      6420696E 
 1343      7400
 1344              	.LASF20:
 1345 0116 636F6C75 		.ascii	"column\000"
 1345      6D6E00
 1346              	.LASF27:
 1347 011d 436F756E 		.ascii	"Counter_ReadCounter\000"
 1347      7465725F 
 1347      52656164 
 1347      436F756E 
 1347      74657200 
 1348              	.LASF19:
 1349 0131 49544D5F 		.ascii	"ITM_RxBuffer\000"
 1349      52784275 
 1349      66666572 
 1349      00
 1350              	.LASF34:
 1351 013e 6973725F 		.ascii	"isr_Start_StartEx\000"
 1351      53746172 
 1351      745F5374 
 1351      61727445 
 1351      7800
 1352              	.LASF33:
 1353 0150 436F756E 		.ascii	"Counter_Start\000"
 1353      7465725F 
 1353      53746172 
 1353      7400
 1354              	.LASF13:
 1355 015e 646F7562 		.ascii	"double\000"
ARM GAS  C:\Users\adria\AppData\Local\Temp\ccvzgHfO.s 			page 28


 1355      6C6500
 1356              	.LASF39:
 1357 0165 6D61696E 		.ascii	"main\000"
 1357      00
 1358              	.LASF30:
 1359 016a 4C43445F 		.ascii	"LCD_PrintString\000"
 1359      5072696E 
 1359      74537472 
 1359      696E6700 
 1360              	.LASF32:
 1361 017a 54696D65 		.ascii	"Timer_Start\000"
 1361      725F5374 
 1361      61727400 
 1362              	.LASF8:
 1363 0186 756E7369 		.ascii	"unsigned int\000"
 1363      676E6564 
 1363      20696E74 
 1363      00
 1364              	.LASF7:
 1365 0193 6C6F6E67 		.ascii	"long long unsigned int\000"
 1365      206C6F6E 
 1365      6720756E 
 1365      7369676E 
 1365      65642069 
 1366              	.LASF29:
 1367 01aa 4C43445F 		.ascii	"LCD_Position\000"
 1367      506F7369 
 1367      74696F6E 
 1367      00
 1368              	.LASF24:
 1369 01b7 4C43445F 		.ascii	"LCD_PutChar\000"
 1369      50757443 
 1369      68617200 
 1370              	.LASF10:
 1371 01c3 696E7433 		.ascii	"int32_t\000"
 1371      325F7400 
 1372              	.LASF16:
 1373 01cb 73697A65 		.ascii	"sizetype\000"
 1373      74797065 
 1373      00
 1374              	.LASF6:
 1375 01d4 6C6F6E67 		.ascii	"long long int\000"
 1375      206C6F6E 
 1375      6720696E 
 1375      7400
 1376              	.LASF36:
 1377 01e2 6D61696E 		.ascii	"main.c\000"
 1377      2E6300
 1378              	.LASF14:
 1379 01e9 63686172 		.ascii	"char\000"
 1379      00
 1380              	.LASF2:
 1381 01ee 73686F72 		.ascii	"short int\000"
 1381      7420696E 
 1381      7400
 1382              	.LASF11:
 1383 01f8 75696E74 		.ascii	"uint8\000"
ARM GAS  C:\Users\adria\AppData\Local\Temp\ccvzgHfO.s 			page 29


 1383      3800
 1384              	.LASF22:
 1385 01fe 526F7773 		.ascii	"Rows_Read\000"
 1385      5F526561 
 1385      6400
 1386              	.LASF37:
 1387 0208 443A5C50 		.ascii	"D:\\Projects\\PSoC\\AdvancedMicrocontrollers\\Matri"
 1387      726F6A65 
 1387      6374735C 
 1387      50536F43 
 1387      5C416476 
 1388 0237 782E6379 		.ascii	"x.cydsn\000"
 1388      64736E00 
 1389              	.LASF15:
 1390 023f 6C6F6E67 		.ascii	"long double\000"
 1390      20646F75 
 1390      626C6500 
 1391              	.LASF0:
 1392 024b 7369676E 		.ascii	"signed char\000"
 1392      65642063 
 1392      68617200 
 1393              	.LASF23:
 1394 0257 436F6C75 		.ascii	"Columns_Read\000"
 1394      6D6E735F 
 1394      52656164 
 1394      00
 1395              	.LASF25:
 1396 0264 43794465 		.ascii	"CyDelay\000"
 1396      6C617900 
 1397              	.LASF28:
 1398 026c 436F6C75 		.ascii	"Columns_Write\000"
 1398      6D6E735F 
 1398      57726974 
 1398      6500
 1399              		.ident	"GCC: (GNU Tools for ARM Embedded Processors) 5.4.1 20160609 (release) [ARM/embedded-5-bran
