ARM GAS  C:\Users\adria\AppData\Local\Temp\ccN1WMaz.s 			page 1


   1              		.syntax unified
   2              		.cpu cortex-m3
   3              		.fpu softvfp
   4              		.eabi_attribute 20, 1
   5              		.eabi_attribute 21, 1
   6              		.eabi_attribute 23, 3
   7              		.eabi_attribute 24, 1
   8              		.eabi_attribute 25, 1
   9              		.eabi_attribute 26, 1
  10              		.eabi_attribute 30, 4
  11              		.eabi_attribute 34, 1
  12              		.eabi_attribute 18, 4
  13              		.thumb
  14              		.syntax unified
  15              		.file	"cymetadata.c"
  16              		.text
  17              	.Ltext0:
  18              		.cfi_sections	.debug_frame
  19              		.global	cy_metadata
  20              		.global	cy_meta_flashprotect
  21              		.global	cy_meta_wonvl
  22              		.global	cy_meta_custnvl
  23              		.global	cy_meta_configecc
  24              		.section	.cyconfigecc,"a",%progbits
  25              		.type	cy_meta_configecc, %object
  26              		.size	cy_meta_configecc, 864
  27              	cy_meta_configecc:
  28 0000 02       		.byte	2
  29 0001 4F       		.byte	79
  30 0002 00       		.byte	0
  31 0003 40       		.byte	64
  32 0004 03       		.byte	3
  33 0005 65       		.byte	101
  34 0006 00       		.byte	0
  35 0007 40       		.byte	64
  36 0008 01       		.byte	1
  37 0009 15       		.byte	21
  38 000a 01       		.byte	1
  39 000b 40       		.byte	64
  40 000c 01       		.byte	1
  41 000d 17       		.byte	23
  42 000e 01       		.byte	1
  43 000f 40       		.byte	64
  44 0010 15       		.byte	21
  45 0011 18       		.byte	24
  46 0012 01       		.byte	1
  47 0013 40       		.byte	64
  48 0014 3F       		.byte	63
  49 0015 19       		.byte	25
  50 0016 01       		.byte	1
  51 0017 40       		.byte	64
  52 0018 6D       		.byte	109
  53 0019 1A       		.byte	26
  54 001a 01       		.byte	1
  55 001b 40       		.byte	64
  56 001c 4A       		.byte	74
  57 001d 1B       		.byte	27
ARM GAS  C:\Users\adria\AppData\Local\Temp\ccN1WMaz.s 			page 2


  58 001e 01       		.byte	1
  59 001f 40       		.byte	64
  60 0020 03       		.byte	3
  61 0021 40       		.byte	64
  62 0022 01       		.byte	1
  63 0023 40       		.byte	64
  64 0024 02       		.byte	2
  65 0025 41       		.byte	65
  66 0026 01       		.byte	1
  67 0027 40       		.byte	64
  68 0028 04       		.byte	4
  69 0029 42       		.byte	66
  70 002a 01       		.byte	1
  71 002b 40       		.byte	64
  72 002c 01       		.byte	1
  73 002d 43       		.byte	67
  74 002e 01       		.byte	1
  75 002f 40       		.byte	64
  76 0030 05       		.byte	5
  77 0031 48       		.byte	72
  78 0032 01       		.byte	1
  79 0033 40       		.byte	64
  80 0034 03       		.byte	3
  81 0035 49       		.byte	73
  82 0036 01       		.byte	1
  83 0037 40       		.byte	64
  84 0038 08       		.byte	8
  85 0039 4D       		.byte	77
  86 003a 01       		.byte	1
  87 003b 40       		.byte	64
  88 003c 02       		.byte	2
  89 003d 50       		.byte	80
  90 003e 01       		.byte	1
  91 003f 40       		.byte	64
  92 0040 01       		.byte	1
  93 0041 51       		.byte	81
  94 0042 01       		.byte	1
  95 0043 40       		.byte	64
  96 0044 01       		.byte	1
  97 0045 10       		.byte	16
  98 0046 0A       		.byte	10
  99 0047 36       		.byte	54
 100 0048 88       		.byte	-120
 101 0049 72       		.byte	114
 102 004a 89       		.byte	-119
 103 004b 38       		.byte	56
 104 004c 8B       		.byte	-117
 105 004d 0F       		.byte	15
 106 004e E6       		.byte	-26
 107 004f 01       		.byte	1
 108 0050 E2       		.byte	-30
 109 0051 04       		.byte	4
 110 0052 82       		.byte	-126
 111 0053 08       		.byte	8
 112 0054 88       		.byte	-120
 113 0055 04       		.byte	4
 114 0056 8E       		.byte	-114
ARM GAS  C:\Users\adria\AppData\Local\Temp\ccN1WMaz.s 			page 3


 115 0057 08       		.byte	8
 116 0058 96       		.byte	-106
 117 0059 02       		.byte	2
 118 005a 9A       		.byte	-102
 119 005b 02       		.byte	2
 120 005c A3       		.byte	-93
 121 005d 01       		.byte	1
 122 005e A4       		.byte	-92
 123 005f 01       		.byte	1
 124 0060 A8       		.byte	-88
 125 0061 01       		.byte	1
 126 0062 AC       		.byte	-84
 127 0063 01       		.byte	1
 128 0064 B0       		.byte	-80
 129 0065 02       		.byte	2
 130 0066 B2       		.byte	-78
 131 0067 04       		.byte	4
 132 0068 B4       		.byte	-76
 133 0069 08       		.byte	8
 134 006a B5       		.byte	-75
 135 006b 01       		.byte	1
 136 006c B6       		.byte	-74
 137 006d 01       		.byte	1
 138 006e BE       		.byte	-66
 139 006f 15       		.byte	21
 140 0070 D4       		.byte	-44
 141 0071 18       		.byte	24
 142 0072 D6       		.byte	-42
 143 0073 04       		.byte	4
 144 0074 D8       		.byte	-40
 145 0075 04       		.byte	4
 146 0076 D9       		.byte	-39
 147 0077 04       		.byte	4
 148 0078 DB       		.byte	-37
 149 0079 04       		.byte	4
 150 007a DF       		.byte	-33
 151 007b 01       		.byte	1
 152 007c 00       		.byte	0
 153 007d 21       		.byte	33
 154 007e 03       		.byte	3
 155 007f 02       		.byte	2
 156 0080 05       		.byte	5
 157 0081 01       		.byte	1
 158 0082 07       		.byte	7
 159 0083 14       		.byte	20
 160 0084 09       		.byte	9
 161 0085 10       		.byte	16
 162 0086 0A       		.byte	10
 163 0087 20       		.byte	32
 164 0088 0E       		.byte	14
 165 0089 29       		.byte	41
 166 008a 0F       		.byte	15
 167 008b 40       		.byte	64
 168 008c 10       		.byte	16
 169 008d 28       		.byte	40
 170 008e 11       		.byte	17
 171 008f 80       		.byte	-128
ARM GAS  C:\Users\adria\AppData\Local\Temp\ccN1WMaz.s 			page 4


 172 0090 14       		.byte	20
 173 0091 40       		.byte	64
 174 0092 16       		.byte	22
 175 0093 01       		.byte	1
 176 0094 17       		.byte	23
 177 0095 28       		.byte	40
 178 0096 18       		.byte	24
 179 0097 04       		.byte	4
 180 0098 19       		.byte	25
 181 0099 08       		.byte	8
 182 009a 1A       		.byte	26
 183 009b 03       		.byte	3
 184 009c 1B       		.byte	27
 185 009d 01       		.byte	1
 186 009e 1C       		.byte	28
 187 009f 11       		.byte	17
 188 00a0 1D       		.byte	29
 189 00a1 01       		.byte	1
 190 00a2 1E       		.byte	30
 191 00a3 08       		.byte	8
 192 00a4 1F       		.byte	31
 193 00a5 20       		.byte	32
 194 00a6 22       		.byte	34
 195 00a7 20       		.byte	32
 196 00a8 25       		.byte	37
 197 00a9 10       		.byte	16
 198 00aa 27       		.byte	39
 199 00ab 11       		.byte	17
 200 00ac 2B       		.byte	43
 201 00ad 80       		.byte	-128
 202 00ae 2E       		.byte	46
 203 00af 40       		.byte	64
 204 00b0 2F       		.byte	47
 205 00b1 A8       		.byte	-88
 206 00b2 34       		.byte	52
 207 00b3 40       		.byte	64
 208 00b4 35       		.byte	53
 209 00b5 01       		.byte	1
 210 00b6 36       		.byte	54
 211 00b7 A0       		.byte	-96
 212 00b8 37       		.byte	55
 213 00b9 04       		.byte	4
 214 00ba 3D       		.byte	61
 215 00bb 40       		.byte	64
 216 00bc 3E       		.byte	62
 217 00bd 2A       		.byte	42
 218 00be 45       		.byte	69
 219 00bf 10       		.byte	16
 220 00c0 47       		.byte	71
 221 00c1 44       		.byte	68
 222 00c2 4A       		.byte	74
 223 00c3 04       		.byte	4
 224 00c4 4B       		.byte	75
 225 00c5 10       		.byte	16
 226 00c6 4D       		.byte	77
 227 00c7 40       		.byte	64
 228 00c8 4E       		.byte	78
ARM GAS  C:\Users\adria\AppData\Local\Temp\ccN1WMaz.s 			page 5


 229 00c9 11       		.byte	17
 230 00ca 4F       		.byte	79
 231 00cb 10       		.byte	16
 232 00cc 57       		.byte	87
 233 00cd 02       		.byte	2
 234 00ce 5B       		.byte	91
 235 00cf 01       		.byte	1
 236 00d0 5C       		.byte	92
 237 00d1 10       		.byte	16
 238 00d2 60       		.byte	96
 239 00d3 04       		.byte	4
 240 00d4 63       		.byte	99
 241 00d5 82       		.byte	-126
 242 00d6 6C       		.byte	108
 243 00d7 28       		.byte	40
 244 00d8 6D       		.byte	109
 245 00d9 90       		.byte	-112
 246 00da 6E       		.byte	110
 247 00db 14       		.byte	20
 248 00dc 76       		.byte	118
 249 00dd 2B       		.byte	43
 250 00de 77       		.byte	119
 251 00df 28       		.byte	40
 252 00e0 83       		.byte	-125
 253 00e1 40       		.byte	64
 254 00e2 8E       		.byte	-114
 255 00e3 40       		.byte	64
 256 00e4 8F       		.byte	-113
 257 00e5 10       		.byte	16
 258 00e6 C0       		.byte	-64
 259 00e7 7B       		.byte	123
 260 00e8 C2       		.byte	-62
 261 00e9 F6       		.byte	-10
 262 00ea C4       		.byte	-60
 263 00eb F7       		.byte	-9
 264 00ec CA       		.byte	-54
 265 00ed F1       		.byte	-15
 266 00ee CC       		.byte	-52
 267 00ef F0       		.byte	-16
 268 00f0 CE       		.byte	-50
 269 00f1 F0       		.byte	-16
 270 00f2 D0       		.byte	-48
 271 00f3 70       		.byte	112
 272 00f4 D2       		.byte	-46
 273 00f5 30       		.byte	48
 274 00f6 D6       		.byte	-42
 275 00f7 21       		.byte	33
 276 00f8 D8       		.byte	-40
 277 00f9 0D       		.byte	13
 278 00fa 00       		.byte	0
 279 00fb 0C       		.byte	12
 280 00fc 02       		.byte	2
 281 00fd 71       		.byte	113
 282 00fe 04       		.byte	4
 283 00ff 10       		.byte	16
 284 0100 05       		.byte	5
 285 0101 80       		.byte	-128
ARM GAS  C:\Users\adria\AppData\Local\Temp\ccN1WMaz.s 			page 6


 286 0102 06       		.byte	6
 287 0103 AC       		.byte	-84
 288 0104 07       		.byte	7
 289 0105 13       		.byte	19
 290 0106 0F       		.byte	15
 291 0107 0C       		.byte	12
 292 0108 10       		.byte	16
 293 0109 09       		.byte	9
 294 010a 12       		.byte	18
 295 010b D0       		.byte	-48
 296 010c 14       		.byte	20
 297 010d 14       		.byte	20
 298 010e 15       		.byte	21
 299 010f 2C       		.byte	44
 300 0110 17       		.byte	23
 301 0111 43       		.byte	67
 302 0112 19       		.byte	25
 303 0113 71       		.byte	113
 304 0114 1A       		.byte	26
 305 0115 03       		.byte	3
 306 0116 1B       		.byte	27
 307 0117 06       		.byte	6
 308 0118 1F       		.byte	31
 309 0119 08       		.byte	8
 310 011a 20       		.byte	32
 311 011b 10       		.byte	16
 312 011c 21       		.byte	33
 313 011d 71       		.byte	113
 314 011e 22       		.byte	34
 315 011f 40       		.byte	64
 316 0120 23       		.byte	35
 317 0121 0E       		.byte	14
 318 0122 26       		.byte	38
 319 0123 20       		.byte	32
 320 0124 28       		.byte	40
 321 0125 DC       		.byte	-36
 322 0126 2A       		.byte	42
 323 0127 22       		.byte	34
 324 0128 30       		.byte	48
 325 0129 E0       		.byte	-32
 326 012a 31       		.byte	49
 327 012b C0       		.byte	-64
 328 012c 33       		.byte	51
 329 012d 0F       		.byte	15
 330 012e 34       		.byte	52
 331 012f 1F       		.byte	31
 332 0130 35       		.byte	53
 333 0131 30       		.byte	48
 334 0132 38       		.byte	56
 335 0133 08       		.byte	8
 336 0134 39       		.byte	57
 337 0135 22       		.byte	34
 338 0136 3A       		.byte	58
 339 0137 02       		.byte	2
 340 0138 3B       		.byte	59
 341 0139 08       		.byte	8
 342 013a 3E       		.byte	62
ARM GAS  C:\Users\adria\AppData\Local\Temp\ccN1WMaz.s 			page 7


 343 013b 04       		.byte	4
 344 013c 3F       		.byte	63
 345 013d 10       		.byte	16
 346 013e 40       		.byte	64
 347 013f 02       		.byte	2
 348 0140 45       		.byte	69
 349 0141 40       		.byte	64
 350 0142 49       		.byte	73
 351 0143 FF       		.byte	-1
 352 0144 4A       		.byte	74
 353 0145 07       		.byte	7
 354 0146 4B       		.byte	75
 355 0147 FF       		.byte	-1
 356 0148 4C       		.byte	76
 357 0149 40       		.byte	64
 358 014a 4D       		.byte	77
 359 014b 20       		.byte	32
 360 014c 4E       		.byte	78
 361 014d F0       		.byte	-16
 362 014e 4F       		.byte	79
 363 014f 05       		.byte	5
 364 0150 50       		.byte	80
 365 0151 08       		.byte	8
 366 0152 58       		.byte	88
 367 0153 04       		.byte	4
 368 0154 59       		.byte	89
 369 0155 04       		.byte	4
 370 0156 5A       		.byte	90
 371 0157 04       		.byte	4
 372 0158 5F       		.byte	95
 373 0159 01       		.byte	1
 374 015a 60       		.byte	96
 375 015b 40       		.byte	64
 376 015c 61       		.byte	97
 377 015d A8       		.byte	-88
 378 015e 62       		.byte	98
 379 015f 40       		.byte	64
 380 0160 63       		.byte	99
 381 0161 20       		.byte	32
 382 0162 80       		.byte	-128
 383 0163 13       		.byte	19
 384 0164 81       		.byte	-127
 385 0165 04       		.byte	4
 386 0166 82       		.byte	-126
 387 0167 04       		.byte	4
 388 0168 83       		.byte	-125
 389 0169 0A       		.byte	10
 390 016a 84       		.byte	-124
 391 016b 0A       		.byte	10
 392 016c 85       		.byte	-123
 393 016d 0C       		.byte	12
 394 016e 86       		.byte	-122
 395 016f 14       		.byte	20
 396 0170 88       		.byte	-120
 397 0171 13       		.byte	19
 398 0172 89       		.byte	-119
 399 0173 0C       		.byte	12
ARM GAS  C:\Users\adria\AppData\Local\Temp\ccN1WMaz.s 			page 8


 400 0174 8A       		.byte	-118
 401 0175 0C       		.byte	12
 402 0176 8E       		.byte	-114
 403 0177 08       		.byte	8
 404 0178 90       		.byte	-112
 405 0179 20       		.byte	32
 406 017a 92       		.byte	-110
 407 017b C0       		.byte	-64
 408 017c 94       		.byte	-108
 409 017d 40       		.byte	64
 410 017e 96       		.byte	-106
 411 017f 20       		.byte	32
 412 0180 98       		.byte	-104
 413 0181 E0       		.byte	-32
 414 0182 9C       		.byte	-100
 415 0183 80       		.byte	-128
 416 0184 9D       		.byte	-99
 417 0185 08       		.byte	8
 418 0186 9E       		.byte	-98
 419 0187 20       		.byte	32
 420 0188 9F       		.byte	-97
 421 0189 06       		.byte	6
 422 018a A5       		.byte	-91
 423 018b 10       		.byte	16
 424 018c A6       		.byte	-90
 425 018d 15       		.byte	21
 426 018e A8       		.byte	-88
 427 018f E0       		.byte	-32
 428 0190 AB       		.byte	-85
 429 0191 01       		.byte	1
 430 0192 AC       		.byte	-84
 431 0193 03       		.byte	3
 432 0194 AE       		.byte	-82
 433 0195 14       		.byte	20
 434 0196 B0       		.byte	-80
 435 0197 10       		.byte	16
 436 0198 B1       		.byte	-79
 437 0199 03       		.byte	3
 438 019a B2       		.byte	-78
 439 019b E0       		.byte	-32
 440 019c B3       		.byte	-77
 441 019d 10       		.byte	16
 442 019e B4       		.byte	-76
 443 019f 0F       		.byte	15
 444 01a0 B7       		.byte	-73
 445 01a1 0C       		.byte	12
 446 01a2 BA       		.byte	-70
 447 01a3 20       		.byte	32
 448 01a4 BB       		.byte	-69
 449 01a5 20       		.byte	32
 450 01a6 BE       		.byte	-66
 451 01a7 01       		.byte	1
 452 01a8 BF       		.byte	-65
 453 01a9 05       		.byte	5
 454 01aa C0       		.byte	-64
 455 01ab 26       		.byte	38
 456 01ac C1       		.byte	-63
ARM GAS  C:\Users\adria\AppData\Local\Temp\ccN1WMaz.s 			page 9


 457 01ad 05       		.byte	5
 458 01ae C5       		.byte	-59
 459 01af 0B       		.byte	11
 460 01b0 C6       		.byte	-58
 461 01b1 E0       		.byte	-32
 462 01b2 C7       		.byte	-57
 463 01b3 C0       		.byte	-64
 464 01b4 C8       		.byte	-56
 465 01b5 29       		.byte	41
 466 01b6 C9       		.byte	-55
 467 01b7 FF       		.byte	-1
 468 01b8 CA       		.byte	-54
 469 01b9 FF       		.byte	-1
 470 01ba CB       		.byte	-53
 471 01bb FF       		.byte	-1
 472 01bc CE       		.byte	-50
 473 01bd F0       		.byte	-16
 474 01be CF       		.byte	-49
 475 01bf 44       		.byte	68
 476 01c0 D0       		.byte	-48
 477 01c1 0C       		.byte	12
 478 01c2 D4       		.byte	-44
 479 01c3 01       		.byte	1
 480 01c4 D8       		.byte	-40
 481 01c5 04       		.byte	4
 482 01c6 D9       		.byte	-39
 483 01c7 04       		.byte	4
 484 01c8 DA       		.byte	-38
 485 01c9 04       		.byte	4
 486 01ca DB       		.byte	-37
 487 01cb 04       		.byte	4
 488 01cc DF       		.byte	-33
 489 01cd 01       		.byte	1
 490 01ce E6       		.byte	-26
 491 01cf C0       		.byte	-64
 492 01d0 EA       		.byte	-22
 493 01d1 40       		.byte	64
 494 01d2 EB       		.byte	-21
 495 01d3 02       		.byte	2
 496 01d4 01       		.byte	1
 497 01d5 02       		.byte	2
 498 01d6 03       		.byte	3
 499 01d7 10       		.byte	16
 500 01d8 04       		.byte	4
 501 01d9 40       		.byte	64
 502 01da 05       		.byte	5
 503 01db 11       		.byte	17
 504 01dc 07       		.byte	7
 505 01dd 20       		.byte	32
 506 01de 09       		.byte	9
 507 01df 02       		.byte	2
 508 01e0 0A       		.byte	10
 509 01e1 28       		.byte	40
 510 01e2 0D       		.byte	13
 511 01e3 80       		.byte	-128
 512 01e4 0E       		.byte	14
 513 01e5 24       		.byte	36
ARM GAS  C:\Users\adria\AppData\Local\Temp\ccN1WMaz.s 			page 10


 514 01e6 0F       		.byte	15
 515 01e7 40       		.byte	64
 516 01e8 10       		.byte	16
 517 01e9 80       		.byte	-128
 518 01ea 11       		.byte	17
 519 01eb 04       		.byte	4
 520 01ec 13       		.byte	19
 521 01ed 20       		.byte	32
 522 01ee 15       		.byte	21
 523 01ef 14       		.byte	20
 524 01f0 16       		.byte	22
 525 01f1 01       		.byte	1
 526 01f2 19       		.byte	25
 527 01f3 07       		.byte	7
 528 01f4 1A       		.byte	26
 529 01f5 08       		.byte	8
 530 01f6 1B       		.byte	27
 531 01f7 20       		.byte	32
 532 01f8 1D       		.byte	29
 533 01f9 10       		.byte	16
 534 01fa 1E       		.byte	30
 535 01fb 40       		.byte	64
 536 01fc 1F       		.byte	31
 537 01fd 08       		.byte	8
 538 01fe 20       		.byte	32
 539 01ff 44       		.byte	68
 540 0200 21       		.byte	33
 541 0201 0A       		.byte	10
 542 0202 23       		.byte	35
 543 0203 20       		.byte	32
 544 0204 24       		.byte	36
 545 0205 20       		.byte	32
 546 0206 25       		.byte	37
 547 0207 80       		.byte	-128
 548 0208 26       		.byte	38
 549 0209 80       		.byte	-128
 550 020a 27       		.byte	39
 551 020b 44       		.byte	68
 552 020c 29       		.byte	41
 553 020d 01       		.byte	1
 554 020e 2B       		.byte	43
 555 020f 40       		.byte	64
 556 0210 2F       		.byte	47
 557 0211 28       		.byte	40
 558 0212 30       		.byte	48
 559 0213 80       		.byte	-128
 560 0214 31       		.byte	49
 561 0215 18       		.byte	24
 562 0216 33       		.byte	51
 563 0217 10       		.byte	16
 564 0218 36       		.byte	54
 565 0219 80       		.byte	-128
 566 021a 38       		.byte	56
 567 021b 48       		.byte	72
 568 021c 39       		.byte	57
 569 021d 04       		.byte	4
 570 021e 3E       		.byte	62
ARM GAS  C:\Users\adria\AppData\Local\Temp\ccN1WMaz.s 			page 11


 571 021f 16       		.byte	22
 572 0220 40       		.byte	64
 573 0221 04       		.byte	4
 574 0222 47       		.byte	71
 575 0223 10       		.byte	16
 576 0224 48       		.byte	72
 577 0225 80       		.byte	-128
 578 0226 4C       		.byte	76
 579 0227 04       		.byte	4
 580 0228 4E       		.byte	78
 581 0229 10       		.byte	16
 582 022a 4F       		.byte	79
 583 022b 80       		.byte	-128
 584 022c 50       		.byte	80
 585 022d 04       		.byte	4
 586 022e 54       		.byte	84
 587 022f 10       		.byte	16
 588 0230 55       		.byte	85
 589 0231 01       		.byte	1
 590 0232 56       		.byte	86
 591 0233 01       		.byte	1
 592 0234 5D       		.byte	93
 593 0235 28       		.byte	40
 594 0236 5E       		.byte	94
 595 0237 41       		.byte	65
 596 0238 81       		.byte	-127
 597 0239 04       		.byte	4
 598 023a 87       		.byte	-121
 599 023b 48       		.byte	72
 600 023c 88       		.byte	-120
 601 023d 10       		.byte	16
 602 023e 8A       		.byte	-118
 603 023f 13       		.byte	19
 604 0240 8B       		.byte	-117
 605 0241 80       		.byte	-128
 606 0242 8C       		.byte	-116
 607 0243 10       		.byte	16
 608 0244 8D       		.byte	-115
 609 0245 21       		.byte	33
 610 0246 91       		.byte	-111
 611 0247 10       		.byte	16
 612 0248 92       		.byte	-110
 613 0249 14       		.byte	20
 614 024a 97       		.byte	-105
 615 024b 40       		.byte	64
 616 024c 99       		.byte	-103
 617 024d 08       		.byte	8
 618 024e 9F       		.byte	-97
 619 024f 44       		.byte	68
 620 0250 A4       		.byte	-92
 621 0251 10       		.byte	16
 622 0252 A6       		.byte	-90
 623 0253 90       		.byte	-112
 624 0254 A7       		.byte	-89
 625 0255 88       		.byte	-120
 626 0256 C0       		.byte	-64
 627 0257 FC       		.byte	-4
ARM GAS  C:\Users\adria\AppData\Local\Temp\ccN1WMaz.s 			page 12


 628 0258 C2       		.byte	-62
 629 0259 FE       		.byte	-2
 630 025a C4       		.byte	-60
 631 025b EE       		.byte	-18
 632 025c CA       		.byte	-54
 633 025d 61       		.byte	97
 634 025e CC       		.byte	-52
 635 025f 1E       		.byte	30
 636 0260 CE       		.byte	-50
 637 0261 EA       		.byte	-22
 638 0262 D0       		.byte	-48
 639 0263 24       		.byte	36
 640 0264 D2       		.byte	-46
 641 0265 30       		.byte	48
 642 0266 D6       		.byte	-42
 643 0267 F0       		.byte	-16
 644 0268 32       		.byte	50
 645 0269 80       		.byte	-128
 646 026a 35       		.byte	53
 647 026b 80       		.byte	-128
 648 026c CC       		.byte	-52
 649 026d 30       		.byte	48
 650 026e 9D       		.byte	-99
 651 026f 80       		.byte	-128
 652 0270 A6       		.byte	-90
 653 0271 80       		.byte	-128
 654 0272 12       		.byte	18
 655 0273 80       		.byte	-128
 656 0274 9D       		.byte	-99
 657 0275 80       		.byte	-128
 658 0276 A6       		.byte	-90
 659 0277 80       		.byte	-128
 660 0278 C4       		.byte	-60
 661 0279 10       		.byte	16
 662 027a 9D       		.byte	-99
 663 027b 80       		.byte	-128
 664 027c 65       		.byte	101
 665 027d 04       		.byte	4
 666 027e 81       		.byte	-127
 667 027f 80       		.byte	-128
 668 0280 9D       		.byte	-99
 669 0281 80       		.byte	-128
 670 0282 D8       		.byte	-40
 671 0283 80       		.byte	-128
 672 0284 E2       		.byte	-30
 673 0285 20       		.byte	32
 674 0286 81       		.byte	-127
 675 0287 04       		.byte	4
 676 0288 9D       		.byte	-99
 677 0289 04       		.byte	4
 678 028a E6       		.byte	-26
 679 028b 80       		.byte	-128
 680 028c 10       		.byte	16
 681 028d 40       		.byte	64
 682 028e 77       		.byte	119
 683 028f 10       		.byte	16
 684 0290 88       		.byte	-120
ARM GAS  C:\Users\adria\AppData\Local\Temp\ccN1WMaz.s 			page 13


 685 0291 40       		.byte	64
 686 0292 8F       		.byte	-113
 687 0293 10       		.byte	16
 688 0294 C4       		.byte	-60
 689 0295 08       		.byte	8
 690 0296 DE       		.byte	-34
 691 0297 04       		.byte	4
 692 0298 E2       		.byte	-30
 693 0299 01       		.byte	1
 694 029a E4       		.byte	-28
 695 029b 02       		.byte	2
 696 029c 10       		.byte	16
 697 029d 01       		.byte	1
 698 029e 1C       		.byte	28
 699 029f 01       		.byte	1
 700 02a0 00       		.byte	0
 701 02a1 0F       		.byte	15
 702 02a2 00       		.byte	0
 703 02a3 00       		.byte	0
 704 02a4 00       		.byte	0
 705 02a5 00       		.byte	0
 706 02a6 00       		.byte	0
 707 02a7 00       		.byte	0
 708 02a8 02       		.byte	2
 709 02a9 02       		.byte	2
 710 02aa 02       		.byte	2
 711 02ab 02       		.byte	2
 712 02ac 80       		.byte	-128
 713 02ad 80       		.byte	-128
 714 02ae 00       		.byte	0
 715 02af 00       		.byte	0
 716 02b0 40       		.byte	64
 717 02b1 00       		.byte	0
 718 02b2 00       		.byte	0
 719 02b3 00       		.byte	0
 720 02b4 1F       		.byte	31
 721 02b5 10       		.byte	16
 722 02b6 60       		.byte	96
 723 02b7 00       		.byte	0
 724 02b8 1C       		.byte	28
 725 02b9 08       		.byte	8
 726 02ba 63       		.byte	99
 727 02bb 00       		.byte	0
 728 02bc 7F       		.byte	127
 729 02bd 18       		.byte	24
 730 02be 00       		.byte	0
 731 02bf 00       		.byte	0
 732 02c0 00       		.byte	0
 733 02c1 00       		.byte	0
 734 02c2 00       		.byte	0
 735 02c3 E3       		.byte	-29
 736 02c4 03       		.byte	3
 737 02c5 1C       		.byte	28
 738 02c6 00       		.byte	0
 739 02c7 E1       		.byte	-31
 740 02c8 01       		.byte	1
 741 02c9 FF       		.byte	-1
ARM GAS  C:\Users\adria\AppData\Local\Temp\ccN1WMaz.s 			page 14


 742 02ca 00       		.byte	0
 743 02cb 00       		.byte	0
 744 02cc 73       		.byte	115
 745 02cd 00       		.byte	0
 746 02ce 0C       		.byte	12
 747 02cf 04       		.byte	4
 748 02d0 00       		.byte	0
 749 02d1 80       		.byte	-128
 750 02d2 23       		.byte	35
 751 02d3 00       		.byte	0
 752 02d4 02       		.byte	2
 753 02d5 44       		.byte	68
 754 02d6 00       		.byte	0
 755 02d7 00       		.byte	0
 756 02d8 04       		.byte	4
 757 02d9 E7       		.byte	-25
 758 02da 00       		.byte	0
 759 02db 18       		.byte	24
 760 02dc 0C       		.byte	12
 761 02dd C0       		.byte	-64
 762 02de 00       		.byte	0
 763 02df 00       		.byte	0
 764 02e0 08       		.byte	8
 765 02e1 3C       		.byte	60
 766 02e2 00       		.byte	0
 767 02e3 C2       		.byte	-62
 768 02e4 2C       		.byte	44
 769 02e5 00       		.byte	0
 770 02e6 10       		.byte	16
 771 02e7 1F       		.byte	31
 772 02e8 0F       		.byte	15
 773 02e9 38       		.byte	56
 774 02ea 40       		.byte	64
 775 02eb C0       		.byte	-64
 776 02ec 80       		.byte	-128
 777 02ed 00       		.byte	0
 778 02ee 22       		.byte	34
 779 02ef 08       		.byte	8
 780 02f0 00       		.byte	0
 781 02f1 00       		.byte	0
 782 02f2 04       		.byte	4
 783 02f3 00       		.byte	0
 784 02f4 65       		.byte	101
 785 02f5 03       		.byte	3
 786 02f6 02       		.byte	2
 787 02f7 00       		.byte	0
 788 02f8 01       		.byte	1
 789 02f9 0C       		.byte	12
 790 02fa 00       		.byte	0
 791 02fb E0       		.byte	-32
 792 02fc 21       		.byte	33
 793 02fd FF       		.byte	-1
 794 02fe FF       		.byte	-1
 795 02ff FF       		.byte	-1
 796 0300 62       		.byte	98
 797 0301 A0       		.byte	-96
 798 0302 F0       		.byte	-16
ARM GAS  C:\Users\adria\AppData\Local\Temp\ccN1WMaz.s 			page 15


 799 0303 41       		.byte	65
 800 0304 0C       		.byte	12
 801 0305 00       		.byte	0
 802 0306 00       		.byte	0
 803 0307 00       		.byte	0
 804 0308 00       		.byte	0
 805 0309 00       		.byte	0
 806 030a 02       		.byte	2
 807 030b 11       		.byte	17
 808 030c 04       		.byte	4
 809 030d 04       		.byte	4
 810 030e 04       		.byte	4
 811 030f 04       		.byte	4
 812 0310 00       		.byte	0
 813 0311 00       		.byte	0
 814 0312 00       		.byte	0
 815 0313 01       		.byte	1
 816 0314 00       		.byte	0
 817 0315 00       		.byte	0
 818 0316 00       		.byte	0
 819 0317 00       		.byte	0
 820 0318 00       		.byte	0
 821 0319 00       		.byte	0
 822 031a 40       		.byte	64
 823 031b 02       		.byte	2
 824 031c 00       		.byte	0
 825 031d 10       		.byte	16
 826 031e 30       		.byte	48
 827 031f 10       		.byte	16
 828 0320 00       		.byte	0
 829 0321 10       		.byte	16
 830 0322 10       		.byte	16
 831 0323 12       		.byte	18
 832 0324 00       		.byte	0
 833 0325 00       		.byte	0
 834 0326 00       		.byte	0
 835 0327 00       		.byte	0
 836 0328 00       		.byte	0
 837 0329 00       		.byte	0
 838 032a 00       		.byte	0
 839 032b 00       		.byte	0
 840 032c 00       		.byte	0
 841 032d 00       		.byte	0
 842 032e 00       		.byte	0
 843 032f 00       		.byte	0
 844 0330 00       		.byte	0
 845 0331 00       		.byte	0
 846 0332 00       		.byte	0
 847 0333 00       		.byte	0
 848 0334 80       		.byte	-128
 849 0335 00       		.byte	0
 850 0336 40       		.byte	64
 851 0337 80       		.byte	-128
 852 0338 80       		.byte	-128
 853 0339 00       		.byte	0
 854 033a 80       		.byte	-128
 855 033b 00       		.byte	0
ARM GAS  C:\Users\adria\AppData\Local\Temp\ccN1WMaz.s 			page 16


 856 033c 00       		.byte	0
 857 033d 00       		.byte	0
 858 033e 00       		.byte	0
 859 033f 00       		.byte	0
 860 0340 F0       		.byte	-16
 861 0341 00       		.byte	0
 862 0342 00       		.byte	0
 863 0343 FB       		.byte	-5
 864 0344 0B       		.byte	11
 865 0345 00       		.byte	0
 866 0346 00       		.byte	0
 867 0347 00       		.byte	0
 868 0348 00       		.byte	0
 869 0349 00       		.byte	0
 870 034a 00       		.byte	0
 871 034b 00       		.byte	0
 872 034c 00       		.byte	0
 873 034d 7F       		.byte	127
 874 034e 7F       		.byte	127
 875 034f 00       		.byte	0
 876 0350 00       		.byte	0
 877 0351 00       		.byte	0
 878 0352 00       		.byte	0
 879 0353 00       		.byte	0
 880 0354 F0       		.byte	-16
 881 0355 00       		.byte	0
 882 0356 00       		.byte	0
 883 0357 F0       		.byte	-16
 884 0358 00       		.byte	0
 885 0359 00       		.byte	0
 886 035a 00       		.byte	0
 887 035b 00       		.byte	0
 888 035c 00       		.byte	0
 889 035d 00       		.byte	0
 890 035e 00       		.byte	0
 891 035f 00       		.byte	0
 892              		.section	.cywolatch,"a",%progbits
 893              		.type	cy_meta_wonvl, %object
 894              		.size	cy_meta_wonvl, 4
 895              	cy_meta_wonvl:
 896 0000 BC       		.byte	-68
 897 0001 90       		.byte	-112
 898 0002 AC       		.byte	-84
 899 0003 AF       		.byte	-81
 900              		.section	.cycustnvl,"a",%progbits
 901              		.type	cy_meta_custnvl, %object
 902              		.size	cy_meta_custnvl, 4
 903              	cy_meta_custnvl:
 904 0000 00       		.byte	0
 905 0001 00       		.byte	0
 906 0002 40       		.byte	64
 907 0003 05       		.byte	5
 908              		.section	.cymeta,"a",%progbits
 909              		.type	cy_metadata, %object
 910              		.size	cy_metadata, 12
 911              	cy_metadata:
 912 0000 00       		.byte	0
ARM GAS  C:\Users\adria\AppData\Local\Temp\ccN1WMaz.s 			page 17


 913 0001 01       		.byte	1
 914 0002 2E       		.byte	46
 915 0003 16       		.byte	22
 916 0004 10       		.byte	16
 917 0005 69       		.byte	105
 918 0006 00       		.byte	0
 919 0007 01       		.byte	1
 920 0008 00       		.byte	0
 921 0009 00       		.byte	0
 922 000a 00       		.byte	0
 923 000b 00       		.byte	0
 924              		.section	.cyflashprotect,"a",%progbits
 925              		.type	cy_meta_flashprotect, %object
 926              		.size	cy_meta_flashprotect, 256
 927              	cy_meta_flashprotect:
 928 0000 00000000 		.space	256
 928      00000000 
 928      00000000 
 928      00000000 
 928      00000000 
 929              		.text
 930              	.Letext0:
 931              		.file 1 "c:\\program files (x86)\\cypress\\psoc creator\\4.4\\psoc creator\\import\\gnu\\arm\\5.4.
 932              		.file 2 "c:\\program files (x86)\\cypress\\psoc creator\\4.4\\psoc creator\\import\\gnu\\arm\\5.4.
 933              		.file 3 "Generated_Source\\PSoC5\\cymetadata.c"
 934              		.section	.debug_info,"",%progbits
 935              	.Ldebug_info0:
 936 0000 31010000 		.4byte	0x131
 937 0004 0400     		.2byte	0x4
 938 0006 00000000 		.4byte	.Ldebug_abbrev0
 939 000a 04       		.byte	0x4
 940 000b 01       		.uleb128 0x1
 941 000c CC000000 		.4byte	.LASF17
 942 0010 0C       		.byte	0xc
 943 0011 BB010000 		.4byte	.LASF18
 944 0015 0A000000 		.4byte	.LASF19
 945 0019 00000000 		.4byte	.Ldebug_line0
 946 001d 02       		.uleb128 0x2
 947 001e 01       		.byte	0x1
 948 001f 06       		.byte	0x6
 949 0020 AF010000 		.4byte	.LASF0
 950 0024 03       		.uleb128 0x3
 951 0025 00000000 		.4byte	.LASF9
 952 0029 01       		.byte	0x1
 953 002a 1D       		.byte	0x1d
 954 002b 2F000000 		.4byte	0x2f
 955 002f 02       		.uleb128 0x2
 956 0030 01       		.byte	0x1
 957 0031 08       		.byte	0x8
 958 0032 6A000000 		.4byte	.LASF1
 959 0036 02       		.uleb128 0x2
 960 0037 02       		.byte	0x2
 961 0038 05       		.byte	0x5
 962 0039 9C010000 		.4byte	.LASF2
 963 003d 02       		.uleb128 0x2
 964 003e 02       		.byte	0x2
 965 003f 07       		.byte	0x7
ARM GAS  C:\Users\adria\AppData\Local\Temp\ccN1WMaz.s 			page 18


 966 0040 8A000000 		.4byte	.LASF3
 967 0044 02       		.uleb128 0x2
 968 0045 04       		.byte	0x4
 969 0046 05       		.byte	0x5
 970 0047 A6010000 		.4byte	.LASF4
 971 004b 02       		.uleb128 0x2
 972 004c 04       		.byte	0x4
 973 004d 07       		.byte	0x7
 974 004e 78000000 		.4byte	.LASF5
 975 0052 02       		.uleb128 0x2
 976 0053 08       		.byte	0x8
 977 0054 05       		.byte	0x5
 978 0055 8E010000 		.4byte	.LASF6
 979 0059 02       		.uleb128 0x2
 980 005a 08       		.byte	0x8
 981 005b 07       		.byte	0x7
 982 005c 53000000 		.4byte	.LASF7
 983 0060 04       		.uleb128 0x4
 984 0061 04       		.byte	0x4
 985 0062 05       		.byte	0x5
 986 0063 696E7400 		.ascii	"int\000"
 987 0067 02       		.uleb128 0x2
 988 0068 04       		.byte	0x4
 989 0069 07       		.byte	0x7
 990 006a BF000000 		.4byte	.LASF8
 991 006e 03       		.uleb128 0x3
 992 006f 5A010000 		.4byte	.LASF10
 993 0073 02       		.byte	0x2
 994 0074 18       		.byte	0x18
 995 0075 24000000 		.4byte	0x24
 996 0079 05       		.uleb128 0x5
 997 007a 91000000 		.4byte	0x91
 998 007e 8A000000 		.4byte	0x8a
 999 0082 06       		.uleb128 0x6
 1000 0083 8A000000 		.4byte	0x8a
 1001 0087 5F03     		.2byte	0x35f
 1002 0089 00       		.byte	0
 1003 008a 02       		.uleb128 0x2
 1004 008b 04       		.byte	0x4
 1005 008c 07       		.byte	0x7
 1006 008d 85010000 		.4byte	.LASF11
 1007 0091 07       		.uleb128 0x7
 1008 0092 6E000000 		.4byte	0x6e
 1009 0096 08       		.uleb128 0x8
 1010 0097 AD000000 		.4byte	.LASF12
 1011 009b 03       		.byte	0x3
 1012 009c 1F       		.byte	0x1f
 1013 009d A7000000 		.4byte	0xa7
 1014 00a1 05       		.uleb128 0x5
 1015 00a2 03       		.byte	0x3
 1016 00a3 00000000 		.4byte	cy_meta_configecc
 1017 00a7 07       		.uleb128 0x7
 1018 00a8 79000000 		.4byte	0x79
 1019 00ac 05       		.uleb128 0x5
 1020 00ad 91000000 		.4byte	0x91
 1021 00b1 BC000000 		.4byte	0xbc
 1022 00b5 09       		.uleb128 0x9
ARM GAS  C:\Users\adria\AppData\Local\Temp\ccN1WMaz.s 			page 19


 1023 00b6 8A000000 		.4byte	0x8a
 1024 00ba 03       		.byte	0x3
 1025 00bb 00       		.byte	0
 1026 00bc 08       		.uleb128 0x8
 1027 00bd 9D000000 		.4byte	.LASF13
 1028 00c1 03       		.byte	0x3
 1029 00c2 98       		.byte	0x98
 1030 00c3 CD000000 		.4byte	0xcd
 1031 00c7 05       		.uleb128 0x5
 1032 00c8 03       		.byte	0x3
 1033 00c9 00000000 		.4byte	cy_meta_custnvl
 1034 00cd 07       		.uleb128 0x7
 1035 00ce AC000000 		.4byte	0xac
 1036 00d2 08       		.uleb128 0x8
 1037 00d3 77010000 		.4byte	.LASF14
 1038 00d7 03       		.byte	0x3
 1039 00d8 A6       		.byte	0xa6
 1040 00d9 E3000000 		.4byte	0xe3
 1041 00dd 05       		.uleb128 0x5
 1042 00de 03       		.byte	0x3
 1043 00df 00000000 		.4byte	cy_meta_wonvl
 1044 00e3 07       		.uleb128 0x7
 1045 00e4 AC000000 		.4byte	0xac
 1046 00e8 05       		.uleb128 0x5
 1047 00e9 91000000 		.4byte	0x91
 1048 00ed F8000000 		.4byte	0xf8
 1049 00f1 09       		.uleb128 0x9
 1050 00f2 8A000000 		.4byte	0x8a
 1051 00f6 FF       		.byte	0xff
 1052 00f7 00       		.byte	0
 1053 00f8 08       		.uleb128 0x8
 1054 00f9 62010000 		.4byte	.LASF15
 1055 00fd 03       		.byte	0x3
 1056 00fe B4       		.byte	0xb4
 1057 00ff 09010000 		.4byte	0x109
 1058 0103 05       		.uleb128 0x5
 1059 0104 03       		.byte	0x3
 1060 0105 00000000 		.4byte	cy_meta_flashprotect
 1061 0109 07       		.uleb128 0x7
 1062 010a E8000000 		.4byte	0xe8
 1063 010e 05       		.uleb128 0x5
 1064 010f 91000000 		.4byte	0x91
 1065 0113 1E010000 		.4byte	0x11e
 1066 0117 09       		.uleb128 0x9
 1067 0118 8A000000 		.4byte	0x8a
 1068 011c 0B       		.byte	0xb
 1069 011d 00       		.byte	0
 1070 011e 08       		.uleb128 0x8
 1071 011f 47000000 		.4byte	.LASF16
 1072 0123 03       		.byte	0x3
 1073 0124 E1       		.byte	0xe1
 1074 0125 2F010000 		.4byte	0x12f
 1075 0129 05       		.uleb128 0x5
 1076 012a 03       		.byte	0x3
 1077 012b 00000000 		.4byte	cy_metadata
 1078 012f 07       		.uleb128 0x7
 1079 0130 0E010000 		.4byte	0x10e
ARM GAS  C:\Users\adria\AppData\Local\Temp\ccN1WMaz.s 			page 20


 1080 0134 00       		.byte	0
 1081              		.section	.debug_abbrev,"",%progbits
 1082              	.Ldebug_abbrev0:
 1083 0000 01       		.uleb128 0x1
 1084 0001 11       		.uleb128 0x11
 1085 0002 01       		.byte	0x1
 1086 0003 25       		.uleb128 0x25
 1087 0004 0E       		.uleb128 0xe
 1088 0005 13       		.uleb128 0x13
 1089 0006 0B       		.uleb128 0xb
 1090 0007 03       		.uleb128 0x3
 1091 0008 0E       		.uleb128 0xe
 1092 0009 1B       		.uleb128 0x1b
 1093 000a 0E       		.uleb128 0xe
 1094 000b 10       		.uleb128 0x10
 1095 000c 17       		.uleb128 0x17
 1096 000d 00       		.byte	0
 1097 000e 00       		.byte	0
 1098 000f 02       		.uleb128 0x2
 1099 0010 24       		.uleb128 0x24
 1100 0011 00       		.byte	0
 1101 0012 0B       		.uleb128 0xb
 1102 0013 0B       		.uleb128 0xb
 1103 0014 3E       		.uleb128 0x3e
 1104 0015 0B       		.uleb128 0xb
 1105 0016 03       		.uleb128 0x3
 1106 0017 0E       		.uleb128 0xe
 1107 0018 00       		.byte	0
 1108 0019 00       		.byte	0
 1109 001a 03       		.uleb128 0x3
 1110 001b 16       		.uleb128 0x16
 1111 001c 00       		.byte	0
 1112 001d 03       		.uleb128 0x3
 1113 001e 0E       		.uleb128 0xe
 1114 001f 3A       		.uleb128 0x3a
 1115 0020 0B       		.uleb128 0xb
 1116 0021 3B       		.uleb128 0x3b
 1117 0022 0B       		.uleb128 0xb
 1118 0023 49       		.uleb128 0x49
 1119 0024 13       		.uleb128 0x13
 1120 0025 00       		.byte	0
 1121 0026 00       		.byte	0
 1122 0027 04       		.uleb128 0x4
 1123 0028 24       		.uleb128 0x24
 1124 0029 00       		.byte	0
 1125 002a 0B       		.uleb128 0xb
 1126 002b 0B       		.uleb128 0xb
 1127 002c 3E       		.uleb128 0x3e
 1128 002d 0B       		.uleb128 0xb
 1129 002e 03       		.uleb128 0x3
 1130 002f 08       		.uleb128 0x8
 1131 0030 00       		.byte	0
 1132 0031 00       		.byte	0
 1133 0032 05       		.uleb128 0x5
 1134 0033 01       		.uleb128 0x1
 1135 0034 01       		.byte	0x1
 1136 0035 49       		.uleb128 0x49
ARM GAS  C:\Users\adria\AppData\Local\Temp\ccN1WMaz.s 			page 21


 1137 0036 13       		.uleb128 0x13
 1138 0037 01       		.uleb128 0x1
 1139 0038 13       		.uleb128 0x13
 1140 0039 00       		.byte	0
 1141 003a 00       		.byte	0
 1142 003b 06       		.uleb128 0x6
 1143 003c 21       		.uleb128 0x21
 1144 003d 00       		.byte	0
 1145 003e 49       		.uleb128 0x49
 1146 003f 13       		.uleb128 0x13
 1147 0040 2F       		.uleb128 0x2f
 1148 0041 05       		.uleb128 0x5
 1149 0042 00       		.byte	0
 1150 0043 00       		.byte	0
 1151 0044 07       		.uleb128 0x7
 1152 0045 26       		.uleb128 0x26
 1153 0046 00       		.byte	0
 1154 0047 49       		.uleb128 0x49
 1155 0048 13       		.uleb128 0x13
 1156 0049 00       		.byte	0
 1157 004a 00       		.byte	0
 1158 004b 08       		.uleb128 0x8
 1159 004c 34       		.uleb128 0x34
 1160 004d 00       		.byte	0
 1161 004e 03       		.uleb128 0x3
 1162 004f 0E       		.uleb128 0xe
 1163 0050 3A       		.uleb128 0x3a
 1164 0051 0B       		.uleb128 0xb
 1165 0052 3B       		.uleb128 0x3b
 1166 0053 0B       		.uleb128 0xb
 1167 0054 49       		.uleb128 0x49
 1168 0055 13       		.uleb128 0x13
 1169 0056 3F       		.uleb128 0x3f
 1170 0057 19       		.uleb128 0x19
 1171 0058 02       		.uleb128 0x2
 1172 0059 18       		.uleb128 0x18
 1173 005a 00       		.byte	0
 1174 005b 00       		.byte	0
 1175 005c 09       		.uleb128 0x9
 1176 005d 21       		.uleb128 0x21
 1177 005e 00       		.byte	0
 1178 005f 49       		.uleb128 0x49
 1179 0060 13       		.uleb128 0x13
 1180 0061 2F       		.uleb128 0x2f
 1181 0062 0B       		.uleb128 0xb
 1182 0063 00       		.byte	0
 1183 0064 00       		.byte	0
 1184 0065 00       		.byte	0
 1185              		.section	.debug_aranges,"",%progbits
 1186 0000 14000000 		.4byte	0x14
 1187 0004 0200     		.2byte	0x2
 1188 0006 00000000 		.4byte	.Ldebug_info0
 1189 000a 04       		.byte	0x4
 1190 000b 00       		.byte	0
 1191 000c 0000     		.2byte	0
 1192 000e 0000     		.2byte	0
 1193 0010 00000000 		.4byte	0
ARM GAS  C:\Users\adria\AppData\Local\Temp\ccN1WMaz.s 			page 22


 1194 0014 00000000 		.4byte	0
 1195              		.section	.debug_line,"",%progbits
 1196              	.Ldebug_line0:
 1197 0000 3D010000 		.section	.debug_str,"MS",%progbits,1
 1197      02003701 
 1197      00000201 
 1197      FB0E0D00 
 1197      01010101 
 1198              	.LASF9:
 1199 0000 5F5F7569 		.ascii	"__uint8_t\000"
 1199      6E74385F 
 1199      7400
 1200              	.LASF19:
 1201 000a 443A5C50 		.ascii	"D:\\Projects\\PSoC\\AdvancedMicrocontrollers\\UARTK"
 1201      726F6A65 
 1201      6374735C 
 1201      50536F43 
 1201      5C416476 
 1202 0039 6579626F 		.ascii	"eyboard.cydsn\000"
 1202      6172642E 
 1202      63796473 
 1202      6E00
 1203              	.LASF16:
 1204 0047 63795F6D 		.ascii	"cy_metadata\000"
 1204      65746164 
 1204      61746100 
 1205              	.LASF7:
 1206 0053 6C6F6E67 		.ascii	"long long unsigned int\000"
 1206      206C6F6E 
 1206      6720756E 
 1206      7369676E 
 1206      65642069 
 1207              	.LASF1:
 1208 006a 756E7369 		.ascii	"unsigned char\000"
 1208      676E6564 
 1208      20636861 
 1208      7200
 1209              	.LASF5:
 1210 0078 6C6F6E67 		.ascii	"long unsigned int\000"
 1210      20756E73 
 1210      69676E65 
 1210      6420696E 
 1210      7400
 1211              	.LASF3:
 1212 008a 73686F72 		.ascii	"short unsigned int\000"
 1212      7420756E 
 1212      7369676E 
 1212      65642069 
 1212      6E7400
 1213              	.LASF13:
 1214 009d 63795F6D 		.ascii	"cy_meta_custnvl\000"
 1214      6574615F 
 1214      63757374 
 1214      6E766C00 
 1215              	.LASF12:
 1216 00ad 63795F6D 		.ascii	"cy_meta_configecc\000"
 1216      6574615F 
ARM GAS  C:\Users\adria\AppData\Local\Temp\ccN1WMaz.s 			page 23


 1216      636F6E66 
 1216      69676563 
 1216      6300
 1217              	.LASF8:
 1218 00bf 756E7369 		.ascii	"unsigned int\000"
 1218      676E6564 
 1218      20696E74 
 1218      00
 1219              	.LASF17:
 1220 00cc 474E5520 		.ascii	"GNU C11 5.4.1 20160609 (release) [ARM/embedded-5-br"
 1220      43313120 
 1220      352E342E 
 1220      31203230 
 1220      31363036 
 1221 00ff 616E6368 		.ascii	"anch revision 237715] -mcpu=cortex-m3 -mthumb -g -O"
 1221      20726576 
 1221      6973696F 
 1221      6E203233 
 1221      37373135 
 1222 0132 73202D66 		.ascii	"s -ffunction-sections -ffat-lto-objects\000"
 1222      66756E63 
 1222      74696F6E 
 1222      2D736563 
 1222      74696F6E 
 1223              	.LASF10:
 1224 015a 75696E74 		.ascii	"uint8_t\000"
 1224      385F7400 
 1225              	.LASF15:
 1226 0162 63795F6D 		.ascii	"cy_meta_flashprotect\000"
 1226      6574615F 
 1226      666C6173 
 1226      6870726F 
 1226      74656374 
 1227              	.LASF14:
 1228 0177 63795F6D 		.ascii	"cy_meta_wonvl\000"
 1228      6574615F 
 1228      776F6E76 
 1228      6C00
 1229              	.LASF11:
 1230 0185 73697A65 		.ascii	"sizetype\000"
 1230      74797065 
 1230      00
 1231              	.LASF6:
 1232 018e 6C6F6E67 		.ascii	"long long int\000"
 1232      206C6F6E 
 1232      6720696E 
 1232      7400
 1233              	.LASF2:
 1234 019c 73686F72 		.ascii	"short int\000"
 1234      7420696E 
 1234      7400
 1235              	.LASF4:
 1236 01a6 6C6F6E67 		.ascii	"long int\000"
 1236      20696E74 
 1236      00
 1237              	.LASF0:
 1238 01af 7369676E 		.ascii	"signed char\000"
ARM GAS  C:\Users\adria\AppData\Local\Temp\ccN1WMaz.s 			page 24


 1238      65642063 
 1238      68617200 
 1239              	.LASF18:
 1240 01bb 47656E65 		.ascii	"Generated_Source\\PSoC5\\cymetadata.c\000"
 1240      72617465 
 1240      645F536F 
 1240      75726365 
 1240      5C50536F 
 1241              		.ident	"GCC: (GNU Tools for ARM Embedded Processors) 5.4.1 20160609 (release) [ARM/embedded-5-bran
