ARM GAS  C:\Users\adria\AppData\Local\Temp\cc2vPOZC.s 			page 1


   1              		.syntax unified
   2              		.cpu cortex-m3
   3              		.fpu softvfp
   4              		.eabi_attribute 20, 1
   5              		.eabi_attribute 21, 1
   6              		.eabi_attribute 23, 3
   7              		.eabi_attribute 24, 1
   8              		.eabi_attribute 25, 1
   9              		.eabi_attribute 26, 1
  10              		.eabi_attribute 30, 4
  11              		.eabi_attribute 34, 1
  12              		.eabi_attribute 18, 4
  13              		.thumb
  14              		.syntax unified
  15              		.file	"Timer.c"
  16              		.text
  17              	.Ltext0:
  18              		.cfi_sections	.debug_frame
  19              		.section	.text.Timer_Init,"ax",%progbits
  20              		.align	1
  21              		.global	Timer_Init
  22              		.thumb
  23              		.thumb_func
  24              		.type	Timer_Init, %function
  25              	Timer_Init:
  26              	.LFB0:
  27              		.file 1 "Generated_Source\\PSoC5\\Timer.c"
   1:Generated_Source\PSoC5/Timer.c **** /*******************************************************************************
   2:Generated_Source\PSoC5/Timer.c **** * File Name: Timer.c
   3:Generated_Source\PSoC5/Timer.c **** * Version 2.80
   4:Generated_Source\PSoC5/Timer.c **** *
   5:Generated_Source\PSoC5/Timer.c **** * Description:
   6:Generated_Source\PSoC5/Timer.c **** *  The Timer component consists of a 8, 16, 24 or 32-bit timer with
   7:Generated_Source\PSoC5/Timer.c **** *  a selectable period between 2 and 2^Width - 1.  The timer may free run
   8:Generated_Source\PSoC5/Timer.c **** *  or be used as a capture timer as well.  The capture can be initiated
   9:Generated_Source\PSoC5/Timer.c **** *  by a positive or negative edge signal as well as via software.
  10:Generated_Source\PSoC5/Timer.c **** *  A trigger input can be programmed to enable the timer on rising edge
  11:Generated_Source\PSoC5/Timer.c **** *  falling edge, either edge or continous run.
  12:Generated_Source\PSoC5/Timer.c **** *  Interrupts may be generated due to a terminal count condition
  13:Generated_Source\PSoC5/Timer.c **** *  or a capture event.
  14:Generated_Source\PSoC5/Timer.c **** *
  15:Generated_Source\PSoC5/Timer.c **** * Note:
  16:Generated_Source\PSoC5/Timer.c **** *
  17:Generated_Source\PSoC5/Timer.c **** ********************************************************************************
  18:Generated_Source\PSoC5/Timer.c **** * Copyright 2008-2017, Cypress Semiconductor Corporation.  All rights reserved.
  19:Generated_Source\PSoC5/Timer.c **** * You may use this file only in accordance with the license, terms, conditions,
  20:Generated_Source\PSoC5/Timer.c **** * disclaimers, and limitations in the end user license agreement accompanying
  21:Generated_Source\PSoC5/Timer.c **** * the software package with which this file was provided.
  22:Generated_Source\PSoC5/Timer.c **** ********************************************************************************/
  23:Generated_Source\PSoC5/Timer.c **** 
  24:Generated_Source\PSoC5/Timer.c **** #include "Timer.h"
  25:Generated_Source\PSoC5/Timer.c **** 
  26:Generated_Source\PSoC5/Timer.c **** uint8 Timer_initVar = 0u;
  27:Generated_Source\PSoC5/Timer.c **** 
  28:Generated_Source\PSoC5/Timer.c **** 
  29:Generated_Source\PSoC5/Timer.c **** /*******************************************************************************
  30:Generated_Source\PSoC5/Timer.c **** * Function Name: Timer_Init
ARM GAS  C:\Users\adria\AppData\Local\Temp\cc2vPOZC.s 			page 2


  31:Generated_Source\PSoC5/Timer.c **** ********************************************************************************
  32:Generated_Source\PSoC5/Timer.c **** *
  33:Generated_Source\PSoC5/Timer.c **** * Summary:
  34:Generated_Source\PSoC5/Timer.c **** *  Initialize to the schematic state
  35:Generated_Source\PSoC5/Timer.c **** *
  36:Generated_Source\PSoC5/Timer.c **** * Parameters:
  37:Generated_Source\PSoC5/Timer.c **** *  void
  38:Generated_Source\PSoC5/Timer.c **** *
  39:Generated_Source\PSoC5/Timer.c **** * Return:
  40:Generated_Source\PSoC5/Timer.c **** *  void
  41:Generated_Source\PSoC5/Timer.c **** *
  42:Generated_Source\PSoC5/Timer.c **** *******************************************************************************/
  43:Generated_Source\PSoC5/Timer.c **** void Timer_Init(void) 
  44:Generated_Source\PSoC5/Timer.c **** {
  28              		.loc 1 44 0
  29              		.cfi_startproc
  30              		@ args = 0, pretend = 0, frame = 0
  31              		@ frame_needed = 0, uses_anonymous_args = 0
  32              		@ link register save eliminated.
  45:Generated_Source\PSoC5/Timer.c ****     #if(!Timer_UsingFixedFunction)
  46:Generated_Source\PSoC5/Timer.c ****             /* Interrupt State Backup for Critical Region*/
  47:Generated_Source\PSoC5/Timer.c ****             uint8 Timer_interruptState;
  48:Generated_Source\PSoC5/Timer.c ****     #endif /* Interrupt state back up for Fixed Function only */
  49:Generated_Source\PSoC5/Timer.c **** 
  50:Generated_Source\PSoC5/Timer.c ****     #if (Timer_UsingFixedFunction)
  51:Generated_Source\PSoC5/Timer.c ****         /* Clear all bits but the enable bit (if it's already set) for Timer operation */
  52:Generated_Source\PSoC5/Timer.c ****         Timer_CONTROL &= Timer_CTRL_ENABLE;
  33              		.loc 1 52 0
  34 0000 134A     		ldr	r2, .L2
  35 0002 1378     		ldrb	r3, [r2]	@ zero_extendqisi2
  36 0004 03F00103 		and	r3, r3, #1
  37 0008 1370     		strb	r3, [r2]
  53:Generated_Source\PSoC5/Timer.c **** 
  54:Generated_Source\PSoC5/Timer.c ****         /* Clear the mode bits for continuous run mode */
  55:Generated_Source\PSoC5/Timer.c ****         #if (CY_PSOC5A)
  56:Generated_Source\PSoC5/Timer.c ****             Timer_CONTROL2 &= ((uint8)(~Timer_CTRL_MODE_MASK));
  57:Generated_Source\PSoC5/Timer.c ****         #endif /* Clear bits in CONTROL2 only in PSOC5A */
  58:Generated_Source\PSoC5/Timer.c **** 
  59:Generated_Source\PSoC5/Timer.c ****         #if (CY_PSOC3 || CY_PSOC5LP)
  60:Generated_Source\PSoC5/Timer.c ****             Timer_CONTROL3 &= ((uint8)(~Timer_CTRL_MODE_MASK));
  38              		.loc 1 60 0
  39 000a 9378     		ldrb	r3, [r2, #2]	@ zero_extendqisi2
  40 000c 03F0FC03 		and	r3, r3, #252
  41 0010 9370     		strb	r3, [r2, #2]
  61:Generated_Source\PSoC5/Timer.c ****         #endif /* CONTROL3 register exists only in PSoC3 OR PSoC5LP */
  62:Generated_Source\PSoC5/Timer.c **** 
  63:Generated_Source\PSoC5/Timer.c ****         /* Check if One Shot mode is enabled i.e. RunMode !=0*/
  64:Generated_Source\PSoC5/Timer.c ****         #if (Timer_RunModeUsed != 0x0u)
  65:Generated_Source\PSoC5/Timer.c ****             /* Set 3rd bit of Control register to enable one shot mode */
  66:Generated_Source\PSoC5/Timer.c ****             Timer_CONTROL |= 0x04u;
  67:Generated_Source\PSoC5/Timer.c ****         #endif /* One Shot enabled only when RunModeUsed is not Continuous*/
  68:Generated_Source\PSoC5/Timer.c **** 
  69:Generated_Source\PSoC5/Timer.c ****         #if (Timer_RunModeUsed == 2)
  70:Generated_Source\PSoC5/Timer.c ****             #if (CY_PSOC5A)
  71:Generated_Source\PSoC5/Timer.c ****                 /* Set last 2 bits of control2 register if one shot(halt on
  72:Generated_Source\PSoC5/Timer.c ****                 interrupt) is enabled*/
  73:Generated_Source\PSoC5/Timer.c ****                 Timer_CONTROL2 |= 0x03u;
ARM GAS  C:\Users\adria\AppData\Local\Temp\cc2vPOZC.s 			page 3


  74:Generated_Source\PSoC5/Timer.c ****             #endif /* Set One-Shot Halt on Interrupt bit in CONTROL2 for PSoC5A */
  75:Generated_Source\PSoC5/Timer.c **** 
  76:Generated_Source\PSoC5/Timer.c ****             #if (CY_PSOC3 || CY_PSOC5LP)
  77:Generated_Source\PSoC5/Timer.c ****                 /* Set last 2 bits of control3 register if one shot(halt on
  78:Generated_Source\PSoC5/Timer.c ****                 interrupt) is enabled*/
  79:Generated_Source\PSoC5/Timer.c ****                 Timer_CONTROL3 |= 0x03u;
  80:Generated_Source\PSoC5/Timer.c ****             #endif /* Set One-Shot Halt on Interrupt bit in CONTROL3 for PSoC3 or PSoC5LP */
  81:Generated_Source\PSoC5/Timer.c **** 
  82:Generated_Source\PSoC5/Timer.c ****         #endif /* Remove section if One Shot Halt on Interrupt is not enabled */
  83:Generated_Source\PSoC5/Timer.c **** 
  84:Generated_Source\PSoC5/Timer.c ****         #if (Timer_UsingHWEnable != 0)
  85:Generated_Source\PSoC5/Timer.c ****             #if (CY_PSOC5A)
  86:Generated_Source\PSoC5/Timer.c ****                 /* Set the default Run Mode of the Timer to Continuous */
  87:Generated_Source\PSoC5/Timer.c ****                 Timer_CONTROL2 |= Timer_CTRL_MODE_PULSEWIDTH;
  88:Generated_Source\PSoC5/Timer.c ****             #endif /* Set Continuous Run Mode in CONTROL2 for PSoC5A */
  89:Generated_Source\PSoC5/Timer.c **** 
  90:Generated_Source\PSoC5/Timer.c ****             #if (CY_PSOC3 || CY_PSOC5LP)
  91:Generated_Source\PSoC5/Timer.c ****                 /* Clear and Set ROD and COD bits of CFG2 register */
  92:Generated_Source\PSoC5/Timer.c ****                 Timer_CONTROL3 &= ((uint8)(~Timer_CTRL_RCOD_MASK));
  93:Generated_Source\PSoC5/Timer.c ****                 Timer_CONTROL3 |= Timer_CTRL_RCOD;
  94:Generated_Source\PSoC5/Timer.c **** 
  95:Generated_Source\PSoC5/Timer.c ****                 /* Clear and Enable the HW enable bit in CFG2 register */
  96:Generated_Source\PSoC5/Timer.c ****                 Timer_CONTROL3 &= ((uint8)(~Timer_CTRL_ENBL_MASK));
  97:Generated_Source\PSoC5/Timer.c ****                 Timer_CONTROL3 |= Timer_CTRL_ENBL;
  98:Generated_Source\PSoC5/Timer.c **** 
  99:Generated_Source\PSoC5/Timer.c ****                 /* Set the default Run Mode of the Timer to Continuous */
 100:Generated_Source\PSoC5/Timer.c ****                 Timer_CONTROL3 |= Timer_CTRL_MODE_CONTINUOUS;
 101:Generated_Source\PSoC5/Timer.c ****             #endif /* Set Continuous Run Mode in CONTROL3 for PSoC3ES3 or PSoC5A */
 102:Generated_Source\PSoC5/Timer.c **** 
 103:Generated_Source\PSoC5/Timer.c ****         #endif /* Configure Run Mode with hardware enable */
 104:Generated_Source\PSoC5/Timer.c **** 
 105:Generated_Source\PSoC5/Timer.c ****         /* Clear and Set SYNCTC and SYNCCMP bits of RT1 register */
 106:Generated_Source\PSoC5/Timer.c ****         Timer_RT1 &= ((uint8)(~Timer_RT1_MASK));
  42              		.loc 1 106 0
  43 0012 104B     		ldr	r3, .L2+4
  44 0014 1A78     		ldrb	r2, [r3]	@ zero_extendqisi2
  45 0016 02F0CF02 		and	r2, r2, #207
  46 001a 1A70     		strb	r2, [r3]
 107:Generated_Source\PSoC5/Timer.c ****         Timer_RT1 |= Timer_SYNC;
  47              		.loc 1 107 0
  48 001c 1A78     		ldrb	r2, [r3]	@ zero_extendqisi2
  49 001e 42F03002 		orr	r2, r2, #48
  50 0022 1A70     		strb	r2, [r3]
 108:Generated_Source\PSoC5/Timer.c **** 
 109:Generated_Source\PSoC5/Timer.c ****         /*Enable DSI Sync all all inputs of the Timer*/
 110:Generated_Source\PSoC5/Timer.c ****         Timer_RT1 &= ((uint8)(~Timer_SYNCDSI_MASK));
  51              		.loc 1 110 0
  52 0024 1A78     		ldrb	r2, [r3]	@ zero_extendqisi2
  53 0026 02F0F002 		and	r2, r2, #240
  54 002a 1A70     		strb	r2, [r3]
 111:Generated_Source\PSoC5/Timer.c ****         Timer_RT1 |= Timer_SYNCDSI_EN;
  55              		.loc 1 111 0
  56 002c 1A78     		ldrb	r2, [r3]	@ zero_extendqisi2
  57 002e 42F00F02 		orr	r2, r2, #15
  58 0032 1A70     		strb	r2, [r3]
 112:Generated_Source\PSoC5/Timer.c **** 
 113:Generated_Source\PSoC5/Timer.c ****         /* Set the IRQ to use the status register interrupts */
ARM GAS  C:\Users\adria\AppData\Local\Temp\cc2vPOZC.s 			page 4


 114:Generated_Source\PSoC5/Timer.c ****         Timer_CONTROL2 |= Timer_CTRL2_IRQ_SEL;
  59              		.loc 1 114 0
  60 0034 084A     		ldr	r2, .L2+8
  61 0036 1378     		ldrb	r3, [r2]	@ zero_extendqisi2
  62 0038 43F00103 		orr	r3, r3, #1
  63 003c 1370     		strb	r3, [r2]
  64              	.LVL0:
  65              	.LBB8:
  66              	.LBB9:
 115:Generated_Source\PSoC5/Timer.c ****     #endif /* Configuring registers of fixed function implementation */
 116:Generated_Source\PSoC5/Timer.c **** 
 117:Generated_Source\PSoC5/Timer.c ****     /* Set Initial values from Configuration */
 118:Generated_Source\PSoC5/Timer.c ****     Timer_WritePeriod(Timer_INIT_PERIOD);
 119:Generated_Source\PSoC5/Timer.c ****     Timer_WriteCounter(Timer_INIT_PERIOD);
 120:Generated_Source\PSoC5/Timer.c **** 
 121:Generated_Source\PSoC5/Timer.c ****     #if (Timer_UsingHWCaptureCounter)/* Capture counter is enabled */
 122:Generated_Source\PSoC5/Timer.c ****         Timer_CAPTURE_COUNT_CTRL |= Timer_CNTR_ENABLE;
 123:Generated_Source\PSoC5/Timer.c ****         Timer_SetCaptureCount(Timer_INIT_CAPTURE_COUNT);
 124:Generated_Source\PSoC5/Timer.c ****     #endif /* Configure capture counter value */
 125:Generated_Source\PSoC5/Timer.c **** 
 126:Generated_Source\PSoC5/Timer.c ****     #if (!Timer_UsingFixedFunction)
 127:Generated_Source\PSoC5/Timer.c ****         #if (Timer_SoftwareCaptureMode)
 128:Generated_Source\PSoC5/Timer.c ****             Timer_SetCaptureMode(Timer_INIT_CAPTURE_MODE);
 129:Generated_Source\PSoC5/Timer.c ****         #endif /* Set Capture Mode for UDB implementation if capture mode is software controlled */
 130:Generated_Source\PSoC5/Timer.c **** 
 131:Generated_Source\PSoC5/Timer.c ****         #if (Timer_SoftwareTriggerMode)
 132:Generated_Source\PSoC5/Timer.c ****             #if (!Timer_UDB_CONTROL_REG_REMOVED)
 133:Generated_Source\PSoC5/Timer.c ****                 if (0u == (Timer_CONTROL & Timer__B_TIMER__TM_SOFTWARE))
 134:Generated_Source\PSoC5/Timer.c ****                 {
 135:Generated_Source\PSoC5/Timer.c ****                     Timer_SetTriggerMode(Timer_INIT_TRIGGER_MODE);
 136:Generated_Source\PSoC5/Timer.c ****                 }
 137:Generated_Source\PSoC5/Timer.c ****             #endif /* (!Timer_UDB_CONTROL_REG_REMOVED) */
 138:Generated_Source\PSoC5/Timer.c ****         #endif /* Set trigger mode for UDB Implementation if trigger mode is software controlled */
 139:Generated_Source\PSoC5/Timer.c **** 
 140:Generated_Source\PSoC5/Timer.c ****         /* CyEnterCriticalRegion and CyExitCriticalRegion are used to mark following region critica
 141:Generated_Source\PSoC5/Timer.c ****         /* Enter Critical Region*/
 142:Generated_Source\PSoC5/Timer.c ****         Timer_interruptState = CyEnterCriticalSection();
 143:Generated_Source\PSoC5/Timer.c **** 
 144:Generated_Source\PSoC5/Timer.c ****         /* Use the interrupt output of the status register for IRQ output */
 145:Generated_Source\PSoC5/Timer.c ****         Timer_STATUS_AUX_CTRL |= Timer_STATUS_ACTL_INT_EN_MASK;
 146:Generated_Source\PSoC5/Timer.c **** 
 147:Generated_Source\PSoC5/Timer.c ****         /* Exit Critical Region*/
 148:Generated_Source\PSoC5/Timer.c ****         CyExitCriticalSection(Timer_interruptState);
 149:Generated_Source\PSoC5/Timer.c **** 
 150:Generated_Source\PSoC5/Timer.c ****         #if (Timer_EnableTriggerMode)
 151:Generated_Source\PSoC5/Timer.c ****             Timer_EnableTrigger();
 152:Generated_Source\PSoC5/Timer.c ****         #endif /* Set Trigger enable bit for UDB implementation in the control register*/
 153:Generated_Source\PSoC5/Timer.c **** 		
 154:Generated_Source\PSoC5/Timer.c **** 		
 155:Generated_Source\PSoC5/Timer.c ****         #if (Timer_InterruptOnCaptureCount && !Timer_UDB_CONTROL_REG_REMOVED)
 156:Generated_Source\PSoC5/Timer.c ****             Timer_SetInterruptCount(Timer_INIT_INT_CAPTURE_COUNT);
 157:Generated_Source\PSoC5/Timer.c ****         #endif /* Set interrupt count in UDB implementation if interrupt count feature is checked.*
 158:Generated_Source\PSoC5/Timer.c **** 
 159:Generated_Source\PSoC5/Timer.c ****         Timer_ClearFIFO();
 160:Generated_Source\PSoC5/Timer.c ****     #endif /* Configure additional features of UDB implementation */
 161:Generated_Source\PSoC5/Timer.c **** 
 162:Generated_Source\PSoC5/Timer.c ****     Timer_SetInterruptMode(Timer_INIT_INTERRUPT_MODE);
ARM GAS  C:\Users\adria\AppData\Local\Temp\cc2vPOZC.s 			page 5


 163:Generated_Source\PSoC5/Timer.c **** }
 164:Generated_Source\PSoC5/Timer.c **** 
 165:Generated_Source\PSoC5/Timer.c **** 
 166:Generated_Source\PSoC5/Timer.c **** /*******************************************************************************
 167:Generated_Source\PSoC5/Timer.c **** * Function Name: Timer_Enable
 168:Generated_Source\PSoC5/Timer.c **** ********************************************************************************
 169:Generated_Source\PSoC5/Timer.c **** *
 170:Generated_Source\PSoC5/Timer.c **** * Summary:
 171:Generated_Source\PSoC5/Timer.c **** *  Enable the Timer
 172:Generated_Source\PSoC5/Timer.c **** *
 173:Generated_Source\PSoC5/Timer.c **** * Parameters:
 174:Generated_Source\PSoC5/Timer.c **** *  void
 175:Generated_Source\PSoC5/Timer.c **** *
 176:Generated_Source\PSoC5/Timer.c **** * Return:
 177:Generated_Source\PSoC5/Timer.c **** *  void
 178:Generated_Source\PSoC5/Timer.c **** *
 179:Generated_Source\PSoC5/Timer.c **** *******************************************************************************/
 180:Generated_Source\PSoC5/Timer.c **** void Timer_Enable(void) 
 181:Generated_Source\PSoC5/Timer.c **** {
 182:Generated_Source\PSoC5/Timer.c ****     /* Globally Enable the Fixed Function Block chosen */
 183:Generated_Source\PSoC5/Timer.c ****     #if (Timer_UsingFixedFunction)
 184:Generated_Source\PSoC5/Timer.c ****         Timer_GLOBAL_ENABLE |= Timer_BLOCK_EN_MASK;
 185:Generated_Source\PSoC5/Timer.c ****         Timer_GLOBAL_STBY_ENABLE |= Timer_BLOCK_STBY_EN_MASK;
 186:Generated_Source\PSoC5/Timer.c ****     #endif /* Set Enable bit for enabling Fixed function timer*/
 187:Generated_Source\PSoC5/Timer.c **** 
 188:Generated_Source\PSoC5/Timer.c ****     /* Remove assignment if control register is removed */
 189:Generated_Source\PSoC5/Timer.c ****     #if (!Timer_UDB_CONTROL_REG_REMOVED || Timer_UsingFixedFunction)
 190:Generated_Source\PSoC5/Timer.c ****         Timer_CONTROL |= Timer_CTRL_ENABLE;
 191:Generated_Source\PSoC5/Timer.c ****     #endif /* Remove assignment if control register is removed */
 192:Generated_Source\PSoC5/Timer.c **** }
 193:Generated_Source\PSoC5/Timer.c **** 
 194:Generated_Source\PSoC5/Timer.c **** 
 195:Generated_Source\PSoC5/Timer.c **** /*******************************************************************************
 196:Generated_Source\PSoC5/Timer.c **** * Function Name: Timer_Start
 197:Generated_Source\PSoC5/Timer.c **** ********************************************************************************
 198:Generated_Source\PSoC5/Timer.c **** *
 199:Generated_Source\PSoC5/Timer.c **** * Summary:
 200:Generated_Source\PSoC5/Timer.c **** *  The start function initializes the timer with the default values, the
 201:Generated_Source\PSoC5/Timer.c **** *  enables the timerto begin counting.  It does not enable interrupts,
 202:Generated_Source\PSoC5/Timer.c **** *  the EnableInt command should be called if interrupt generation is required.
 203:Generated_Source\PSoC5/Timer.c **** *
 204:Generated_Source\PSoC5/Timer.c **** * Parameters:
 205:Generated_Source\PSoC5/Timer.c **** *  void
 206:Generated_Source\PSoC5/Timer.c **** *
 207:Generated_Source\PSoC5/Timer.c **** * Return:
 208:Generated_Source\PSoC5/Timer.c **** *  void
 209:Generated_Source\PSoC5/Timer.c **** *
 210:Generated_Source\PSoC5/Timer.c **** * Global variables:
 211:Generated_Source\PSoC5/Timer.c **** *  Timer_initVar: Is modified when this function is called for the
 212:Generated_Source\PSoC5/Timer.c **** *   first time. Is used to ensure that initialization happens only once.
 213:Generated_Source\PSoC5/Timer.c **** *
 214:Generated_Source\PSoC5/Timer.c **** *******************************************************************************/
 215:Generated_Source\PSoC5/Timer.c **** void Timer_Start(void) 
 216:Generated_Source\PSoC5/Timer.c **** {
 217:Generated_Source\PSoC5/Timer.c ****     if(Timer_initVar == 0u)
 218:Generated_Source\PSoC5/Timer.c ****     {
 219:Generated_Source\PSoC5/Timer.c ****         Timer_Init();
ARM GAS  C:\Users\adria\AppData\Local\Temp\cc2vPOZC.s 			page 6


 220:Generated_Source\PSoC5/Timer.c **** 
 221:Generated_Source\PSoC5/Timer.c ****         Timer_initVar = 1u;   /* Clear this bit for Initialization */
 222:Generated_Source\PSoC5/Timer.c ****     }
 223:Generated_Source\PSoC5/Timer.c **** 
 224:Generated_Source\PSoC5/Timer.c ****     /* Enable the Timer */
 225:Generated_Source\PSoC5/Timer.c ****     Timer_Enable();
 226:Generated_Source\PSoC5/Timer.c **** }
 227:Generated_Source\PSoC5/Timer.c **** 
 228:Generated_Source\PSoC5/Timer.c **** 
 229:Generated_Source\PSoC5/Timer.c **** /*******************************************************************************
 230:Generated_Source\PSoC5/Timer.c **** * Function Name: Timer_Stop
 231:Generated_Source\PSoC5/Timer.c **** ********************************************************************************
 232:Generated_Source\PSoC5/Timer.c **** *
 233:Generated_Source\PSoC5/Timer.c **** * Summary:
 234:Generated_Source\PSoC5/Timer.c **** *  The stop function halts the timer, but does not change any modes or disable
 235:Generated_Source\PSoC5/Timer.c **** *  interrupts.
 236:Generated_Source\PSoC5/Timer.c **** *
 237:Generated_Source\PSoC5/Timer.c **** * Parameters:
 238:Generated_Source\PSoC5/Timer.c **** *  void
 239:Generated_Source\PSoC5/Timer.c **** *
 240:Generated_Source\PSoC5/Timer.c **** * Return:
 241:Generated_Source\PSoC5/Timer.c **** *  void
 242:Generated_Source\PSoC5/Timer.c **** *
 243:Generated_Source\PSoC5/Timer.c **** * Side Effects: If the Enable mode is set to Hardware only then this function
 244:Generated_Source\PSoC5/Timer.c **** *               has no effect on the operation of the timer.
 245:Generated_Source\PSoC5/Timer.c **** *
 246:Generated_Source\PSoC5/Timer.c **** *******************************************************************************/
 247:Generated_Source\PSoC5/Timer.c **** void Timer_Stop(void) 
 248:Generated_Source\PSoC5/Timer.c **** {
 249:Generated_Source\PSoC5/Timer.c ****     /* Disable Timer */
 250:Generated_Source\PSoC5/Timer.c ****     #if(!Timer_UDB_CONTROL_REG_REMOVED || Timer_UsingFixedFunction)
 251:Generated_Source\PSoC5/Timer.c ****         Timer_CONTROL &= ((uint8)(~Timer_CTRL_ENABLE));
 252:Generated_Source\PSoC5/Timer.c ****     #endif /* Remove assignment if control register is removed */
 253:Generated_Source\PSoC5/Timer.c **** 
 254:Generated_Source\PSoC5/Timer.c ****     /* Globally disable the Fixed Function Block chosen */
 255:Generated_Source\PSoC5/Timer.c ****     #if (Timer_UsingFixedFunction)
 256:Generated_Source\PSoC5/Timer.c ****         Timer_GLOBAL_ENABLE &= ((uint8)(~Timer_BLOCK_EN_MASK));
 257:Generated_Source\PSoC5/Timer.c ****         Timer_GLOBAL_STBY_ENABLE &= ((uint8)(~Timer_BLOCK_STBY_EN_MASK));
 258:Generated_Source\PSoC5/Timer.c ****     #endif /* Disable global enable for the Timer Fixed function block to stop the Timer*/
 259:Generated_Source\PSoC5/Timer.c **** }
 260:Generated_Source\PSoC5/Timer.c **** 
 261:Generated_Source\PSoC5/Timer.c **** 
 262:Generated_Source\PSoC5/Timer.c **** /*******************************************************************************
 263:Generated_Source\PSoC5/Timer.c **** * Function Name: Timer_SetInterruptMode
 264:Generated_Source\PSoC5/Timer.c **** ********************************************************************************
 265:Generated_Source\PSoC5/Timer.c **** *
 266:Generated_Source\PSoC5/Timer.c **** * Summary:
 267:Generated_Source\PSoC5/Timer.c **** *  This function selects which of the interrupt inputs may cause an interrupt.
 268:Generated_Source\PSoC5/Timer.c **** *  The twosources are caputure and terminal.  One, both or neither may
 269:Generated_Source\PSoC5/Timer.c **** *  be selected.
 270:Generated_Source\PSoC5/Timer.c **** *
 271:Generated_Source\PSoC5/Timer.c **** * Parameters:
 272:Generated_Source\PSoC5/Timer.c **** *  interruptMode:   This parameter is used to enable interrups on either/or
 273:Generated_Source\PSoC5/Timer.c **** *                   terminal count or capture.
 274:Generated_Source\PSoC5/Timer.c **** *
 275:Generated_Source\PSoC5/Timer.c **** * Return:
 276:Generated_Source\PSoC5/Timer.c **** *  void
ARM GAS  C:\Users\adria\AppData\Local\Temp\cc2vPOZC.s 			page 7


 277:Generated_Source\PSoC5/Timer.c **** *
 278:Generated_Source\PSoC5/Timer.c **** *******************************************************************************/
 279:Generated_Source\PSoC5/Timer.c **** void Timer_SetInterruptMode(uint8 interruptMode) 
 280:Generated_Source\PSoC5/Timer.c **** {
 281:Generated_Source\PSoC5/Timer.c ****     Timer_STATUS_MASK = interruptMode;
 282:Generated_Source\PSoC5/Timer.c **** }
 283:Generated_Source\PSoC5/Timer.c **** 
 284:Generated_Source\PSoC5/Timer.c **** 
 285:Generated_Source\PSoC5/Timer.c **** /*******************************************************************************
 286:Generated_Source\PSoC5/Timer.c **** * Function Name: Timer_SoftwareCapture
 287:Generated_Source\PSoC5/Timer.c **** ********************************************************************************
 288:Generated_Source\PSoC5/Timer.c **** *
 289:Generated_Source\PSoC5/Timer.c **** * Summary:
 290:Generated_Source\PSoC5/Timer.c **** *  This function forces a capture independent of the capture signal.
 291:Generated_Source\PSoC5/Timer.c **** *
 292:Generated_Source\PSoC5/Timer.c **** * Parameters:
 293:Generated_Source\PSoC5/Timer.c **** *  void
 294:Generated_Source\PSoC5/Timer.c **** *
 295:Generated_Source\PSoC5/Timer.c **** * Return:
 296:Generated_Source\PSoC5/Timer.c **** *  void
 297:Generated_Source\PSoC5/Timer.c **** *
 298:Generated_Source\PSoC5/Timer.c **** * Side Effects:
 299:Generated_Source\PSoC5/Timer.c **** *  An existing hardware capture could be overwritten.
 300:Generated_Source\PSoC5/Timer.c **** *
 301:Generated_Source\PSoC5/Timer.c **** *******************************************************************************/
 302:Generated_Source\PSoC5/Timer.c **** void Timer_SoftwareCapture(void) 
 303:Generated_Source\PSoC5/Timer.c **** {
 304:Generated_Source\PSoC5/Timer.c ****     /* Generate a software capture by reading the counter register */
 305:Generated_Source\PSoC5/Timer.c ****     #if(Timer_UsingFixedFunction)
 306:Generated_Source\PSoC5/Timer.c ****         (void)CY_GET_REG16(Timer_COUNTER_LSB_PTR);
 307:Generated_Source\PSoC5/Timer.c ****     #else
 308:Generated_Source\PSoC5/Timer.c ****         (void)CY_GET_REG8(Timer_COUNTER_LSB_PTR_8BIT);
 309:Generated_Source\PSoC5/Timer.c ****     #endif/* (Timer_UsingFixedFunction) */
 310:Generated_Source\PSoC5/Timer.c ****     /* Capture Data is now in the FIFO */
 311:Generated_Source\PSoC5/Timer.c **** }
 312:Generated_Source\PSoC5/Timer.c **** 
 313:Generated_Source\PSoC5/Timer.c **** 
 314:Generated_Source\PSoC5/Timer.c **** /*******************************************************************************
 315:Generated_Source\PSoC5/Timer.c **** * Function Name: Timer_ReadStatusRegister
 316:Generated_Source\PSoC5/Timer.c **** ********************************************************************************
 317:Generated_Source\PSoC5/Timer.c **** *
 318:Generated_Source\PSoC5/Timer.c **** * Summary:
 319:Generated_Source\PSoC5/Timer.c **** *  Reads the status register and returns it's state. This function should use
 320:Generated_Source\PSoC5/Timer.c **** *  defined types for the bit-field information as the bits in this register may
 321:Generated_Source\PSoC5/Timer.c **** *  be permuteable.
 322:Generated_Source\PSoC5/Timer.c **** *
 323:Generated_Source\PSoC5/Timer.c **** * Parameters:
 324:Generated_Source\PSoC5/Timer.c **** *  void
 325:Generated_Source\PSoC5/Timer.c **** *
 326:Generated_Source\PSoC5/Timer.c **** * Return:
 327:Generated_Source\PSoC5/Timer.c **** *  The contents of the status register
 328:Generated_Source\PSoC5/Timer.c **** *
 329:Generated_Source\PSoC5/Timer.c **** * Side Effects:
 330:Generated_Source\PSoC5/Timer.c **** *  Status register bits may be clear on read.
 331:Generated_Source\PSoC5/Timer.c **** *
 332:Generated_Source\PSoC5/Timer.c **** *******************************************************************************/
 333:Generated_Source\PSoC5/Timer.c **** uint8   Timer_ReadStatusRegister(void) 
ARM GAS  C:\Users\adria\AppData\Local\Temp\cc2vPOZC.s 			page 8


 334:Generated_Source\PSoC5/Timer.c **** {
 335:Generated_Source\PSoC5/Timer.c ****     return (Timer_STATUS);
 336:Generated_Source\PSoC5/Timer.c **** }
 337:Generated_Source\PSoC5/Timer.c **** 
 338:Generated_Source\PSoC5/Timer.c **** 
 339:Generated_Source\PSoC5/Timer.c **** #if (!Timer_UDB_CONTROL_REG_REMOVED) /* Remove API if control register is unused */
 340:Generated_Source\PSoC5/Timer.c **** 
 341:Generated_Source\PSoC5/Timer.c **** 
 342:Generated_Source\PSoC5/Timer.c **** /*******************************************************************************
 343:Generated_Source\PSoC5/Timer.c **** * Function Name: Timer_ReadControlRegister
 344:Generated_Source\PSoC5/Timer.c **** ********************************************************************************
 345:Generated_Source\PSoC5/Timer.c **** *
 346:Generated_Source\PSoC5/Timer.c **** * Summary:
 347:Generated_Source\PSoC5/Timer.c **** *  Reads the control register and returns it's value.
 348:Generated_Source\PSoC5/Timer.c **** *
 349:Generated_Source\PSoC5/Timer.c **** * Parameters:
 350:Generated_Source\PSoC5/Timer.c **** *  void
 351:Generated_Source\PSoC5/Timer.c **** *
 352:Generated_Source\PSoC5/Timer.c **** * Return:
 353:Generated_Source\PSoC5/Timer.c **** *  The contents of the control register
 354:Generated_Source\PSoC5/Timer.c **** *
 355:Generated_Source\PSoC5/Timer.c **** *******************************************************************************/
 356:Generated_Source\PSoC5/Timer.c **** uint8 Timer_ReadControlRegister(void) 
 357:Generated_Source\PSoC5/Timer.c **** {
 358:Generated_Source\PSoC5/Timer.c ****     #if (!Timer_UDB_CONTROL_REG_REMOVED) 
 359:Generated_Source\PSoC5/Timer.c ****         return ((uint8)Timer_CONTROL);
 360:Generated_Source\PSoC5/Timer.c ****     #else
 361:Generated_Source\PSoC5/Timer.c ****         return (0);
 362:Generated_Source\PSoC5/Timer.c ****     #endif /* (!Timer_UDB_CONTROL_REG_REMOVED) */
 363:Generated_Source\PSoC5/Timer.c **** }
 364:Generated_Source\PSoC5/Timer.c **** 
 365:Generated_Source\PSoC5/Timer.c **** 
 366:Generated_Source\PSoC5/Timer.c **** /*******************************************************************************
 367:Generated_Source\PSoC5/Timer.c **** * Function Name: Timer_WriteControlRegister
 368:Generated_Source\PSoC5/Timer.c **** ********************************************************************************
 369:Generated_Source\PSoC5/Timer.c **** *
 370:Generated_Source\PSoC5/Timer.c **** * Summary:
 371:Generated_Source\PSoC5/Timer.c **** *  Sets the bit-field of the control register.
 372:Generated_Source\PSoC5/Timer.c **** *
 373:Generated_Source\PSoC5/Timer.c **** * Parameters:
 374:Generated_Source\PSoC5/Timer.c **** *  control: The contents of the control register
 375:Generated_Source\PSoC5/Timer.c **** *
 376:Generated_Source\PSoC5/Timer.c **** * Return:
 377:Generated_Source\PSoC5/Timer.c **** *
 378:Generated_Source\PSoC5/Timer.c **** *******************************************************************************/
 379:Generated_Source\PSoC5/Timer.c **** void Timer_WriteControlRegister(uint8 control) 
 380:Generated_Source\PSoC5/Timer.c **** {
 381:Generated_Source\PSoC5/Timer.c ****     #if (!Timer_UDB_CONTROL_REG_REMOVED) 
 382:Generated_Source\PSoC5/Timer.c ****         Timer_CONTROL = control;
 383:Generated_Source\PSoC5/Timer.c ****     #else
 384:Generated_Source\PSoC5/Timer.c ****         control = 0u;
 385:Generated_Source\PSoC5/Timer.c ****     #endif /* (!Timer_UDB_CONTROL_REG_REMOVED) */
 386:Generated_Source\PSoC5/Timer.c **** }
 387:Generated_Source\PSoC5/Timer.c **** 
 388:Generated_Source\PSoC5/Timer.c **** #endif /* Remove API if control register is unused */
 389:Generated_Source\PSoC5/Timer.c **** 
 390:Generated_Source\PSoC5/Timer.c **** 
ARM GAS  C:\Users\adria\AppData\Local\Temp\cc2vPOZC.s 			page 9


 391:Generated_Source\PSoC5/Timer.c **** /*******************************************************************************
 392:Generated_Source\PSoC5/Timer.c **** * Function Name: Timer_ReadPeriod
 393:Generated_Source\PSoC5/Timer.c **** ********************************************************************************
 394:Generated_Source\PSoC5/Timer.c **** *
 395:Generated_Source\PSoC5/Timer.c **** * Summary:
 396:Generated_Source\PSoC5/Timer.c **** *  This function returns the current value of the Period.
 397:Generated_Source\PSoC5/Timer.c **** *
 398:Generated_Source\PSoC5/Timer.c **** * Parameters:
 399:Generated_Source\PSoC5/Timer.c **** *  void
 400:Generated_Source\PSoC5/Timer.c **** *
 401:Generated_Source\PSoC5/Timer.c **** * Return:
 402:Generated_Source\PSoC5/Timer.c **** *  The present value of the counter.
 403:Generated_Source\PSoC5/Timer.c **** *
 404:Generated_Source\PSoC5/Timer.c **** *******************************************************************************/
 405:Generated_Source\PSoC5/Timer.c **** uint16 Timer_ReadPeriod(void) 
 406:Generated_Source\PSoC5/Timer.c **** {
 407:Generated_Source\PSoC5/Timer.c ****    #if(Timer_UsingFixedFunction)
 408:Generated_Source\PSoC5/Timer.c ****        return ((uint16)CY_GET_REG16(Timer_PERIOD_LSB_PTR));
 409:Generated_Source\PSoC5/Timer.c ****    #else
 410:Generated_Source\PSoC5/Timer.c ****        return (CY_GET_REG16(Timer_PERIOD_LSB_PTR));
 411:Generated_Source\PSoC5/Timer.c ****    #endif /* (Timer_UsingFixedFunction) */
 412:Generated_Source\PSoC5/Timer.c **** }
 413:Generated_Source\PSoC5/Timer.c **** 
 414:Generated_Source\PSoC5/Timer.c **** 
 415:Generated_Source\PSoC5/Timer.c **** /*******************************************************************************
 416:Generated_Source\PSoC5/Timer.c **** * Function Name: Timer_WritePeriod
 417:Generated_Source\PSoC5/Timer.c **** ********************************************************************************
 418:Generated_Source\PSoC5/Timer.c **** *
 419:Generated_Source\PSoC5/Timer.c **** * Summary:
 420:Generated_Source\PSoC5/Timer.c **** *  This function is used to change the period of the counter.  The new period
 421:Generated_Source\PSoC5/Timer.c **** *  will be loaded the next time terminal count is detected.
 422:Generated_Source\PSoC5/Timer.c **** *
 423:Generated_Source\PSoC5/Timer.c **** * Parameters:
 424:Generated_Source\PSoC5/Timer.c **** *  period: This value may be between 1 and (2^Resolution)-1.  A value of 0 will
 425:Generated_Source\PSoC5/Timer.c **** *          result in the counter remaining at zero.
 426:Generated_Source\PSoC5/Timer.c **** *
 427:Generated_Source\PSoC5/Timer.c **** * Return:
 428:Generated_Source\PSoC5/Timer.c **** *  void
 429:Generated_Source\PSoC5/Timer.c **** *
 430:Generated_Source\PSoC5/Timer.c **** *******************************************************************************/
 431:Generated_Source\PSoC5/Timer.c **** void Timer_WritePeriod(uint16 period) 
 432:Generated_Source\PSoC5/Timer.c **** {
 433:Generated_Source\PSoC5/Timer.c ****     #if(Timer_UsingFixedFunction)
 434:Generated_Source\PSoC5/Timer.c ****         uint16 period_temp = (uint16)period;
 435:Generated_Source\PSoC5/Timer.c ****         CY_SET_REG16(Timer_PERIOD_LSB_PTR, period_temp);
  67              		.loc 1 435 0
  68 003e 0123     		movs	r3, #1
  69 0040 A2F80330 		strh	r3, [r2, #3]	@ movhi
  70              	.LVL1:
  71              	.LBE9:
  72              	.LBE8:
  73              	.LBB10:
  74              	.LBB11:
 436:Generated_Source\PSoC5/Timer.c ****     #else
 437:Generated_Source\PSoC5/Timer.c ****         CY_SET_REG16(Timer_PERIOD_LSB_PTR, period);
 438:Generated_Source\PSoC5/Timer.c ****     #endif /*Write Period value with appropriate resolution suffix depending on UDB or fixed functi
 439:Generated_Source\PSoC5/Timer.c **** }
ARM GAS  C:\Users\adria\AppData\Local\Temp\cc2vPOZC.s 			page 10


 440:Generated_Source\PSoC5/Timer.c **** 
 441:Generated_Source\PSoC5/Timer.c **** 
 442:Generated_Source\PSoC5/Timer.c **** /*******************************************************************************
 443:Generated_Source\PSoC5/Timer.c **** * Function Name: Timer_ReadCapture
 444:Generated_Source\PSoC5/Timer.c **** ********************************************************************************
 445:Generated_Source\PSoC5/Timer.c **** *
 446:Generated_Source\PSoC5/Timer.c **** * Summary:
 447:Generated_Source\PSoC5/Timer.c **** *  This function returns the last value captured.
 448:Generated_Source\PSoC5/Timer.c **** *
 449:Generated_Source\PSoC5/Timer.c **** * Parameters:
 450:Generated_Source\PSoC5/Timer.c **** *  void
 451:Generated_Source\PSoC5/Timer.c **** *
 452:Generated_Source\PSoC5/Timer.c **** * Return:
 453:Generated_Source\PSoC5/Timer.c **** *  Present Capture value.
 454:Generated_Source\PSoC5/Timer.c **** *
 455:Generated_Source\PSoC5/Timer.c **** *******************************************************************************/
 456:Generated_Source\PSoC5/Timer.c **** uint16 Timer_ReadCapture(void) 
 457:Generated_Source\PSoC5/Timer.c **** {
 458:Generated_Source\PSoC5/Timer.c ****    #if(Timer_UsingFixedFunction)
 459:Generated_Source\PSoC5/Timer.c ****        return ((uint16)CY_GET_REG16(Timer_CAPTURE_LSB_PTR));
 460:Generated_Source\PSoC5/Timer.c ****    #else
 461:Generated_Source\PSoC5/Timer.c ****        return (CY_GET_REG16(Timer_CAPTURE_LSB_PTR));
 462:Generated_Source\PSoC5/Timer.c ****    #endif /* (Timer_UsingFixedFunction) */
 463:Generated_Source\PSoC5/Timer.c **** }
 464:Generated_Source\PSoC5/Timer.c **** 
 465:Generated_Source\PSoC5/Timer.c **** 
 466:Generated_Source\PSoC5/Timer.c **** /*******************************************************************************
 467:Generated_Source\PSoC5/Timer.c **** * Function Name: Timer_WriteCounter
 468:Generated_Source\PSoC5/Timer.c **** ********************************************************************************
 469:Generated_Source\PSoC5/Timer.c **** *
 470:Generated_Source\PSoC5/Timer.c **** * Summary:
 471:Generated_Source\PSoC5/Timer.c **** *  This funtion is used to set the counter to a specific value
 472:Generated_Source\PSoC5/Timer.c **** *
 473:Generated_Source\PSoC5/Timer.c **** * Parameters:
 474:Generated_Source\PSoC5/Timer.c **** *  counter:  New counter value.
 475:Generated_Source\PSoC5/Timer.c **** *
 476:Generated_Source\PSoC5/Timer.c **** * Return:
 477:Generated_Source\PSoC5/Timer.c **** *  void
 478:Generated_Source\PSoC5/Timer.c **** *
 479:Generated_Source\PSoC5/Timer.c **** *******************************************************************************/
 480:Generated_Source\PSoC5/Timer.c **** void Timer_WriteCounter(uint16 counter) 
 481:Generated_Source\PSoC5/Timer.c **** {
 482:Generated_Source\PSoC5/Timer.c ****    #if(Timer_UsingFixedFunction)
 483:Generated_Source\PSoC5/Timer.c ****         /* This functionality is removed until a FixedFunction HW update to
 484:Generated_Source\PSoC5/Timer.c ****          * allow this register to be written
 485:Generated_Source\PSoC5/Timer.c ****          */
 486:Generated_Source\PSoC5/Timer.c ****         CY_SET_REG16(Timer_COUNTER_LSB_PTR, (uint16)counter);
  75              		.loc 1 486 0
  76 0044 A2F80530 		strh	r3, [r2, #5]	@ movhi
  77              	.LVL2:
  78              	.LBE11:
  79              	.LBE10:
  80              	.LBB12:
  81              	.LBB13:
 281:Generated_Source\PSoC5/Timer.c **** }
  82              		.loc 1 281 0
  83 0048 044B     		ldr	r3, .L2+12
ARM GAS  C:\Users\adria\AppData\Local\Temp\cc2vPOZC.s 			page 11


  84 004a 0022     		movs	r2, #0
  85 004c 1A70     		strb	r2, [r3]
  86              	.LVL3:
  87 004e 7047     		bx	lr
  88              	.L3:
  89              		.align	2
  90              	.L2:
  91 0050 004F0040 		.word	1073762048
  92 0054 0B4F0040 		.word	1073762059
  93 0058 014F0040 		.word	1073762049
  94 005c 034F0040 		.word	1073762051
  95              	.LBE13:
  96              	.LBE12:
  97              		.cfi_endproc
  98              	.LFE0:
  99              		.size	Timer_Init, .-Timer_Init
 100              		.section	.text.Timer_Enable,"ax",%progbits
 101              		.align	1
 102              		.global	Timer_Enable
 103              		.thumb
 104              		.thumb_func
 105              		.type	Timer_Enable, %function
 106              	Timer_Enable:
 107              	.LFB1:
 181:Generated_Source\PSoC5/Timer.c ****     /* Globally Enable the Fixed Function Block chosen */
 108              		.loc 1 181 0
 109              		.cfi_startproc
 110              		@ args = 0, pretend = 0, frame = 0
 111              		@ frame_needed = 0, uses_anonymous_args = 0
 112              		@ link register save eliminated.
 184:Generated_Source\PSoC5/Timer.c ****         Timer_GLOBAL_STBY_ENABLE |= Timer_BLOCK_STBY_EN_MASK;
 113              		.loc 1 184 0
 114 0000 074A     		ldr	r2, .L5
 115 0002 1378     		ldrb	r3, [r2]	@ zero_extendqisi2
 116 0004 43F00103 		orr	r3, r3, #1
 117 0008 1370     		strb	r3, [r2]
 185:Generated_Source\PSoC5/Timer.c ****     #endif /* Set Enable bit for enabling Fixed function timer*/
 118              		.loc 1 185 0
 119 000a 137C     		ldrb	r3, [r2, #16]	@ zero_extendqisi2
 120 000c 43F00103 		orr	r3, r3, #1
 121 0010 1374     		strb	r3, [r2, #16]
 190:Generated_Source\PSoC5/Timer.c ****     #endif /* Remove assignment if control register is removed */
 122              		.loc 1 190 0
 123 0012 92F85D3B 		ldrb	r3, [r2, #2909]	@ zero_extendqisi2
 124 0016 43F00103 		orr	r3, r3, #1
 125 001a 82F85D3B 		strb	r3, [r2, #2909]
 126 001e 7047     		bx	lr
 127              	.L6:
 128              		.align	2
 129              	.L5:
 130 0020 A3430040 		.word	1073759139
 131              		.cfi_endproc
 132              	.LFE1:
 133              		.size	Timer_Enable, .-Timer_Enable
 134              		.section	.text.Timer_Start,"ax",%progbits
 135              		.align	1
 136              		.global	Timer_Start
ARM GAS  C:\Users\adria\AppData\Local\Temp\cc2vPOZC.s 			page 12


 137              		.thumb
 138              		.thumb_func
 139              		.type	Timer_Start, %function
 140              	Timer_Start:
 141              	.LFB2:
 216:Generated_Source\PSoC5/Timer.c ****     if(Timer_initVar == 0u)
 142              		.loc 1 216 0
 143              		.cfi_startproc
 144              		@ args = 0, pretend = 0, frame = 0
 145              		@ frame_needed = 0, uses_anonymous_args = 0
 146 0000 08B5     		push	{r3, lr}
 147              		.cfi_def_cfa_offset 8
 148              		.cfi_offset 3, -8
 149              		.cfi_offset 14, -4
 217:Generated_Source\PSoC5/Timer.c ****     {
 150              		.loc 1 217 0
 151 0002 0549     		ldr	r1, .L10
 152 0004 0B78     		ldrb	r3, [r1]	@ zero_extendqisi2
 153 0006 1BB9     		cbnz	r3, .L8
 219:Generated_Source\PSoC5/Timer.c **** 
 154              		.loc 1 219 0
 155 0008 FFF7FEFF 		bl	Timer_Init
 156              	.LVL4:
 221:Generated_Source\PSoC5/Timer.c ****     }
 157              		.loc 1 221 0
 158 000c 0123     		movs	r3, #1
 159 000e 0B70     		strb	r3, [r1]
 160              	.L8:
 226:Generated_Source\PSoC5/Timer.c **** 
 161              		.loc 1 226 0
 162 0010 BDE80840 		pop	{r3, lr}
 163              		.cfi_restore 14
 164              		.cfi_restore 3
 165              		.cfi_def_cfa_offset 0
 225:Generated_Source\PSoC5/Timer.c **** }
 166              		.loc 1 225 0
 167 0014 FFF7FEBF 		b	Timer_Enable
 168              	.LVL5:
 169              	.L11:
 170              		.align	2
 171              	.L10:
 172 0018 00000000 		.word	.LANCHOR0
 173              		.cfi_endproc
 174              	.LFE2:
 175              		.size	Timer_Start, .-Timer_Start
 176              		.section	.text.Timer_Stop,"ax",%progbits
 177              		.align	1
 178              		.global	Timer_Stop
 179              		.thumb
 180              		.thumb_func
 181              		.type	Timer_Stop, %function
 182              	Timer_Stop:
 183              	.LFB3:
 248:Generated_Source\PSoC5/Timer.c ****     /* Disable Timer */
 184              		.loc 1 248 0
 185              		.cfi_startproc
 186              		@ args = 0, pretend = 0, frame = 0
ARM GAS  C:\Users\adria\AppData\Local\Temp\cc2vPOZC.s 			page 13


 187              		@ frame_needed = 0, uses_anonymous_args = 0
 188              		@ link register save eliminated.
 251:Generated_Source\PSoC5/Timer.c ****     #endif /* Remove assignment if control register is removed */
 189              		.loc 1 251 0
 190 0000 084A     		ldr	r2, .L13
 191 0002 1378     		ldrb	r3, [r2]	@ zero_extendqisi2
 256:Generated_Source\PSoC5/Timer.c ****         Timer_GLOBAL_STBY_ENABLE &= ((uint8)(~Timer_BLOCK_STBY_EN_MASK));
 192              		.loc 1 256 0
 193 0004 A2F65D32 		subw	r2, r2, #2909
 251:Generated_Source\PSoC5/Timer.c ****     #endif /* Remove assignment if control register is removed */
 194              		.loc 1 251 0
 195 0008 03F0FE03 		and	r3, r3, #254
 196 000c 82F85D3B 		strb	r3, [r2, #2909]
 256:Generated_Source\PSoC5/Timer.c ****         Timer_GLOBAL_STBY_ENABLE &= ((uint8)(~Timer_BLOCK_STBY_EN_MASK));
 197              		.loc 1 256 0
 198 0010 1378     		ldrb	r3, [r2]	@ zero_extendqisi2
 199 0012 03F0FE03 		and	r3, r3, #254
 200 0016 1370     		strb	r3, [r2]
 257:Generated_Source\PSoC5/Timer.c ****     #endif /* Disable global enable for the Timer Fixed function block to stop the Timer*/
 201              		.loc 1 257 0
 202 0018 137C     		ldrb	r3, [r2, #16]	@ zero_extendqisi2
 203 001a 03F0FE03 		and	r3, r3, #254
 204 001e 1374     		strb	r3, [r2, #16]
 205 0020 7047     		bx	lr
 206              	.L14:
 207 0022 00BF     		.align	2
 208              	.L13:
 209 0024 004F0040 		.word	1073762048
 210              		.cfi_endproc
 211              	.LFE3:
 212              		.size	Timer_Stop, .-Timer_Stop
 213              		.section	.text.Timer_SetInterruptMode,"ax",%progbits
 214              		.align	1
 215              		.global	Timer_SetInterruptMode
 216              		.thumb
 217              		.thumb_func
 218              		.type	Timer_SetInterruptMode, %function
 219              	Timer_SetInterruptMode:
 220              	.LFB4:
 280:Generated_Source\PSoC5/Timer.c ****     Timer_STATUS_MASK = interruptMode;
 221              		.loc 1 280 0
 222              		.cfi_startproc
 223              		@ args = 0, pretend = 0, frame = 0
 224              		@ frame_needed = 0, uses_anonymous_args = 0
 225              		@ link register save eliminated.
 226              	.LVL6:
 281:Generated_Source\PSoC5/Timer.c **** }
 227              		.loc 1 281 0
 228 0000 014B     		ldr	r3, .L16
 229 0002 1870     		strb	r0, [r3]
 230 0004 7047     		bx	lr
 231              	.L17:
 232 0006 00BF     		.align	2
 233              	.L16:
 234 0008 034F0040 		.word	1073762051
 235              		.cfi_endproc
 236              	.LFE4:
ARM GAS  C:\Users\adria\AppData\Local\Temp\cc2vPOZC.s 			page 14


 237              		.size	Timer_SetInterruptMode, .-Timer_SetInterruptMode
 238              		.section	.text.Timer_SoftwareCapture,"ax",%progbits
 239              		.align	1
 240              		.global	Timer_SoftwareCapture
 241              		.thumb
 242              		.thumb_func
 243              		.type	Timer_SoftwareCapture, %function
 244              	Timer_SoftwareCapture:
 245              	.LFB5:
 303:Generated_Source\PSoC5/Timer.c ****     /* Generate a software capture by reading the counter register */
 246              		.loc 1 303 0
 247              		.cfi_startproc
 248              		@ args = 0, pretend = 0, frame = 0
 249              		@ frame_needed = 0, uses_anonymous_args = 0
 250              		@ link register save eliminated.
 306:Generated_Source\PSoC5/Timer.c ****     #else
 251              		.loc 1 306 0
 252 0000 014B     		ldr	r3, .L19
 253 0002 1B88     		ldrh	r3, [r3]
 254 0004 7047     		bx	lr
 255              	.L20:
 256 0006 00BF     		.align	2
 257              	.L19:
 258 0008 064F0040 		.word	1073762054
 259              		.cfi_endproc
 260              	.LFE5:
 261              		.size	Timer_SoftwareCapture, .-Timer_SoftwareCapture
 262              		.section	.text.Timer_ReadStatusRegister,"ax",%progbits
 263              		.align	1
 264              		.global	Timer_ReadStatusRegister
 265              		.thumb
 266              		.thumb_func
 267              		.type	Timer_ReadStatusRegister, %function
 268              	Timer_ReadStatusRegister:
 269              	.LFB6:
 334:Generated_Source\PSoC5/Timer.c ****     return (Timer_STATUS);
 270              		.loc 1 334 0
 271              		.cfi_startproc
 272              		@ args = 0, pretend = 0, frame = 0
 273              		@ frame_needed = 0, uses_anonymous_args = 0
 274              		@ link register save eliminated.
 335:Generated_Source\PSoC5/Timer.c **** }
 275              		.loc 1 335 0
 276 0000 014B     		ldr	r3, .L22
 277 0002 1878     		ldrb	r0, [r3]	@ zero_extendqisi2
 336:Generated_Source\PSoC5/Timer.c **** 
 278              		.loc 1 336 0
 279 0004 7047     		bx	lr
 280              	.L23:
 281 0006 00BF     		.align	2
 282              	.L22:
 283 0008 034F0040 		.word	1073762051
 284              		.cfi_endproc
 285              	.LFE6:
 286              		.size	Timer_ReadStatusRegister, .-Timer_ReadStatusRegister
 287              		.section	.text.Timer_ReadControlRegister,"ax",%progbits
 288              		.align	1
ARM GAS  C:\Users\adria\AppData\Local\Temp\cc2vPOZC.s 			page 15


 289              		.global	Timer_ReadControlRegister
 290              		.thumb
 291              		.thumb_func
 292              		.type	Timer_ReadControlRegister, %function
 293              	Timer_ReadControlRegister:
 294              	.LFB7:
 357:Generated_Source\PSoC5/Timer.c ****     #if (!Timer_UDB_CONTROL_REG_REMOVED) 
 295              		.loc 1 357 0
 296              		.cfi_startproc
 297              		@ args = 0, pretend = 0, frame = 0
 298              		@ frame_needed = 0, uses_anonymous_args = 0
 299              		@ link register save eliminated.
 359:Generated_Source\PSoC5/Timer.c ****     #else
 300              		.loc 1 359 0
 301 0000 014B     		ldr	r3, .L25
 302 0002 1878     		ldrb	r0, [r3]	@ zero_extendqisi2
 363:Generated_Source\PSoC5/Timer.c **** 
 303              		.loc 1 363 0
 304 0004 7047     		bx	lr
 305              	.L26:
 306 0006 00BF     		.align	2
 307              	.L25:
 308 0008 004F0040 		.word	1073762048
 309              		.cfi_endproc
 310              	.LFE7:
 311              		.size	Timer_ReadControlRegister, .-Timer_ReadControlRegister
 312              		.section	.text.Timer_WriteControlRegister,"ax",%progbits
 313              		.align	1
 314              		.global	Timer_WriteControlRegister
 315              		.thumb
 316              		.thumb_func
 317              		.type	Timer_WriteControlRegister, %function
 318              	Timer_WriteControlRegister:
 319              	.LFB8:
 380:Generated_Source\PSoC5/Timer.c ****     #if (!Timer_UDB_CONTROL_REG_REMOVED) 
 320              		.loc 1 380 0
 321              		.cfi_startproc
 322              		@ args = 0, pretend = 0, frame = 0
 323              		@ frame_needed = 0, uses_anonymous_args = 0
 324              		@ link register save eliminated.
 325              	.LVL7:
 382:Generated_Source\PSoC5/Timer.c ****     #else
 326              		.loc 1 382 0
 327 0000 014B     		ldr	r3, .L28
 328 0002 1870     		strb	r0, [r3]
 329 0004 7047     		bx	lr
 330              	.L29:
 331 0006 00BF     		.align	2
 332              	.L28:
 333 0008 004F0040 		.word	1073762048
 334              		.cfi_endproc
 335              	.LFE8:
 336              		.size	Timer_WriteControlRegister, .-Timer_WriteControlRegister
 337              		.section	.text.Timer_ReadPeriod,"ax",%progbits
 338              		.align	1
 339              		.global	Timer_ReadPeriod
 340              		.thumb
ARM GAS  C:\Users\adria\AppData\Local\Temp\cc2vPOZC.s 			page 16


 341              		.thumb_func
 342              		.type	Timer_ReadPeriod, %function
 343              	Timer_ReadPeriod:
 344              	.LFB9:
 406:Generated_Source\PSoC5/Timer.c ****    #if(Timer_UsingFixedFunction)
 345              		.loc 1 406 0
 346              		.cfi_startproc
 347              		@ args = 0, pretend = 0, frame = 0
 348              		@ frame_needed = 0, uses_anonymous_args = 0
 349              		@ link register save eliminated.
 408:Generated_Source\PSoC5/Timer.c ****    #else
 350              		.loc 1 408 0
 351 0000 014B     		ldr	r3, .L31
 352 0002 1888     		ldrh	r0, [r3]
 412:Generated_Source\PSoC5/Timer.c **** 
 353              		.loc 1 412 0
 354 0004 80B2     		uxth	r0, r0
 355 0006 7047     		bx	lr
 356              	.L32:
 357              		.align	2
 358              	.L31:
 359 0008 044F0040 		.word	1073762052
 360              		.cfi_endproc
 361              	.LFE9:
 362              		.size	Timer_ReadPeriod, .-Timer_ReadPeriod
 363              		.section	.text.Timer_WritePeriod,"ax",%progbits
 364              		.align	1
 365              		.global	Timer_WritePeriod
 366              		.thumb
 367              		.thumb_func
 368              		.type	Timer_WritePeriod, %function
 369              	Timer_WritePeriod:
 370              	.LFB10:
 432:Generated_Source\PSoC5/Timer.c ****     #if(Timer_UsingFixedFunction)
 371              		.loc 1 432 0
 372              		.cfi_startproc
 373              		@ args = 0, pretend = 0, frame = 0
 374              		@ frame_needed = 0, uses_anonymous_args = 0
 375              		@ link register save eliminated.
 376              	.LVL8:
 435:Generated_Source\PSoC5/Timer.c ****     #else
 377              		.loc 1 435 0
 378 0000 014B     		ldr	r3, .L34
 379 0002 1880     		strh	r0, [r3]	@ movhi
 380 0004 7047     		bx	lr
 381              	.L35:
 382 0006 00BF     		.align	2
 383              	.L34:
 384 0008 044F0040 		.word	1073762052
 385              		.cfi_endproc
 386              	.LFE10:
 387              		.size	Timer_WritePeriod, .-Timer_WritePeriod
 388              		.section	.text.Timer_ReadCapture,"ax",%progbits
 389              		.align	1
 390              		.global	Timer_ReadCapture
 391              		.thumb
 392              		.thumb_func
ARM GAS  C:\Users\adria\AppData\Local\Temp\cc2vPOZC.s 			page 17


 393              		.type	Timer_ReadCapture, %function
 394              	Timer_ReadCapture:
 395              	.LFB11:
 457:Generated_Source\PSoC5/Timer.c ****    #if(Timer_UsingFixedFunction)
 396              		.loc 1 457 0
 397              		.cfi_startproc
 398              		@ args = 0, pretend = 0, frame = 0
 399              		@ frame_needed = 0, uses_anonymous_args = 0
 400              		@ link register save eliminated.
 459:Generated_Source\PSoC5/Timer.c ****    #else
 401              		.loc 1 459 0
 402 0000 014B     		ldr	r3, .L37
 403 0002 1888     		ldrh	r0, [r3]
 463:Generated_Source\PSoC5/Timer.c **** 
 404              		.loc 1 463 0
 405 0004 80B2     		uxth	r0, r0
 406 0006 7047     		bx	lr
 407              	.L38:
 408              		.align	2
 409              	.L37:
 410 0008 084F0040 		.word	1073762056
 411              		.cfi_endproc
 412              	.LFE11:
 413              		.size	Timer_ReadCapture, .-Timer_ReadCapture
 414              		.section	.text.Timer_WriteCounter,"ax",%progbits
 415              		.align	1
 416              		.global	Timer_WriteCounter
 417              		.thumb
 418              		.thumb_func
 419              		.type	Timer_WriteCounter, %function
 420              	Timer_WriteCounter:
 421              	.LFB12:
 481:Generated_Source\PSoC5/Timer.c ****    #if(Timer_UsingFixedFunction)
 422              		.loc 1 481 0
 423              		.cfi_startproc
 424              		@ args = 0, pretend = 0, frame = 0
 425              		@ frame_needed = 0, uses_anonymous_args = 0
 426              		@ link register save eliminated.
 427              	.LVL9:
 428              		.loc 1 486 0
 429 0000 014B     		ldr	r3, .L40
 430 0002 1880     		strh	r0, [r3]	@ movhi
 431 0004 7047     		bx	lr
 432              	.L41:
 433 0006 00BF     		.align	2
 434              	.L40:
 435 0008 064F0040 		.word	1073762054
 436              		.cfi_endproc
 437              	.LFE12:
 438              		.size	Timer_WriteCounter, .-Timer_WriteCounter
 439              		.section	.text.Timer_ReadCounter,"ax",%progbits
 440              		.align	1
 441              		.global	Timer_ReadCounter
 442              		.thumb
 443              		.thumb_func
 444              		.type	Timer_ReadCounter, %function
 445              	Timer_ReadCounter:
ARM GAS  C:\Users\adria\AppData\Local\Temp\cc2vPOZC.s 			page 18


 446              	.LFB13:
 487:Generated_Source\PSoC5/Timer.c ****         
 488:Generated_Source\PSoC5/Timer.c ****     #else
 489:Generated_Source\PSoC5/Timer.c ****         CY_SET_REG16(Timer_COUNTER_LSB_PTR, counter);
 490:Generated_Source\PSoC5/Timer.c ****     #endif /* Set Write Counter only for the UDB implementation (Write Counter not available in fix
 491:Generated_Source\PSoC5/Timer.c **** }
 492:Generated_Source\PSoC5/Timer.c **** 
 493:Generated_Source\PSoC5/Timer.c **** 
 494:Generated_Source\PSoC5/Timer.c **** /*******************************************************************************
 495:Generated_Source\PSoC5/Timer.c **** * Function Name: Timer_ReadCounter
 496:Generated_Source\PSoC5/Timer.c **** ********************************************************************************
 497:Generated_Source\PSoC5/Timer.c **** *
 498:Generated_Source\PSoC5/Timer.c **** * Summary:
 499:Generated_Source\PSoC5/Timer.c **** *  This function returns the current counter value.
 500:Generated_Source\PSoC5/Timer.c **** *
 501:Generated_Source\PSoC5/Timer.c **** * Parameters:
 502:Generated_Source\PSoC5/Timer.c **** *  void
 503:Generated_Source\PSoC5/Timer.c **** *
 504:Generated_Source\PSoC5/Timer.c **** * Return:
 505:Generated_Source\PSoC5/Timer.c **** *  Present compare value.
 506:Generated_Source\PSoC5/Timer.c **** *
 507:Generated_Source\PSoC5/Timer.c **** *******************************************************************************/
 508:Generated_Source\PSoC5/Timer.c **** uint16 Timer_ReadCounter(void) 
 509:Generated_Source\PSoC5/Timer.c **** {
 447              		.loc 1 509 0
 448              		.cfi_startproc
 449              		@ args = 0, pretend = 0, frame = 0
 450              		@ frame_needed = 0, uses_anonymous_args = 0
 451              		@ link register save eliminated.
 510:Generated_Source\PSoC5/Timer.c ****     /* Force capture by reading Accumulator */
 511:Generated_Source\PSoC5/Timer.c ****     /* Must first do a software capture to be able to read the counter */
 512:Generated_Source\PSoC5/Timer.c ****     /* It is up to the user code to make sure there isn't already captured data in the FIFO */
 513:Generated_Source\PSoC5/Timer.c ****     #if(Timer_UsingFixedFunction)
 514:Generated_Source\PSoC5/Timer.c ****         (void)CY_GET_REG16(Timer_COUNTER_LSB_PTR);
 452              		.loc 1 514 0
 453 0000 024B     		ldr	r3, .L43
 454 0002 1B88     		ldrh	r3, [r3]
 515:Generated_Source\PSoC5/Timer.c ****     #else
 516:Generated_Source\PSoC5/Timer.c ****         (void)CY_GET_REG8(Timer_COUNTER_LSB_PTR_8BIT);
 517:Generated_Source\PSoC5/Timer.c ****     #endif/* (Timer_UsingFixedFunction) */
 518:Generated_Source\PSoC5/Timer.c **** 
 519:Generated_Source\PSoC5/Timer.c ****     /* Read the data from the FIFO (or capture register for Fixed Function)*/
 520:Generated_Source\PSoC5/Timer.c ****     #if(Timer_UsingFixedFunction)
 521:Generated_Source\PSoC5/Timer.c ****         return ((uint16)CY_GET_REG16(Timer_CAPTURE_LSB_PTR));
 455              		.loc 1 521 0
 456 0004 024B     		ldr	r3, .L43+4
 457 0006 1888     		ldrh	r0, [r3]
 522:Generated_Source\PSoC5/Timer.c ****     #else
 523:Generated_Source\PSoC5/Timer.c ****         return (CY_GET_REG16(Timer_CAPTURE_LSB_PTR));
 524:Generated_Source\PSoC5/Timer.c ****     #endif /* (Timer_UsingFixedFunction) */
 525:Generated_Source\PSoC5/Timer.c **** }
 458              		.loc 1 525 0
 459 0008 80B2     		uxth	r0, r0
 460 000a 7047     		bx	lr
 461              	.L44:
 462              		.align	2
 463              	.L43:
ARM GAS  C:\Users\adria\AppData\Local\Temp\cc2vPOZC.s 			page 19


 464 000c 064F0040 		.word	1073762054
 465 0010 084F0040 		.word	1073762056
 466              		.cfi_endproc
 467              	.LFE13:
 468              		.size	Timer_ReadCounter, .-Timer_ReadCounter
 469              		.global	Timer_initVar
 470              		.bss
 471              		.set	.LANCHOR0,. + 0
 472              		.type	Timer_initVar, %object
 473              		.size	Timer_initVar, 1
 474              	Timer_initVar:
 475 0000 00       		.space	1
 476              		.text
 477              	.Letext0:
 478              		.file 2 "Generated_Source\\PSoC5\\cytypes.h"
 479              		.section	.debug_info,"",%progbits
 480              	.Ldebug_info0:
 481 0000 F0020000 		.4byte	0x2f0
 482 0004 0400     		.2byte	0x4
 483 0006 00000000 		.4byte	.Ldebug_abbrev0
 484 000a 04       		.byte	0x4
 485 000b 01       		.uleb128 0x1
 486 000c E5000000 		.4byte	.LASF35
 487 0010 0C       		.byte	0xc
 488 0011 88000000 		.4byte	.LASF36
 489 0015 1F000000 		.4byte	.LASF37
 490 0019 00000000 		.4byte	.Ldebug_ranges0+0
 491 001d 00000000 		.4byte	0
 492 0021 00000000 		.4byte	.Ldebug_line0
 493 0025 02       		.uleb128 0x2
 494 0026 01       		.byte	0x1
 495 0027 06       		.byte	0x6
 496 0028 C9020000 		.4byte	.LASF0
 497 002c 02       		.uleb128 0x2
 498 002d 01       		.byte	0x1
 499 002e 08       		.byte	0x8
 500 002f C0000000 		.4byte	.LASF1
 501 0033 02       		.uleb128 0x2
 502 0034 02       		.byte	0x2
 503 0035 05       		.byte	0x5
 504 0036 5A020000 		.4byte	.LASF2
 505 003a 02       		.uleb128 0x2
 506 003b 02       		.byte	0x2
 507 003c 07       		.byte	0x7
 508 003d 75000000 		.4byte	.LASF3
 509 0041 02       		.uleb128 0x2
 510 0042 04       		.byte	0x4
 511 0043 05       		.byte	0x5
 512 0044 A4020000 		.4byte	.LASF4
 513 0048 02       		.uleb128 0x2
 514 0049 04       		.byte	0x4
 515 004a 07       		.byte	0x7
 516 004b DC010000 		.4byte	.LASF5
 517 004f 02       		.uleb128 0x2
 518 0050 08       		.byte	0x8
 519 0051 05       		.byte	0x5
 520 0052 27020000 		.4byte	.LASF6
ARM GAS  C:\Users\adria\AppData\Local\Temp\cc2vPOZC.s 			page 20


 521 0056 02       		.uleb128 0x2
 522 0057 08       		.byte	0x8
 523 0058 07       		.byte	0x7
 524 0059 FB010000 		.4byte	.LASF7
 525 005d 03       		.uleb128 0x3
 526 005e 04       		.byte	0x4
 527 005f 05       		.byte	0x5
 528 0060 696E7400 		.ascii	"int\000"
 529 0064 02       		.uleb128 0x2
 530 0065 04       		.byte	0x4
 531 0066 07       		.byte	0x7
 532 0067 EE010000 		.4byte	.LASF8
 533 006b 04       		.uleb128 0x4
 534 006c 73010000 		.4byte	.LASF9
 535 0070 02       		.byte	0x2
 536 0071 E801     		.2byte	0x1e8
 537 0073 2C000000 		.4byte	0x2c
 538 0077 04       		.uleb128 0x4
 539 0078 AF010000 		.4byte	.LASF10
 540 007c 02       		.byte	0x2
 541 007d E901     		.2byte	0x1e9
 542 007f 3A000000 		.4byte	0x3a
 543 0083 02       		.uleb128 0x2
 544 0084 04       		.byte	0x4
 545 0085 04       		.byte	0x4
 546 0086 B2000000 		.4byte	.LASF11
 547 008a 02       		.uleb128 0x2
 548 008b 08       		.byte	0x8
 549 008c 04       		.byte	0x4
 550 008d 97010000 		.4byte	.LASF12
 551 0091 02       		.uleb128 0x2
 552 0092 01       		.byte	0x1
 553 0093 08       		.byte	0x8
 554 0094 AD020000 		.4byte	.LASF13
 555 0098 04       		.uleb128 0x4
 556 0099 E0000000 		.4byte	.LASF14
 557 009d 02       		.byte	0x2
 558 009e 9202     		.2byte	0x292
 559 00a0 A4000000 		.4byte	0xa4
 560 00a4 05       		.uleb128 0x5
 561 00a5 6B000000 		.4byte	0x6b
 562 00a9 04       		.uleb128 0x4
 563 00aa 00000000 		.4byte	.LASF15
 564 00ae 02       		.byte	0x2
 565 00af 9302     		.2byte	0x293
 566 00b1 B5000000 		.4byte	0xb5
 567 00b5 05       		.uleb128 0x5
 568 00b6 77000000 		.4byte	0x77
 569 00ba 02       		.uleb128 0x2
 570 00bb 08       		.byte	0x8
 571 00bc 04       		.byte	0x4
 572 00bd B2020000 		.4byte	.LASF16
 573 00c1 02       		.uleb128 0x2
 574 00c2 04       		.byte	0x4
 575 00c3 07       		.byte	0x7
 576 00c4 1E020000 		.4byte	.LASF17
 577 00c8 06       		.uleb128 0x6
ARM GAS  C:\Users\adria\AppData\Local\Temp\cc2vPOZC.s 			page 21


 578 00c9 43020000 		.4byte	.LASF18
 579 00cd 01       		.byte	0x1
 580 00ce 1701     		.2byte	0x117
 581 00d0 01       		.byte	0x1
 582 00d1 E2000000 		.4byte	0xe2
 583 00d5 07       		.uleb128 0x7
 584 00d6 35020000 		.4byte	.LASF20
 585 00da 01       		.byte	0x1
 586 00db 1701     		.2byte	0x117
 587 00dd 6B000000 		.4byte	0x6b
 588 00e1 00       		.byte	0
 589 00e2 06       		.uleb128 0x6
 590 00e3 91020000 		.4byte	.LASF19
 591 00e7 01       		.byte	0x1
 592 00e8 E001     		.2byte	0x1e0
 593 00ea 01       		.byte	0x1
 594 00eb FC000000 		.4byte	0xfc
 595 00ef 07       		.uleb128 0x7
 596 00f0 B8000000 		.4byte	.LASF21
 597 00f4 01       		.byte	0x1
 598 00f5 E001     		.2byte	0x1e0
 599 00f7 77000000 		.4byte	0x77
 600 00fb 00       		.byte	0
 601 00fc 06       		.uleb128 0x6
 602 00fd CE000000 		.4byte	.LASF22
 603 0101 01       		.byte	0x1
 604 0102 AF01     		.2byte	0x1af
 605 0104 01       		.byte	0x1
 606 0105 22010000 		.4byte	0x122
 607 0109 07       		.uleb128 0x7
 608 010a 5C000000 		.4byte	.LASF23
 609 010e 01       		.byte	0x1
 610 010f AF01     		.2byte	0x1af
 611 0111 77000000 		.4byte	0x77
 612 0115 08       		.uleb128 0x8
 613 0116 12020000 		.4byte	.LASF38
 614 011a 01       		.byte	0x1
 615 011b B201     		.2byte	0x1b2
 616 011d 77000000 		.4byte	0x77
 617 0121 00       		.byte	0
 618 0122 09       		.uleb128 0x9
 619 0123 BE020000 		.4byte	.LASF24
 620 0127 01       		.byte	0x1
 621 0128 2B       		.byte	0x2b
 622 0129 00000000 		.4byte	.LFB0
 623 012d 60000000 		.4byte	.LFE0-.LFB0
 624 0131 01       		.uleb128 0x1
 625 0132 9C       		.byte	0x9c
 626 0133 9B010000 		.4byte	0x19b
 627 0137 0A       		.uleb128 0xa
 628 0138 FC000000 		.4byte	0xfc
 629 013c 3E000000 		.4byte	.LBB8
 630 0140 06000000 		.4byte	.LBE8-.LBB8
 631 0144 01       		.byte	0x1
 632 0145 76       		.byte	0x76
 633 0146 64010000 		.4byte	0x164
 634 014a 0B       		.uleb128 0xb
ARM GAS  C:\Users\adria\AppData\Local\Temp\cc2vPOZC.s 			page 22


 635 014b 09010000 		.4byte	0x109
 636 014f 00000000 		.4byte	.LLST0
 637 0153 0C       		.uleb128 0xc
 638 0154 3E000000 		.4byte	.LBB9
 639 0158 06000000 		.4byte	.LBE9-.LBB9
 640 015c 0D       		.uleb128 0xd
 641 015d 15010000 		.4byte	0x115
 642 0161 01       		.byte	0x1
 643 0162 00       		.byte	0
 644 0163 00       		.byte	0
 645 0164 0A       		.uleb128 0xa
 646 0165 E2000000 		.4byte	0xe2
 647 0169 44000000 		.4byte	.LBB10
 648 016d 04000000 		.4byte	.LBE10-.LBB10
 649 0171 01       		.byte	0x1
 650 0172 77       		.byte	0x77
 651 0173 81010000 		.4byte	0x181
 652 0177 0B       		.uleb128 0xb
 653 0178 EF000000 		.4byte	0xef
 654 017c 14000000 		.4byte	.LLST1
 655 0180 00       		.byte	0
 656 0181 0E       		.uleb128 0xe
 657 0182 C8000000 		.4byte	0xc8
 658 0186 48000000 		.4byte	.LBB12
 659 018a 18000000 		.4byte	.LBE12-.LBB12
 660 018e 01       		.byte	0x1
 661 018f A2       		.byte	0xa2
 662 0190 0B       		.uleb128 0xb
 663 0191 D5000000 		.4byte	0xd5
 664 0195 28000000 		.4byte	.LLST2
 665 0199 00       		.byte	0
 666 019a 00       		.byte	0
 667 019b 0F       		.uleb128 0xf
 668 019c E3020000 		.4byte	.LASF26
 669 01a0 01       		.byte	0x1
 670 01a1 B4       		.byte	0xb4
 671 01a2 00000000 		.4byte	.LFB1
 672 01a6 24000000 		.4byte	.LFE1-.LFB1
 673 01aa 01       		.uleb128 0x1
 674 01ab 9C       		.byte	0x9c
 675 01ac 09       		.uleb128 0x9
 676 01ad D0010000 		.4byte	.LASF25
 677 01b1 01       		.byte	0x1
 678 01b2 D7       		.byte	0xd7
 679 01b3 00000000 		.4byte	.LFB2
 680 01b7 1C000000 		.4byte	.LFE2-.LFB2
 681 01bb 01       		.uleb128 0x1
 682 01bc 9C       		.byte	0x9c
 683 01bd D4010000 		.4byte	0x1d4
 684 01c1 10       		.uleb128 0x10
 685 01c2 0C000000 		.4byte	.LVL4
 686 01c6 22010000 		.4byte	0x122
 687 01ca 11       		.uleb128 0x11
 688 01cb 18000000 		.4byte	.LVL5
 689 01cf 9B010000 		.4byte	0x19b
 690 01d3 00       		.byte	0
 691 01d4 0F       		.uleb128 0xf
ARM GAS  C:\Users\adria\AppData\Local\Temp\cc2vPOZC.s 			page 23


 692 01d5 A7000000 		.4byte	.LASF27
 693 01d9 01       		.byte	0x1
 694 01da F7       		.byte	0xf7
 695 01db 00000000 		.4byte	.LFB3
 696 01df 28000000 		.4byte	.LFE3-.LFB3
 697 01e3 01       		.uleb128 0x1
 698 01e4 9C       		.byte	0x9c
 699 01e5 12       		.uleb128 0x12
 700 01e6 C8000000 		.4byte	0xc8
 701 01ea 00000000 		.4byte	.LFB4
 702 01ee 0C000000 		.4byte	.LFE4-.LFB4
 703 01f2 01       		.uleb128 0x1
 704 01f3 9C       		.byte	0x9c
 705 01f4 00020000 		.4byte	0x200
 706 01f8 13       		.uleb128 0x13
 707 01f9 D5000000 		.4byte	0xd5
 708 01fd 01       		.uleb128 0x1
 709 01fe 50       		.byte	0x50
 710 01ff 00       		.byte	0
 711 0200 14       		.uleb128 0x14
 712 0201 81010000 		.4byte	.LASF28
 713 0205 01       		.byte	0x1
 714 0206 2E01     		.2byte	0x12e
 715 0208 00000000 		.4byte	.LFB5
 716 020c 0C000000 		.4byte	.LFE5-.LFB5
 717 0210 01       		.uleb128 0x1
 718 0211 9C       		.byte	0x9c
 719 0212 15       		.uleb128 0x15
 720 0213 06000000 		.4byte	.LASF29
 721 0217 01       		.byte	0x1
 722 0218 4D01     		.2byte	0x14d
 723 021a 6B000000 		.4byte	0x6b
 724 021e 00000000 		.4byte	.LFB6
 725 0222 0C000000 		.4byte	.LFE6-.LFB6
 726 0226 01       		.uleb128 0x1
 727 0227 9C       		.byte	0x9c
 728 0228 15       		.uleb128 0x15
 729 0229 B6010000 		.4byte	.LASF30
 730 022d 01       		.byte	0x1
 731 022e 6401     		.2byte	0x164
 732 0230 6B000000 		.4byte	0x6b
 733 0234 00000000 		.4byte	.LFB7
 734 0238 0C000000 		.4byte	.LFE7-.LFB7
 735 023c 01       		.uleb128 0x1
 736 023d 9C       		.byte	0x9c
 737 023e 16       		.uleb128 0x16
 738 023f 64020000 		.4byte	.LASF31
 739 0243 01       		.byte	0x1
 740 0244 7B01     		.2byte	0x17b
 741 0246 00000000 		.4byte	.LFB8
 742 024a 0C000000 		.4byte	.LFE8-.LFB8
 743 024e 01       		.uleb128 0x1
 744 024f 9C       		.byte	0x9c
 745 0250 63020000 		.4byte	0x263
 746 0254 17       		.uleb128 0x17
 747 0255 79010000 		.4byte	.LASF39
 748 0259 01       		.byte	0x1
ARM GAS  C:\Users\adria\AppData\Local\Temp\cc2vPOZC.s 			page 24


 749 025a 7B01     		.2byte	0x17b
 750 025c 6B000000 		.4byte	0x6b
 751 0260 01       		.uleb128 0x1
 752 0261 50       		.byte	0x50
 753 0262 00       		.byte	0
 754 0263 15       		.uleb128 0x15
 755 0264 9E010000 		.4byte	.LASF32
 756 0268 01       		.byte	0x1
 757 0269 9501     		.2byte	0x195
 758 026b 77000000 		.4byte	0x77
 759 026f 00000000 		.4byte	.LFB9
 760 0273 0C000000 		.4byte	.LFE9-.LFB9
 761 0277 01       		.uleb128 0x1
 762 0278 9C       		.byte	0x9c
 763 0279 12       		.uleb128 0x12
 764 027a FC000000 		.4byte	0xfc
 765 027e 00000000 		.4byte	.LFB10
 766 0282 0C000000 		.4byte	.LFE10-.LFB10
 767 0286 01       		.uleb128 0x1
 768 0287 9C       		.byte	0x9c
 769 0288 9B020000 		.4byte	0x29b
 770 028c 13       		.uleb128 0x13
 771 028d 09010000 		.4byte	0x109
 772 0291 01       		.uleb128 0x1
 773 0292 50       		.byte	0x50
 774 0293 18       		.uleb128 0x18
 775 0294 15010000 		.4byte	0x115
 776 0298 01       		.uleb128 0x1
 777 0299 50       		.byte	0x50
 778 029a 00       		.byte	0
 779 029b 15       		.uleb128 0x15
 780 029c 7F020000 		.4byte	.LASF33
 781 02a0 01       		.byte	0x1
 782 02a1 C801     		.2byte	0x1c8
 783 02a3 77000000 		.4byte	0x77
 784 02a7 00000000 		.4byte	.LFB11
 785 02ab 0C000000 		.4byte	.LFE11-.LFB11
 786 02af 01       		.uleb128 0x1
 787 02b0 9C       		.byte	0x9c
 788 02b1 12       		.uleb128 0x12
 789 02b2 E2000000 		.4byte	0xe2
 790 02b6 00000000 		.4byte	.LFB12
 791 02ba 0C000000 		.4byte	.LFE12-.LFB12
 792 02be 01       		.uleb128 0x1
 793 02bf 9C       		.byte	0x9c
 794 02c0 CC020000 		.4byte	0x2cc
 795 02c4 13       		.uleb128 0x13
 796 02c5 EF000000 		.4byte	0xef
 797 02c9 01       		.uleb128 0x1
 798 02ca 50       		.byte	0x50
 799 02cb 00       		.byte	0
 800 02cc 15       		.uleb128 0x15
 801 02cd 63000000 		.4byte	.LASF34
 802 02d1 01       		.byte	0x1
 803 02d2 FC01     		.2byte	0x1fc
 804 02d4 77000000 		.4byte	0x77
 805 02d8 00000000 		.4byte	.LFB13
ARM GAS  C:\Users\adria\AppData\Local\Temp\cc2vPOZC.s 			page 25


 806 02dc 14000000 		.4byte	.LFE13-.LFB13
 807 02e0 01       		.uleb128 0x1
 808 02e1 9C       		.byte	0x9c
 809 02e2 19       		.uleb128 0x19
 810 02e3 D5020000 		.4byte	.LASF40
 811 02e7 01       		.byte	0x1
 812 02e8 1A       		.byte	0x1a
 813 02e9 6B000000 		.4byte	0x6b
 814 02ed 05       		.uleb128 0x5
 815 02ee 03       		.byte	0x3
 816 02ef 00000000 		.4byte	Timer_initVar
 817 02f3 00       		.byte	0
 818              		.section	.debug_abbrev,"",%progbits
 819              	.Ldebug_abbrev0:
 820 0000 01       		.uleb128 0x1
 821 0001 11       		.uleb128 0x11
 822 0002 01       		.byte	0x1
 823 0003 25       		.uleb128 0x25
 824 0004 0E       		.uleb128 0xe
 825 0005 13       		.uleb128 0x13
 826 0006 0B       		.uleb128 0xb
 827 0007 03       		.uleb128 0x3
 828 0008 0E       		.uleb128 0xe
 829 0009 1B       		.uleb128 0x1b
 830 000a 0E       		.uleb128 0xe
 831 000b 55       		.uleb128 0x55
 832 000c 17       		.uleb128 0x17
 833 000d 11       		.uleb128 0x11
 834 000e 01       		.uleb128 0x1
 835 000f 10       		.uleb128 0x10
 836 0010 17       		.uleb128 0x17
 837 0011 00       		.byte	0
 838 0012 00       		.byte	0
 839 0013 02       		.uleb128 0x2
 840 0014 24       		.uleb128 0x24
 841 0015 00       		.byte	0
 842 0016 0B       		.uleb128 0xb
 843 0017 0B       		.uleb128 0xb
 844 0018 3E       		.uleb128 0x3e
 845 0019 0B       		.uleb128 0xb
 846 001a 03       		.uleb128 0x3
 847 001b 0E       		.uleb128 0xe
 848 001c 00       		.byte	0
 849 001d 00       		.byte	0
 850 001e 03       		.uleb128 0x3
 851 001f 24       		.uleb128 0x24
 852 0020 00       		.byte	0
 853 0021 0B       		.uleb128 0xb
 854 0022 0B       		.uleb128 0xb
 855 0023 3E       		.uleb128 0x3e
 856 0024 0B       		.uleb128 0xb
 857 0025 03       		.uleb128 0x3
 858 0026 08       		.uleb128 0x8
 859 0027 00       		.byte	0
 860 0028 00       		.byte	0
 861 0029 04       		.uleb128 0x4
 862 002a 16       		.uleb128 0x16
ARM GAS  C:\Users\adria\AppData\Local\Temp\cc2vPOZC.s 			page 26


 863 002b 00       		.byte	0
 864 002c 03       		.uleb128 0x3
 865 002d 0E       		.uleb128 0xe
 866 002e 3A       		.uleb128 0x3a
 867 002f 0B       		.uleb128 0xb
 868 0030 3B       		.uleb128 0x3b
 869 0031 05       		.uleb128 0x5
 870 0032 49       		.uleb128 0x49
 871 0033 13       		.uleb128 0x13
 872 0034 00       		.byte	0
 873 0035 00       		.byte	0
 874 0036 05       		.uleb128 0x5
 875 0037 35       		.uleb128 0x35
 876 0038 00       		.byte	0
 877 0039 49       		.uleb128 0x49
 878 003a 13       		.uleb128 0x13
 879 003b 00       		.byte	0
 880 003c 00       		.byte	0
 881 003d 06       		.uleb128 0x6
 882 003e 2E       		.uleb128 0x2e
 883 003f 01       		.byte	0x1
 884 0040 3F       		.uleb128 0x3f
 885 0041 19       		.uleb128 0x19
 886 0042 03       		.uleb128 0x3
 887 0043 0E       		.uleb128 0xe
 888 0044 3A       		.uleb128 0x3a
 889 0045 0B       		.uleb128 0xb
 890 0046 3B       		.uleb128 0x3b
 891 0047 05       		.uleb128 0x5
 892 0048 27       		.uleb128 0x27
 893 0049 19       		.uleb128 0x19
 894 004a 20       		.uleb128 0x20
 895 004b 0B       		.uleb128 0xb
 896 004c 01       		.uleb128 0x1
 897 004d 13       		.uleb128 0x13
 898 004e 00       		.byte	0
 899 004f 00       		.byte	0
 900 0050 07       		.uleb128 0x7
 901 0051 05       		.uleb128 0x5
 902 0052 00       		.byte	0
 903 0053 03       		.uleb128 0x3
 904 0054 0E       		.uleb128 0xe
 905 0055 3A       		.uleb128 0x3a
 906 0056 0B       		.uleb128 0xb
 907 0057 3B       		.uleb128 0x3b
 908 0058 05       		.uleb128 0x5
 909 0059 49       		.uleb128 0x49
 910 005a 13       		.uleb128 0x13
 911 005b 00       		.byte	0
 912 005c 00       		.byte	0
 913 005d 08       		.uleb128 0x8
 914 005e 34       		.uleb128 0x34
 915 005f 00       		.byte	0
 916 0060 03       		.uleb128 0x3
 917 0061 0E       		.uleb128 0xe
 918 0062 3A       		.uleb128 0x3a
 919 0063 0B       		.uleb128 0xb
ARM GAS  C:\Users\adria\AppData\Local\Temp\cc2vPOZC.s 			page 27


 920 0064 3B       		.uleb128 0x3b
 921 0065 05       		.uleb128 0x5
 922 0066 49       		.uleb128 0x49
 923 0067 13       		.uleb128 0x13
 924 0068 00       		.byte	0
 925 0069 00       		.byte	0
 926 006a 09       		.uleb128 0x9
 927 006b 2E       		.uleb128 0x2e
 928 006c 01       		.byte	0x1
 929 006d 3F       		.uleb128 0x3f
 930 006e 19       		.uleb128 0x19
 931 006f 03       		.uleb128 0x3
 932 0070 0E       		.uleb128 0xe
 933 0071 3A       		.uleb128 0x3a
 934 0072 0B       		.uleb128 0xb
 935 0073 3B       		.uleb128 0x3b
 936 0074 0B       		.uleb128 0xb
 937 0075 27       		.uleb128 0x27
 938 0076 19       		.uleb128 0x19
 939 0077 11       		.uleb128 0x11
 940 0078 01       		.uleb128 0x1
 941 0079 12       		.uleb128 0x12
 942 007a 06       		.uleb128 0x6
 943 007b 40       		.uleb128 0x40
 944 007c 18       		.uleb128 0x18
 945 007d 9742     		.uleb128 0x2117
 946 007f 19       		.uleb128 0x19
 947 0080 01       		.uleb128 0x1
 948 0081 13       		.uleb128 0x13
 949 0082 00       		.byte	0
 950 0083 00       		.byte	0
 951 0084 0A       		.uleb128 0xa
 952 0085 1D       		.uleb128 0x1d
 953 0086 01       		.byte	0x1
 954 0087 31       		.uleb128 0x31
 955 0088 13       		.uleb128 0x13
 956 0089 11       		.uleb128 0x11
 957 008a 01       		.uleb128 0x1
 958 008b 12       		.uleb128 0x12
 959 008c 06       		.uleb128 0x6
 960 008d 58       		.uleb128 0x58
 961 008e 0B       		.uleb128 0xb
 962 008f 59       		.uleb128 0x59
 963 0090 0B       		.uleb128 0xb
 964 0091 01       		.uleb128 0x1
 965 0092 13       		.uleb128 0x13
 966 0093 00       		.byte	0
 967 0094 00       		.byte	0
 968 0095 0B       		.uleb128 0xb
 969 0096 05       		.uleb128 0x5
 970 0097 00       		.byte	0
 971 0098 31       		.uleb128 0x31
 972 0099 13       		.uleb128 0x13
 973 009a 02       		.uleb128 0x2
 974 009b 17       		.uleb128 0x17
 975 009c 00       		.byte	0
 976 009d 00       		.byte	0
ARM GAS  C:\Users\adria\AppData\Local\Temp\cc2vPOZC.s 			page 28


 977 009e 0C       		.uleb128 0xc
 978 009f 0B       		.uleb128 0xb
 979 00a0 01       		.byte	0x1
 980 00a1 11       		.uleb128 0x11
 981 00a2 01       		.uleb128 0x1
 982 00a3 12       		.uleb128 0x12
 983 00a4 06       		.uleb128 0x6
 984 00a5 00       		.byte	0
 985 00a6 00       		.byte	0
 986 00a7 0D       		.uleb128 0xd
 987 00a8 34       		.uleb128 0x34
 988 00a9 00       		.byte	0
 989 00aa 31       		.uleb128 0x31
 990 00ab 13       		.uleb128 0x13
 991 00ac 1C       		.uleb128 0x1c
 992 00ad 0B       		.uleb128 0xb
 993 00ae 00       		.byte	0
 994 00af 00       		.byte	0
 995 00b0 0E       		.uleb128 0xe
 996 00b1 1D       		.uleb128 0x1d
 997 00b2 01       		.byte	0x1
 998 00b3 31       		.uleb128 0x31
 999 00b4 13       		.uleb128 0x13
 1000 00b5 11       		.uleb128 0x11
 1001 00b6 01       		.uleb128 0x1
 1002 00b7 12       		.uleb128 0x12
 1003 00b8 06       		.uleb128 0x6
 1004 00b9 58       		.uleb128 0x58
 1005 00ba 0B       		.uleb128 0xb
 1006 00bb 59       		.uleb128 0x59
 1007 00bc 0B       		.uleb128 0xb
 1008 00bd 00       		.byte	0
 1009 00be 00       		.byte	0
 1010 00bf 0F       		.uleb128 0xf
 1011 00c0 2E       		.uleb128 0x2e
 1012 00c1 00       		.byte	0
 1013 00c2 3F       		.uleb128 0x3f
 1014 00c3 19       		.uleb128 0x19
 1015 00c4 03       		.uleb128 0x3
 1016 00c5 0E       		.uleb128 0xe
 1017 00c6 3A       		.uleb128 0x3a
 1018 00c7 0B       		.uleb128 0xb
 1019 00c8 3B       		.uleb128 0x3b
 1020 00c9 0B       		.uleb128 0xb
 1021 00ca 27       		.uleb128 0x27
 1022 00cb 19       		.uleb128 0x19
 1023 00cc 11       		.uleb128 0x11
 1024 00cd 01       		.uleb128 0x1
 1025 00ce 12       		.uleb128 0x12
 1026 00cf 06       		.uleb128 0x6
 1027 00d0 40       		.uleb128 0x40
 1028 00d1 18       		.uleb128 0x18
 1029 00d2 9742     		.uleb128 0x2117
 1030 00d4 19       		.uleb128 0x19
 1031 00d5 00       		.byte	0
 1032 00d6 00       		.byte	0
 1033 00d7 10       		.uleb128 0x10
ARM GAS  C:\Users\adria\AppData\Local\Temp\cc2vPOZC.s 			page 29


 1034 00d8 898201   		.uleb128 0x4109
 1035 00db 00       		.byte	0
 1036 00dc 11       		.uleb128 0x11
 1037 00dd 01       		.uleb128 0x1
 1038 00de 31       		.uleb128 0x31
 1039 00df 13       		.uleb128 0x13
 1040 00e0 00       		.byte	0
 1041 00e1 00       		.byte	0
 1042 00e2 11       		.uleb128 0x11
 1043 00e3 898201   		.uleb128 0x4109
 1044 00e6 00       		.byte	0
 1045 00e7 11       		.uleb128 0x11
 1046 00e8 01       		.uleb128 0x1
 1047 00e9 9542     		.uleb128 0x2115
 1048 00eb 19       		.uleb128 0x19
 1049 00ec 31       		.uleb128 0x31
 1050 00ed 13       		.uleb128 0x13
 1051 00ee 00       		.byte	0
 1052 00ef 00       		.byte	0
 1053 00f0 12       		.uleb128 0x12
 1054 00f1 2E       		.uleb128 0x2e
 1055 00f2 01       		.byte	0x1
 1056 00f3 31       		.uleb128 0x31
 1057 00f4 13       		.uleb128 0x13
 1058 00f5 11       		.uleb128 0x11
 1059 00f6 01       		.uleb128 0x1
 1060 00f7 12       		.uleb128 0x12
 1061 00f8 06       		.uleb128 0x6
 1062 00f9 40       		.uleb128 0x40
 1063 00fa 18       		.uleb128 0x18
 1064 00fb 9742     		.uleb128 0x2117
 1065 00fd 19       		.uleb128 0x19
 1066 00fe 01       		.uleb128 0x1
 1067 00ff 13       		.uleb128 0x13
 1068 0100 00       		.byte	0
 1069 0101 00       		.byte	0
 1070 0102 13       		.uleb128 0x13
 1071 0103 05       		.uleb128 0x5
 1072 0104 00       		.byte	0
 1073 0105 31       		.uleb128 0x31
 1074 0106 13       		.uleb128 0x13
 1075 0107 02       		.uleb128 0x2
 1076 0108 18       		.uleb128 0x18
 1077 0109 00       		.byte	0
 1078 010a 00       		.byte	0
 1079 010b 14       		.uleb128 0x14
 1080 010c 2E       		.uleb128 0x2e
 1081 010d 00       		.byte	0
 1082 010e 3F       		.uleb128 0x3f
 1083 010f 19       		.uleb128 0x19
 1084 0110 03       		.uleb128 0x3
 1085 0111 0E       		.uleb128 0xe
 1086 0112 3A       		.uleb128 0x3a
 1087 0113 0B       		.uleb128 0xb
 1088 0114 3B       		.uleb128 0x3b
 1089 0115 05       		.uleb128 0x5
 1090 0116 27       		.uleb128 0x27
ARM GAS  C:\Users\adria\AppData\Local\Temp\cc2vPOZC.s 			page 30


 1091 0117 19       		.uleb128 0x19
 1092 0118 11       		.uleb128 0x11
 1093 0119 01       		.uleb128 0x1
 1094 011a 12       		.uleb128 0x12
 1095 011b 06       		.uleb128 0x6
 1096 011c 40       		.uleb128 0x40
 1097 011d 18       		.uleb128 0x18
 1098 011e 9742     		.uleb128 0x2117
 1099 0120 19       		.uleb128 0x19
 1100 0121 00       		.byte	0
 1101 0122 00       		.byte	0
 1102 0123 15       		.uleb128 0x15
 1103 0124 2E       		.uleb128 0x2e
 1104 0125 00       		.byte	0
 1105 0126 3F       		.uleb128 0x3f
 1106 0127 19       		.uleb128 0x19
 1107 0128 03       		.uleb128 0x3
 1108 0129 0E       		.uleb128 0xe
 1109 012a 3A       		.uleb128 0x3a
 1110 012b 0B       		.uleb128 0xb
 1111 012c 3B       		.uleb128 0x3b
 1112 012d 05       		.uleb128 0x5
 1113 012e 27       		.uleb128 0x27
 1114 012f 19       		.uleb128 0x19
 1115 0130 49       		.uleb128 0x49
 1116 0131 13       		.uleb128 0x13
 1117 0132 11       		.uleb128 0x11
 1118 0133 01       		.uleb128 0x1
 1119 0134 12       		.uleb128 0x12
 1120 0135 06       		.uleb128 0x6
 1121 0136 40       		.uleb128 0x40
 1122 0137 18       		.uleb128 0x18
 1123 0138 9742     		.uleb128 0x2117
 1124 013a 19       		.uleb128 0x19
 1125 013b 00       		.byte	0
 1126 013c 00       		.byte	0
 1127 013d 16       		.uleb128 0x16
 1128 013e 2E       		.uleb128 0x2e
 1129 013f 01       		.byte	0x1
 1130 0140 3F       		.uleb128 0x3f
 1131 0141 19       		.uleb128 0x19
 1132 0142 03       		.uleb128 0x3
 1133 0143 0E       		.uleb128 0xe
 1134 0144 3A       		.uleb128 0x3a
 1135 0145 0B       		.uleb128 0xb
 1136 0146 3B       		.uleb128 0x3b
 1137 0147 05       		.uleb128 0x5
 1138 0148 27       		.uleb128 0x27
 1139 0149 19       		.uleb128 0x19
 1140 014a 11       		.uleb128 0x11
 1141 014b 01       		.uleb128 0x1
 1142 014c 12       		.uleb128 0x12
 1143 014d 06       		.uleb128 0x6
 1144 014e 40       		.uleb128 0x40
 1145 014f 18       		.uleb128 0x18
 1146 0150 9742     		.uleb128 0x2117
 1147 0152 19       		.uleb128 0x19
ARM GAS  C:\Users\adria\AppData\Local\Temp\cc2vPOZC.s 			page 31


 1148 0153 01       		.uleb128 0x1
 1149 0154 13       		.uleb128 0x13
 1150 0155 00       		.byte	0
 1151 0156 00       		.byte	0
 1152 0157 17       		.uleb128 0x17
 1153 0158 05       		.uleb128 0x5
 1154 0159 00       		.byte	0
 1155 015a 03       		.uleb128 0x3
 1156 015b 0E       		.uleb128 0xe
 1157 015c 3A       		.uleb128 0x3a
 1158 015d 0B       		.uleb128 0xb
 1159 015e 3B       		.uleb128 0x3b
 1160 015f 05       		.uleb128 0x5
 1161 0160 49       		.uleb128 0x49
 1162 0161 13       		.uleb128 0x13
 1163 0162 02       		.uleb128 0x2
 1164 0163 18       		.uleb128 0x18
 1165 0164 00       		.byte	0
 1166 0165 00       		.byte	0
 1167 0166 18       		.uleb128 0x18
 1168 0167 34       		.uleb128 0x34
 1169 0168 00       		.byte	0
 1170 0169 31       		.uleb128 0x31
 1171 016a 13       		.uleb128 0x13
 1172 016b 02       		.uleb128 0x2
 1173 016c 18       		.uleb128 0x18
 1174 016d 00       		.byte	0
 1175 016e 00       		.byte	0
 1176 016f 19       		.uleb128 0x19
 1177 0170 34       		.uleb128 0x34
 1178 0171 00       		.byte	0
 1179 0172 03       		.uleb128 0x3
 1180 0173 0E       		.uleb128 0xe
 1181 0174 3A       		.uleb128 0x3a
 1182 0175 0B       		.uleb128 0xb
 1183 0176 3B       		.uleb128 0x3b
 1184 0177 0B       		.uleb128 0xb
 1185 0178 49       		.uleb128 0x49
 1186 0179 13       		.uleb128 0x13
 1187 017a 3F       		.uleb128 0x3f
 1188 017b 19       		.uleb128 0x19
 1189 017c 02       		.uleb128 0x2
 1190 017d 18       		.uleb128 0x18
 1191 017e 00       		.byte	0
 1192 017f 00       		.byte	0
 1193 0180 00       		.byte	0
 1194              		.section	.debug_loc,"",%progbits
 1195              	.Ldebug_loc0:
 1196              	.LLST0:
 1197 0000 3E000000 		.4byte	.LVL0
 1198 0004 44000000 		.4byte	.LVL1
 1199 0008 0200     		.2byte	0x2
 1200 000a 31       		.byte	0x31
 1201 000b 9F       		.byte	0x9f
 1202 000c 00000000 		.4byte	0
 1203 0010 00000000 		.4byte	0
 1204              	.LLST1:
ARM GAS  C:\Users\adria\AppData\Local\Temp\cc2vPOZC.s 			page 32


 1205 0014 44000000 		.4byte	.LVL1
 1206 0018 48000000 		.4byte	.LVL2
 1207 001c 0200     		.2byte	0x2
 1208 001e 31       		.byte	0x31
 1209 001f 9F       		.byte	0x9f
 1210 0020 00000000 		.4byte	0
 1211 0024 00000000 		.4byte	0
 1212              	.LLST2:
 1213 0028 48000000 		.4byte	.LVL2
 1214 002c 4E000000 		.4byte	.LVL3
 1215 0030 0200     		.2byte	0x2
 1216 0032 30       		.byte	0x30
 1217 0033 9F       		.byte	0x9f
 1218 0034 00000000 		.4byte	0
 1219 0038 00000000 		.4byte	0
 1220              		.section	.debug_aranges,"",%progbits
 1221 0000 84000000 		.4byte	0x84
 1222 0004 0200     		.2byte	0x2
 1223 0006 00000000 		.4byte	.Ldebug_info0
 1224 000a 04       		.byte	0x4
 1225 000b 00       		.byte	0
 1226 000c 0000     		.2byte	0
 1227 000e 0000     		.2byte	0
 1228 0010 00000000 		.4byte	.LFB0
 1229 0014 60000000 		.4byte	.LFE0-.LFB0
 1230 0018 00000000 		.4byte	.LFB1
 1231 001c 24000000 		.4byte	.LFE1-.LFB1
 1232 0020 00000000 		.4byte	.LFB2
 1233 0024 1C000000 		.4byte	.LFE2-.LFB2
 1234 0028 00000000 		.4byte	.LFB3
 1235 002c 28000000 		.4byte	.LFE3-.LFB3
 1236 0030 00000000 		.4byte	.LFB4
 1237 0034 0C000000 		.4byte	.LFE4-.LFB4
 1238 0038 00000000 		.4byte	.LFB5
 1239 003c 0C000000 		.4byte	.LFE5-.LFB5
 1240 0040 00000000 		.4byte	.LFB6
 1241 0044 0C000000 		.4byte	.LFE6-.LFB6
 1242 0048 00000000 		.4byte	.LFB7
 1243 004c 0C000000 		.4byte	.LFE7-.LFB7
 1244 0050 00000000 		.4byte	.LFB8
 1245 0054 0C000000 		.4byte	.LFE8-.LFB8
 1246 0058 00000000 		.4byte	.LFB9
 1247 005c 0C000000 		.4byte	.LFE9-.LFB9
 1248 0060 00000000 		.4byte	.LFB10
 1249 0064 0C000000 		.4byte	.LFE10-.LFB10
 1250 0068 00000000 		.4byte	.LFB11
 1251 006c 0C000000 		.4byte	.LFE11-.LFB11
 1252 0070 00000000 		.4byte	.LFB12
 1253 0074 0C000000 		.4byte	.LFE12-.LFB12
 1254 0078 00000000 		.4byte	.LFB13
 1255 007c 14000000 		.4byte	.LFE13-.LFB13
 1256 0080 00000000 		.4byte	0
 1257 0084 00000000 		.4byte	0
 1258              		.section	.debug_ranges,"",%progbits
 1259              	.Ldebug_ranges0:
 1260 0000 00000000 		.4byte	.LFB0
 1261 0004 60000000 		.4byte	.LFE0
ARM GAS  C:\Users\adria\AppData\Local\Temp\cc2vPOZC.s 			page 33


 1262 0008 00000000 		.4byte	.LFB1
 1263 000c 24000000 		.4byte	.LFE1
 1264 0010 00000000 		.4byte	.LFB2
 1265 0014 1C000000 		.4byte	.LFE2
 1266 0018 00000000 		.4byte	.LFB3
 1267 001c 28000000 		.4byte	.LFE3
 1268 0020 00000000 		.4byte	.LFB4
 1269 0024 0C000000 		.4byte	.LFE4
 1270 0028 00000000 		.4byte	.LFB5
 1271 002c 0C000000 		.4byte	.LFE5
 1272 0030 00000000 		.4byte	.LFB6
 1273 0034 0C000000 		.4byte	.LFE6
 1274 0038 00000000 		.4byte	.LFB7
 1275 003c 0C000000 		.4byte	.LFE7
 1276 0040 00000000 		.4byte	.LFB8
 1277 0044 0C000000 		.4byte	.LFE8
 1278 0048 00000000 		.4byte	.LFB9
 1279 004c 0C000000 		.4byte	.LFE9
 1280 0050 00000000 		.4byte	.LFB10
 1281 0054 0C000000 		.4byte	.LFE10
 1282 0058 00000000 		.4byte	.LFB11
 1283 005c 0C000000 		.4byte	.LFE11
 1284 0060 00000000 		.4byte	.LFB12
 1285 0064 0C000000 		.4byte	.LFE12
 1286 0068 00000000 		.4byte	.LFB13
 1287 006c 14000000 		.4byte	.LFE13
 1288 0070 00000000 		.4byte	0
 1289 0074 00000000 		.4byte	0
 1290              		.section	.debug_line,"",%progbits
 1291              	.Ldebug_line0:
 1292 0000 58010000 		.section	.debug_str,"MS",%progbits,1
 1292      02004200 
 1292      00000201 
 1292      FB0E0D00 
 1292      01010101 
 1293              	.LASF15:
 1294 0000 72656731 		.ascii	"reg16\000"
 1294      3600
 1295              	.LASF29:
 1296 0006 54696D65 		.ascii	"Timer_ReadStatusRegister\000"
 1296      725F5265 
 1296      61645374 
 1296      61747573 
 1296      52656769 
 1297              	.LASF37:
 1298 001f 443A5C50 		.ascii	"D:\\Projects\\PSoC\\AdvancedMicrocontrollers\\UARTK"
 1298      726F6A65 
 1298      6374735C 
 1298      50536F43 
 1298      5C416476 
 1299 004e 6579626F 		.ascii	"eyboard.cydsn\000"
 1299      6172642E 
 1299      63796473 
 1299      6E00
 1300              	.LASF23:
 1301 005c 70657269 		.ascii	"period\000"
 1301      6F6400
ARM GAS  C:\Users\adria\AppData\Local\Temp\cc2vPOZC.s 			page 34


 1302              	.LASF34:
 1303 0063 54696D65 		.ascii	"Timer_ReadCounter\000"
 1303      725F5265 
 1303      6164436F 
 1303      756E7465 
 1303      7200
 1304              	.LASF3:
 1305 0075 73686F72 		.ascii	"short unsigned int\000"
 1305      7420756E 
 1305      7369676E 
 1305      65642069 
 1305      6E7400
 1306              	.LASF36:
 1307 0088 47656E65 		.ascii	"Generated_Source\\PSoC5\\Timer.c\000"
 1307      72617465 
 1307      645F536F 
 1307      75726365 
 1307      5C50536F 
 1308              	.LASF27:
 1309 00a7 54696D65 		.ascii	"Timer_Stop\000"
 1309      725F5374 
 1309      6F7000
 1310              	.LASF11:
 1311 00b2 666C6F61 		.ascii	"float\000"
 1311      7400
 1312              	.LASF21:
 1313 00b8 636F756E 		.ascii	"counter\000"
 1313      74657200 
 1314              	.LASF1:
 1315 00c0 756E7369 		.ascii	"unsigned char\000"
 1315      676E6564 
 1315      20636861 
 1315      7200
 1316              	.LASF22:
 1317 00ce 54696D65 		.ascii	"Timer_WritePeriod\000"
 1317      725F5772 
 1317      69746550 
 1317      6572696F 
 1317      6400
 1318              	.LASF14:
 1319 00e0 72656738 		.ascii	"reg8\000"
 1319      00
 1320              	.LASF35:
 1321 00e5 474E5520 		.ascii	"GNU C11 5.4.1 20160609 (release) [ARM/embedded-5-br"
 1321      43313120 
 1321      352E342E 
 1321      31203230 
 1321      31363036 
 1322 0118 616E6368 		.ascii	"anch revision 237715] -mcpu=cortex-m3 -mthumb -g -O"
 1322      20726576 
 1322      6973696F 
 1322      6E203233 
 1322      37373135 
 1323 014b 73202D66 		.ascii	"s -ffunction-sections -ffat-lto-objects\000"
 1323      66756E63 
 1323      74696F6E 
 1323      2D736563 
ARM GAS  C:\Users\adria\AppData\Local\Temp\cc2vPOZC.s 			page 35


 1323      74696F6E 
 1324              	.LASF9:
 1325 0173 75696E74 		.ascii	"uint8\000"
 1325      3800
 1326              	.LASF39:
 1327 0179 636F6E74 		.ascii	"control\000"
 1327      726F6C00 
 1328              	.LASF28:
 1329 0181 54696D65 		.ascii	"Timer_SoftwareCapture\000"
 1329      725F536F 
 1329      66747761 
 1329      72654361 
 1329      70747572 
 1330              	.LASF12:
 1331 0197 646F7562 		.ascii	"double\000"
 1331      6C6500
 1332              	.LASF32:
 1333 019e 54696D65 		.ascii	"Timer_ReadPeriod\000"
 1333      725F5265 
 1333      61645065 
 1333      72696F64 
 1333      00
 1334              	.LASF10:
 1335 01af 75696E74 		.ascii	"uint16\000"
 1335      313600
 1336              	.LASF30:
 1337 01b6 54696D65 		.ascii	"Timer_ReadControlRegister\000"
 1337      725F5265 
 1337      6164436F 
 1337      6E74726F 
 1337      6C526567 
 1338              	.LASF25:
 1339 01d0 54696D65 		.ascii	"Timer_Start\000"
 1339      725F5374 
 1339      61727400 
 1340              	.LASF5:
 1341 01dc 6C6F6E67 		.ascii	"long unsigned int\000"
 1341      20756E73 
 1341      69676E65 
 1341      6420696E 
 1341      7400
 1342              	.LASF8:
 1343 01ee 756E7369 		.ascii	"unsigned int\000"
 1343      676E6564 
 1343      20696E74 
 1343      00
 1344              	.LASF7:
 1345 01fb 6C6F6E67 		.ascii	"long long unsigned int\000"
 1345      206C6F6E 
 1345      6720756E 
 1345      7369676E 
 1345      65642069 
 1346              	.LASF38:
 1347 0212 70657269 		.ascii	"period_temp\000"
 1347      6F645F74 
 1347      656D7000 
 1348              	.LASF17:
ARM GAS  C:\Users\adria\AppData\Local\Temp\cc2vPOZC.s 			page 36


 1349 021e 73697A65 		.ascii	"sizetype\000"
 1349      74797065 
 1349      00
 1350              	.LASF6:
 1351 0227 6C6F6E67 		.ascii	"long long int\000"
 1351      206C6F6E 
 1351      6720696E 
 1351      7400
 1352              	.LASF20:
 1353 0235 696E7465 		.ascii	"interruptMode\000"
 1353      72727570 
 1353      744D6F64 
 1353      6500
 1354              	.LASF18:
 1355 0243 54696D65 		.ascii	"Timer_SetInterruptMode\000"
 1355      725F5365 
 1355      74496E74 
 1355      65727275 
 1355      70744D6F 
 1356              	.LASF2:
 1357 025a 73686F72 		.ascii	"short int\000"
 1357      7420696E 
 1357      7400
 1358              	.LASF31:
 1359 0264 54696D65 		.ascii	"Timer_WriteControlRegister\000"
 1359      725F5772 
 1359      69746543 
 1359      6F6E7472 
 1359      6F6C5265 
 1360              	.LASF33:
 1361 027f 54696D65 		.ascii	"Timer_ReadCapture\000"
 1361      725F5265 
 1361      61644361 
 1361      70747572 
 1361      6500
 1362              	.LASF19:
 1363 0291 54696D65 		.ascii	"Timer_WriteCounter\000"
 1363      725F5772 
 1363      69746543 
 1363      6F756E74 
 1363      657200
 1364              	.LASF4:
 1365 02a4 6C6F6E67 		.ascii	"long int\000"
 1365      20696E74 
 1365      00
 1366              	.LASF13:
 1367 02ad 63686172 		.ascii	"char\000"
 1367      00
 1368              	.LASF16:
 1369 02b2 6C6F6E67 		.ascii	"long double\000"
 1369      20646F75 
 1369      626C6500 
 1370              	.LASF24:
 1371 02be 54696D65 		.ascii	"Timer_Init\000"
 1371      725F496E 
 1371      697400
 1372              	.LASF0:
ARM GAS  C:\Users\adria\AppData\Local\Temp\cc2vPOZC.s 			page 37


 1373 02c9 7369676E 		.ascii	"signed char\000"
 1373      65642063 
 1373      68617200 
 1374              	.LASF40:
 1375 02d5 54696D65 		.ascii	"Timer_initVar\000"
 1375      725F696E 
 1375      69745661 
 1375      7200
 1376              	.LASF26:
 1377 02e3 54696D65 		.ascii	"Timer_Enable\000"
 1377      725F456E 
 1377      61626C65 
 1377      00
 1378              		.ident	"GCC: (GNU Tools for ARM Embedded Processors) 5.4.1 20160609 (release) [ARM/embedded-5-bran
