ARM GAS  C:\Users\adria\AppData\Local\Temp\ccCteh5u.s 			page 1


   1              		.syntax unified
   2              		.cpu cortex-m3
   3              		.fpu softvfp
   4              		.eabi_attribute 20, 1
   5              		.eabi_attribute 21, 1
   6              		.eabi_attribute 23, 3
   7              		.eabi_attribute 24, 1
   8              		.eabi_attribute 25, 1
   9              		.eabi_attribute 26, 1
  10              		.eabi_attribute 30, 4
  11              		.eabi_attribute 34, 1
  12              		.eabi_attribute 18, 4
  13              		.thumb
  14              		.syntax unified
  15              		.file	"cymetadata.c"
  16              		.text
  17              	.Ltext0:
  18              		.cfi_sections	.debug_frame
  19              		.global	cy_metadata
  20              		.global	cy_meta_flashprotect
  21              		.global	cy_meta_wonvl
  22              		.global	cy_meta_custnvl
  23              		.global	cy_meta_configecc
  24              		.section	.cyconfigecc,"a",%progbits
  25              		.type	cy_meta_configecc, %object
  26              		.size	cy_meta_configecc, 120
  27              	cy_meta_configecc:
  28 0000 01       		.byte	1
  29 0001 4F       		.byte	79
  30 0002 00       		.byte	0
  31 0003 40       		.byte	64
  32 0004 01       		.byte	1
  33 0005 07       		.byte	7
  34 0006 01       		.byte	1
  35 0007 40       		.byte	64
  36 0008 01       		.byte	1
  37 0009 09       		.byte	9
  38 000a 01       		.byte	1
  39 000b 40       		.byte	64
  40 000c 04       		.byte	4
  41 000d 0A       		.byte	10
  42 000e 01       		.byte	1
  43 000f 40       		.byte	64
  44 0010 01       		.byte	1
  45 0011 0B       		.byte	11
  46 0012 01       		.byte	1
  47 0013 40       		.byte	64
  48 0014 02       		.byte	2
  49 0015 40       		.byte	64
  50 0016 01       		.byte	1
  51 0017 40       		.byte	64
  52 0018 01       		.byte	1
  53 0019 41       		.byte	65
  54 001a 01       		.byte	1
  55 001b 40       		.byte	64
  56 001c 05       		.byte	5
  57 001d 42       		.byte	66
ARM GAS  C:\Users\adria\AppData\Local\Temp\ccCteh5u.s 			page 2


  58 001e 01       		.byte	1
  59 001f 40       		.byte	64
  60 0020 02       		.byte	2
  61 0021 43       		.byte	67
  62 0022 01       		.byte	1
  63 0023 40       		.byte	64
  64 0024 01       		.byte	1
  65 0025 51       		.byte	81
  66 0026 01       		.byte	1
  67 0027 40       		.byte	64
  68 0028 0A       		.byte	10
  69 0029 4B       		.byte	75
  70 002a EE       		.byte	-18
  71 002b 08       		.byte	8
  72 002c AF       		.byte	-81
  73 002d 20       		.byte	32
  74 002e B8       		.byte	-72
  75 002f 20       		.byte	32
  76 0030 BE       		.byte	-66
  77 0031 10       		.byte	16
  78 0032 D8       		.byte	-40
  79 0033 04       		.byte	4
  80 0034 DF       		.byte	-33
  81 0035 01       		.byte	1
  82 0036 1F       		.byte	31
  83 0037 20       		.byte	32
  84 0038 32       		.byte	50
  85 0039 80       		.byte	-128
  86 003a CC       		.byte	-52
  87 003b 10       		.byte	16
  88 003c A6       		.byte	-90
  89 003d 80       		.byte	-128
  90 003e 12       		.byte	18
  91 003f 80       		.byte	-128
  92 0040 63       		.byte	99
  93 0041 02       		.byte	2
  94 0042 A6       		.byte	-90
  95 0043 80       		.byte	-128
  96 0044 C4       		.byte	-60
  97 0045 10       		.byte	16
  98 0046 D6       		.byte	-42
  99 0047 40       		.byte	64
 100 0048 AF       		.byte	-81
 101 0049 01       		.byte	1
 102 004a EE       		.byte	-18
 103 004b 10       		.byte	16
 104 004c 00       		.byte	0
 105 004d 02       		.byte	2
 106 004e 00       		.byte	0
 107 004f 00       		.byte	0
 108 0050 00       		.byte	0
 109 0051 00       		.byte	0
 110 0052 00       		.byte	0
 111 0053 00       		.byte	0
 112 0054 02       		.byte	2
 113 0055 02       		.byte	2
 114 0056 02       		.byte	2
ARM GAS  C:\Users\adria\AppData\Local\Temp\ccCteh5u.s 			page 3


 115 0057 02       		.byte	2
 116 0058 F0       		.byte	-16
 117 0059 00       		.byte	0
 118 005a 00       		.byte	0
 119 005b FB       		.byte	-5
 120 005c 0B       		.byte	11
 121 005d 00       		.byte	0
 122 005e 00       		.byte	0
 123 005f 00       		.byte	0
 124 0060 00       		.byte	0
 125 0061 00       		.byte	0
 126 0062 00       		.byte	0
 127 0063 00       		.byte	0
 128 0064 00       		.byte	0
 129 0065 7F       		.byte	127
 130 0066 7F       		.byte	127
 131 0067 00       		.byte	0
 132 0068 00       		.byte	0
 133 0069 00       		.byte	0
 134 006a 00       		.byte	0
 135 006b 00       		.byte	0
 136 006c F0       		.byte	-16
 137 006d 00       		.byte	0
 138 006e 00       		.byte	0
 139 006f F0       		.byte	-16
 140 0070 00       		.byte	0
 141 0071 00       		.byte	0
 142 0072 00       		.byte	0
 143 0073 00       		.byte	0
 144 0074 00       		.byte	0
 145 0075 00       		.byte	0
 146 0076 00       		.byte	0
 147 0077 00       		.byte	0
 148              		.section	.cywolatch,"a",%progbits
 149              		.type	cy_meta_wonvl, %object
 150              		.size	cy_meta_wonvl, 4
 151              	cy_meta_wonvl:
 152 0000 BC       		.byte	-68
 153 0001 90       		.byte	-112
 154 0002 AC       		.byte	-84
 155 0003 AF       		.byte	-81
 156              		.section	.cycustnvl,"a",%progbits
 157              		.type	cy_meta_custnvl, %object
 158              		.size	cy_meta_custnvl, 4
 159              	cy_meta_custnvl:
 160 0000 00       		.byte	0
 161 0001 00       		.byte	0
 162 0002 40       		.byte	64
 163 0003 05       		.byte	5
 164              		.section	.cymeta,"a",%progbits
 165              		.type	cy_metadata, %object
 166              		.size	cy_metadata, 12
 167              	cy_metadata:
 168 0000 00       		.byte	0
 169 0001 01       		.byte	1
 170 0002 2E       		.byte	46
 171 0003 16       		.byte	22
ARM GAS  C:\Users\adria\AppData\Local\Temp\ccCteh5u.s 			page 4


 172 0004 10       		.byte	16
 173 0005 69       		.byte	105
 174 0006 00       		.byte	0
 175 0007 01       		.byte	1
 176 0008 00       		.byte	0
 177 0009 00       		.byte	0
 178 000a 00       		.byte	0
 179 000b 00       		.byte	0
 180              		.section	.cyflashprotect,"a",%progbits
 181              		.type	cy_meta_flashprotect, %object
 182              		.size	cy_meta_flashprotect, 256
 183              	cy_meta_flashprotect:
 184 0000 00000000 		.space	256
 184      00000000 
 184      00000000 
 184      00000000 
 184      00000000 
 185              		.text
 186              	.Letext0:
 187              		.file 1 "c:\\program files (x86)\\cypress\\psoc creator\\4.4\\psoc creator\\import\\gnu\\arm\\5.4.
 188              		.file 2 "c:\\program files (x86)\\cypress\\psoc creator\\4.4\\psoc creator\\import\\gnu\\arm\\5.4.
 189              		.file 3 "Generated_Source\\PSoC5\\cymetadata.c"
 190              		.section	.debug_info,"",%progbits
 191              	.Ldebug_info0:
 192 0000 30010000 		.4byte	0x130
 193 0004 0400     		.2byte	0x4
 194 0006 00000000 		.4byte	.Ldebug_abbrev0
 195 000a 04       		.byte	0x4
 196 000b 01       		.uleb128 0x1
 197 000c C8000000 		.4byte	.LASF17
 198 0010 0C       		.byte	0xc
 199 0011 B7010000 		.4byte	.LASF18
 200 0015 60000000 		.4byte	.LASF19
 201 0019 00000000 		.4byte	.Ldebug_line0
 202 001d 02       		.uleb128 0x2
 203 001e 01       		.byte	0x1
 204 001f 06       		.byte	0x6
 205 0020 AB010000 		.4byte	.LASF0
 206 0024 03       		.uleb128 0x3
 207 0025 00000000 		.4byte	.LASF9
 208 0029 01       		.byte	0x1
 209 002a 1D       		.byte	0x1d
 210 002b 2F000000 		.4byte	0x2f
 211 002f 02       		.uleb128 0x2
 212 0030 01       		.byte	0x1
 213 0031 08       		.byte	0x8
 214 0032 2D000000 		.4byte	.LASF1
 215 0036 02       		.uleb128 0x2
 216 0037 02       		.byte	0x2
 217 0038 05       		.byte	0x5
 218 0039 98010000 		.4byte	.LASF2
 219 003d 02       		.uleb128 0x2
 220 003e 02       		.byte	0x2
 221 003f 07       		.byte	0x7
 222 0040 4D000000 		.4byte	.LASF3
 223 0044 02       		.uleb128 0x2
 224 0045 04       		.byte	0x4
ARM GAS  C:\Users\adria\AppData\Local\Temp\ccCteh5u.s 			page 5


 225 0046 05       		.byte	0x5
 226 0047 A2010000 		.4byte	.LASF4
 227 004b 02       		.uleb128 0x2
 228 004c 04       		.byte	0x4
 229 004d 07       		.byte	0x7
 230 004e 3B000000 		.4byte	.LASF5
 231 0052 02       		.uleb128 0x2
 232 0053 08       		.byte	0x8
 233 0054 05       		.byte	0x5
 234 0055 8A010000 		.4byte	.LASF6
 235 0059 02       		.uleb128 0x2
 236 005a 08       		.byte	0x8
 237 005b 07       		.byte	0x7
 238 005c 16000000 		.4byte	.LASF7
 239 0060 04       		.uleb128 0x4
 240 0061 04       		.byte	0x4
 241 0062 05       		.byte	0x5
 242 0063 696E7400 		.ascii	"int\000"
 243 0067 02       		.uleb128 0x2
 244 0068 04       		.byte	0x4
 245 0069 07       		.byte	0x7
 246 006a BB000000 		.4byte	.LASF8
 247 006e 03       		.uleb128 0x3
 248 006f 56010000 		.4byte	.LASF10
 249 0073 02       		.byte	0x2
 250 0074 18       		.byte	0x18
 251 0075 24000000 		.4byte	0x24
 252 0079 05       		.uleb128 0x5
 253 007a 90000000 		.4byte	0x90
 254 007e 89000000 		.4byte	0x89
 255 0082 06       		.uleb128 0x6
 256 0083 89000000 		.4byte	0x89
 257 0087 77       		.byte	0x77
 258 0088 00       		.byte	0
 259 0089 02       		.uleb128 0x2
 260 008a 04       		.byte	0x4
 261 008b 07       		.byte	0x7
 262 008c 81010000 		.4byte	.LASF11
 263 0090 07       		.uleb128 0x7
 264 0091 6E000000 		.4byte	0x6e
 265 0095 08       		.uleb128 0x8
 266 0096 A9000000 		.4byte	.LASF12
 267 009a 03       		.byte	0x3
 268 009b 1F       		.byte	0x1f
 269 009c A6000000 		.4byte	0xa6
 270 00a0 05       		.uleb128 0x5
 271 00a1 03       		.byte	0x3
 272 00a2 00000000 		.4byte	cy_meta_configecc
 273 00a6 07       		.uleb128 0x7
 274 00a7 79000000 		.4byte	0x79
 275 00ab 05       		.uleb128 0x5
 276 00ac 90000000 		.4byte	0x90
 277 00b0 BB000000 		.4byte	0xbb
 278 00b4 06       		.uleb128 0x6
 279 00b5 89000000 		.4byte	0x89
 280 00b9 03       		.byte	0x3
 281 00ba 00       		.byte	0
ARM GAS  C:\Users\adria\AppData\Local\Temp\ccCteh5u.s 			page 6


 282 00bb 08       		.uleb128 0x8
 283 00bc 99000000 		.4byte	.LASF13
 284 00c0 03       		.byte	0x3
 285 00c1 3B       		.byte	0x3b
 286 00c2 CC000000 		.4byte	0xcc
 287 00c6 05       		.uleb128 0x5
 288 00c7 03       		.byte	0x3
 289 00c8 00000000 		.4byte	cy_meta_custnvl
 290 00cc 07       		.uleb128 0x7
 291 00cd AB000000 		.4byte	0xab
 292 00d1 08       		.uleb128 0x8
 293 00d2 73010000 		.4byte	.LASF14
 294 00d6 03       		.byte	0x3
 295 00d7 49       		.byte	0x49
 296 00d8 E2000000 		.4byte	0xe2
 297 00dc 05       		.uleb128 0x5
 298 00dd 03       		.byte	0x3
 299 00de 00000000 		.4byte	cy_meta_wonvl
 300 00e2 07       		.uleb128 0x7
 301 00e3 AB000000 		.4byte	0xab
 302 00e7 05       		.uleb128 0x5
 303 00e8 90000000 		.4byte	0x90
 304 00ec F7000000 		.4byte	0xf7
 305 00f0 06       		.uleb128 0x6
 306 00f1 89000000 		.4byte	0x89
 307 00f5 FF       		.byte	0xff
 308 00f6 00       		.byte	0
 309 00f7 08       		.uleb128 0x8
 310 00f8 5E010000 		.4byte	.LASF15
 311 00fc 03       		.byte	0x3
 312 00fd 57       		.byte	0x57
 313 00fe 08010000 		.4byte	0x108
 314 0102 05       		.uleb128 0x5
 315 0103 03       		.byte	0x3
 316 0104 00000000 		.4byte	cy_meta_flashprotect
 317 0108 07       		.uleb128 0x7
 318 0109 E7000000 		.4byte	0xe7
 319 010d 05       		.uleb128 0x5
 320 010e 90000000 		.4byte	0x90
 321 0112 1D010000 		.4byte	0x11d
 322 0116 06       		.uleb128 0x6
 323 0117 89000000 		.4byte	0x89
 324 011b 0B       		.byte	0xb
 325 011c 00       		.byte	0
 326 011d 08       		.uleb128 0x8
 327 011e 0A000000 		.4byte	.LASF16
 328 0122 03       		.byte	0x3
 329 0123 84       		.byte	0x84
 330 0124 2E010000 		.4byte	0x12e
 331 0128 05       		.uleb128 0x5
 332 0129 03       		.byte	0x3
 333 012a 00000000 		.4byte	cy_metadata
 334 012e 07       		.uleb128 0x7
 335 012f 0D010000 		.4byte	0x10d
 336 0133 00       		.byte	0
 337              		.section	.debug_abbrev,"",%progbits
 338              	.Ldebug_abbrev0:
ARM GAS  C:\Users\adria\AppData\Local\Temp\ccCteh5u.s 			page 7


 339 0000 01       		.uleb128 0x1
 340 0001 11       		.uleb128 0x11
 341 0002 01       		.byte	0x1
 342 0003 25       		.uleb128 0x25
 343 0004 0E       		.uleb128 0xe
 344 0005 13       		.uleb128 0x13
 345 0006 0B       		.uleb128 0xb
 346 0007 03       		.uleb128 0x3
 347 0008 0E       		.uleb128 0xe
 348 0009 1B       		.uleb128 0x1b
 349 000a 0E       		.uleb128 0xe
 350 000b 10       		.uleb128 0x10
 351 000c 17       		.uleb128 0x17
 352 000d 00       		.byte	0
 353 000e 00       		.byte	0
 354 000f 02       		.uleb128 0x2
 355 0010 24       		.uleb128 0x24
 356 0011 00       		.byte	0
 357 0012 0B       		.uleb128 0xb
 358 0013 0B       		.uleb128 0xb
 359 0014 3E       		.uleb128 0x3e
 360 0015 0B       		.uleb128 0xb
 361 0016 03       		.uleb128 0x3
 362 0017 0E       		.uleb128 0xe
 363 0018 00       		.byte	0
 364 0019 00       		.byte	0
 365 001a 03       		.uleb128 0x3
 366 001b 16       		.uleb128 0x16
 367 001c 00       		.byte	0
 368 001d 03       		.uleb128 0x3
 369 001e 0E       		.uleb128 0xe
 370 001f 3A       		.uleb128 0x3a
 371 0020 0B       		.uleb128 0xb
 372 0021 3B       		.uleb128 0x3b
 373 0022 0B       		.uleb128 0xb
 374 0023 49       		.uleb128 0x49
 375 0024 13       		.uleb128 0x13
 376 0025 00       		.byte	0
 377 0026 00       		.byte	0
 378 0027 04       		.uleb128 0x4
 379 0028 24       		.uleb128 0x24
 380 0029 00       		.byte	0
 381 002a 0B       		.uleb128 0xb
 382 002b 0B       		.uleb128 0xb
 383 002c 3E       		.uleb128 0x3e
 384 002d 0B       		.uleb128 0xb
 385 002e 03       		.uleb128 0x3
 386 002f 08       		.uleb128 0x8
 387 0030 00       		.byte	0
 388 0031 00       		.byte	0
 389 0032 05       		.uleb128 0x5
 390 0033 01       		.uleb128 0x1
 391 0034 01       		.byte	0x1
 392 0035 49       		.uleb128 0x49
 393 0036 13       		.uleb128 0x13
 394 0037 01       		.uleb128 0x1
 395 0038 13       		.uleb128 0x13
ARM GAS  C:\Users\adria\AppData\Local\Temp\ccCteh5u.s 			page 8


 396 0039 00       		.byte	0
 397 003a 00       		.byte	0
 398 003b 06       		.uleb128 0x6
 399 003c 21       		.uleb128 0x21
 400 003d 00       		.byte	0
 401 003e 49       		.uleb128 0x49
 402 003f 13       		.uleb128 0x13
 403 0040 2F       		.uleb128 0x2f
 404 0041 0B       		.uleb128 0xb
 405 0042 00       		.byte	0
 406 0043 00       		.byte	0
 407 0044 07       		.uleb128 0x7
 408 0045 26       		.uleb128 0x26
 409 0046 00       		.byte	0
 410 0047 49       		.uleb128 0x49
 411 0048 13       		.uleb128 0x13
 412 0049 00       		.byte	0
 413 004a 00       		.byte	0
 414 004b 08       		.uleb128 0x8
 415 004c 34       		.uleb128 0x34
 416 004d 00       		.byte	0
 417 004e 03       		.uleb128 0x3
 418 004f 0E       		.uleb128 0xe
 419 0050 3A       		.uleb128 0x3a
 420 0051 0B       		.uleb128 0xb
 421 0052 3B       		.uleb128 0x3b
 422 0053 0B       		.uleb128 0xb
 423 0054 49       		.uleb128 0x49
 424 0055 13       		.uleb128 0x13
 425 0056 3F       		.uleb128 0x3f
 426 0057 19       		.uleb128 0x19
 427 0058 02       		.uleb128 0x2
 428 0059 18       		.uleb128 0x18
 429 005a 00       		.byte	0
 430 005b 00       		.byte	0
 431 005c 00       		.byte	0
 432              		.section	.debug_aranges,"",%progbits
 433 0000 14000000 		.4byte	0x14
 434 0004 0200     		.2byte	0x2
 435 0006 00000000 		.4byte	.Ldebug_info0
 436 000a 04       		.byte	0x4
 437 000b 00       		.byte	0
 438 000c 0000     		.2byte	0
 439 000e 0000     		.2byte	0
 440 0010 00000000 		.4byte	0
 441 0014 00000000 		.4byte	0
 442              		.section	.debug_line,"",%progbits
 443              	.Ldebug_line0:
 444 0000 3D010000 		.section	.debug_str,"MS",%progbits,1
 444      02003701 
 444      00000201 
 444      FB0E0D00 
 444      01010101 
 445              	.LASF9:
 446 0000 5F5F7569 		.ascii	"__uint8_t\000"
 446      6E74385F 
 446      7400
ARM GAS  C:\Users\adria\AppData\Local\Temp\ccCteh5u.s 			page 9


 447              	.LASF16:
 448 000a 63795F6D 		.ascii	"cy_metadata\000"
 448      65746164 
 448      61746100 
 449              	.LASF7:
 450 0016 6C6F6E67 		.ascii	"long long unsigned int\000"
 450      206C6F6E 
 450      6720756E 
 450      7369676E 
 450      65642069 
 451              	.LASF1:
 452 002d 756E7369 		.ascii	"unsigned char\000"
 452      676E6564 
 452      20636861 
 452      7200
 453              	.LASF5:
 454 003b 6C6F6E67 		.ascii	"long unsigned int\000"
 454      20756E73 
 454      69676E65 
 454      6420696E 
 454      7400
 455              	.LASF3:
 456 004d 73686F72 		.ascii	"short unsigned int\000"
 456      7420756E 
 456      7369676E 
 456      65642069 
 456      6E7400
 457              	.LASF19:
 458 0060 443A5C50 		.ascii	"D:\\Projects\\PSoC\\AdvancedMicrocontrollers\\Keybo"
 458      726F6A65 
 458      6374735C 
 458      50536F43 
 458      5C416476 
 459 008f 6172642E 		.ascii	"ard.cydsn\000"
 459      63796473 
 459      6E00
 460              	.LASF13:
 461 0099 63795F6D 		.ascii	"cy_meta_custnvl\000"
 461      6574615F 
 461      63757374 
 461      6E766C00 
 462              	.LASF12:
 463 00a9 63795F6D 		.ascii	"cy_meta_configecc\000"
 463      6574615F 
 463      636F6E66 
 463      69676563 
 463      6300
 464              	.LASF8:
 465 00bb 756E7369 		.ascii	"unsigned int\000"
 465      676E6564 
 465      20696E74 
 465      00
 466              	.LASF17:
 467 00c8 474E5520 		.ascii	"GNU C11 5.4.1 20160609 (release) [ARM/embedded-5-br"
 467      43313120 
 467      352E342E 
 467      31203230 
ARM GAS  C:\Users\adria\AppData\Local\Temp\ccCteh5u.s 			page 10


 467      31363036 
 468 00fb 616E6368 		.ascii	"anch revision 237715] -mcpu=cortex-m3 -mthumb -g -O"
 468      20726576 
 468      6973696F 
 468      6E203233 
 468      37373135 
 469 012e 73202D66 		.ascii	"s -ffunction-sections -ffat-lto-objects\000"
 469      66756E63 
 469      74696F6E 
 469      2D736563 
 469      74696F6E 
 470              	.LASF10:
 471 0156 75696E74 		.ascii	"uint8_t\000"
 471      385F7400 
 472              	.LASF15:
 473 015e 63795F6D 		.ascii	"cy_meta_flashprotect\000"
 473      6574615F 
 473      666C6173 
 473      6870726F 
 473      74656374 
 474              	.LASF14:
 475 0173 63795F6D 		.ascii	"cy_meta_wonvl\000"
 475      6574615F 
 475      776F6E76 
 475      6C00
 476              	.LASF11:
 477 0181 73697A65 		.ascii	"sizetype\000"
 477      74797065 
 477      00
 478              	.LASF6:
 479 018a 6C6F6E67 		.ascii	"long long int\000"
 479      206C6F6E 
 479      6720696E 
 479      7400
 480              	.LASF2:
 481 0198 73686F72 		.ascii	"short int\000"
 481      7420696E 
 481      7400
 482              	.LASF4:
 483 01a2 6C6F6E67 		.ascii	"long int\000"
 483      20696E74 
 483      00
 484              	.LASF0:
 485 01ab 7369676E 		.ascii	"signed char\000"
 485      65642063 
 485      68617200 
 486              	.LASF18:
 487 01b7 47656E65 		.ascii	"Generated_Source\\PSoC5\\cymetadata.c\000"
 487      72617465 
 487      645F536F 
 487      75726365 
 487      5C50536F 
 488              		.ident	"GCC: (GNU Tools for ARM Embedded Processors) 5.4.1 20160609 (release) [ARM/embedded-5-bran
