ARM GAS  C:\Users\adria\AppData\Local\Temp\ccnMP5GY.s 			page 1


   1              		.syntax unified
   2              		.cpu cortex-m3
   3              		.fpu softvfp
   4              		.eabi_attribute 20, 1
   5              		.eabi_attribute 21, 1
   6              		.eabi_attribute 23, 3
   7              		.eabi_attribute 24, 1
   8              		.eabi_attribute 25, 1
   9              		.eabi_attribute 26, 1
  10              		.eabi_attribute 30, 4
  11              		.eabi_attribute 34, 1
  12              		.eabi_attribute 18, 4
  13              		.thumb
  14              		.syntax unified
  15              		.file	"main.c"
  16              		.text
  17              	.Ltext0:
  18              		.cfi_sections	.debug_frame
  19              		.section	.text.INT_IT,"ax",%progbits
  20              		.align	1
  21              		.global	INT_IT
  22              		.thumb
  23              		.thumb_func
  24              		.type	INT_IT, %function
  25              	INT_IT:
  26              	.LFB65:
  27              		.file 1 "main.c"
   1:main.c        **** #include "project.h"
   2:main.c        **** #include <stdio.h>
   3:main.c        **** #include <stdlib.h>
   4:main.c        **** #include <string.h>
   5:main.c        **** 
   6:main.c        **** uint8 key, row; //values to read the pin
   7:main.c        **** char str[16];   //variable to save the data
   8:main.c        **** uint8 c=0;   //control of the pins iteration
   9:main.c        **** uint8 p=0;    //position pointer
  10:main.c        **** 
  11:main.c        **** void message()
  12:main.c        **** {
  13:main.c        ****     LCD_Position(0,0);
  14:main.c        ****     LCD_PrintString("Write:");
  15:main.c        **** }
  16:main.c        **** 
  17:main.c        **** //change the status of the pins
  18:main.c        **** CY_ISR(INT_IT){
  28              		.loc 1 18 0
  29              		.cfi_startproc
  30              		@ args = 0, pretend = 0, frame = 0
  31              		@ frame_needed = 0, uses_anonymous_args = 0
  32 0000 10B5     		push	{r4, lr}
  33              		.cfi_def_cfa_offset 8
  34              		.cfi_offset 4, -8
  35              		.cfi_offset 14, -4
  19:main.c        ****     if(c==1){
  36              		.loc 1 19 0
  37 0002 104C     		ldr	r4, .L7
  38 0004 2378     		ldrb	r3, [r4]	@ zero_extendqisi2
ARM GAS  C:\Users\adria\AppData\Local\Temp\ccnMP5GY.s 			page 2


  39 0006 012B     		cmp	r3, #1
  40 0008 02D1     		bne	.L2
  20:main.c        ****         Columns_Write(0x0E);
  41              		.loc 1 20 0
  42 000a 0E20     		movs	r0, #14
  43 000c FFF7FEFF 		bl	Columns_Write
  44              	.LVL0:
  45              	.L2:
  21:main.c        ****     }
  22:main.c        ****     if(c==2){
  46              		.loc 1 22 0
  47 0010 2378     		ldrb	r3, [r4]	@ zero_extendqisi2
  48 0012 022B     		cmp	r3, #2
  49 0014 02D1     		bne	.L3
  23:main.c        ****         Columns_Write(0x0D);
  50              		.loc 1 23 0
  51 0016 0D20     		movs	r0, #13
  52 0018 FFF7FEFF 		bl	Columns_Write
  53              	.LVL1:
  54              	.L3:
  24:main.c        ****     }
  25:main.c        ****     if(c==3){
  55              		.loc 1 25 0
  56 001c 2378     		ldrb	r3, [r4]	@ zero_extendqisi2
  57 001e 032B     		cmp	r3, #3
  58 0020 02D1     		bne	.L4
  26:main.c        ****         Columns_Write(0x0B);
  59              		.loc 1 26 0
  60 0022 0B20     		movs	r0, #11
  61 0024 FFF7FEFF 		bl	Columns_Write
  62              	.LVL2:
  63              	.L4:
  27:main.c        ****     }
  28:main.c        ****     if(c==4){
  64              		.loc 1 28 0
  65 0028 2378     		ldrb	r3, [r4]	@ zero_extendqisi2
  66 002a 042B     		cmp	r3, #4
  67 002c 05D1     		bne	.L5
  29:main.c        ****         Columns_Write(0x07);
  68              		.loc 1 29 0
  69 002e 0720     		movs	r0, #7
  70 0030 FFF7FEFF 		bl	Columns_Write
  71              	.LVL3:
  30:main.c        ****         c=0;
  72              		.loc 1 30 0
  73 0034 034B     		ldr	r3, .L7
  74 0036 0022     		movs	r2, #0
  75 0038 1A70     		strb	r2, [r3]
  76              	.L5:
  31:main.c        ****     }
  32:main.c        ****     c++;
  77              		.loc 1 32 0
  78 003a 2378     		ldrb	r3, [r4]	@ zero_extendqisi2
  79 003c 0133     		adds	r3, r3, #1
  80 003e 2370     		strb	r3, [r4]
  81 0040 10BD     		pop	{r4, pc}
  82              	.L8:
ARM GAS  C:\Users\adria\AppData\Local\Temp\ccnMP5GY.s 			page 3


  83 0042 00BF     		.align	2
  84              	.L7:
  85 0044 00000000 		.word	.LANCHOR0
  86              		.cfi_endproc
  87              	.LFE65:
  88              		.size	INT_IT, .-INT_IT
  89              		.section	.text.message,"ax",%progbits
  90              		.align	1
  91              		.global	message
  92              		.thumb
  93              		.thumb_func
  94              		.type	message, %function
  95              	message:
  96              	.LFB64:
  12:main.c        ****     LCD_Position(0,0);
  97              		.loc 1 12 0
  98              		.cfi_startproc
  99              		@ args = 0, pretend = 0, frame = 0
 100              		@ frame_needed = 0, uses_anonymous_args = 0
 101 0000 08B5     		push	{r3, lr}
 102              		.cfi_def_cfa_offset 8
 103              		.cfi_offset 3, -8
 104              		.cfi_offset 14, -4
  13:main.c        ****     LCD_PrintString("Write:");
 105              		.loc 1 13 0
 106 0002 0021     		movs	r1, #0
 107 0004 0846     		mov	r0, r1
 108 0006 FFF7FEFF 		bl	LCD_Position
 109              	.LVL4:
  15:main.c        **** 
 110              		.loc 1 15 0
 111 000a BDE80840 		pop	{r3, lr}
 112              		.cfi_restore 14
 113              		.cfi_restore 3
 114              		.cfi_def_cfa_offset 0
  14:main.c        **** }
 115              		.loc 1 14 0
 116 000e 0148     		ldr	r0, .L10
 117 0010 FFF7FEBF 		b	LCD_PrintString
 118              	.LVL5:
 119              	.L11:
 120              		.align	2
 121              	.L10:
 122 0014 00000000 		.word	.LC0
 123              		.cfi_endproc
 124              	.LFE64:
 125              		.size	message, .-message
 126              		.section	.text.INT_KB,"ax",%progbits
 127              		.align	1
 128              		.global	INT_KB
 129              		.thumb
 130              		.thumb_func
 131              		.type	INT_KB, %function
 132              	INT_KB:
 133              	.LFB66:
  33:main.c        **** }
  34:main.c        **** 
ARM GAS  C:\Users\adria\AppData\Local\Temp\ccnMP5GY.s 			page 4


  35:main.c        **** //read the keyboard
  36:main.c        **** CY_ISR(INT_KB){
 134              		.loc 1 36 0
 135              		.cfi_startproc
 136              		@ args = 0, pretend = 0, frame = 0
 137              		@ frame_needed = 0, uses_anonymous_args = 0
 138 0000 38B5     		push	{r3, r4, r5, lr}
 139              		.cfi_def_cfa_offset 16
 140              		.cfi_offset 3, -16
 141              		.cfi_offset 4, -12
 142              		.cfi_offset 5, -8
 143              		.cfi_offset 14, -4
  37:main.c        ****     
  38:main.c        ****     row=Rows_Read();    //read the status of the Rows
 144              		.loc 1 38 0
 145 0002 FFF7FEFF 		bl	Rows_Read
 146              	.LVL6:
 147 0006 964C     		ldr	r4, .L38
 148 0008 2070     		strb	r0, [r4]
  39:main.c        ****     key=Columns_Read(); //read the status fo the Columns
 149              		.loc 1 39 0
 150 000a FFF7FEFF 		bl	Columns_Read
 151              	.LVL7:
  40:main.c        ****     key=key<<4; //move the bits to the left
  41:main.c        ****     key=key|row;    //or
 152              		.loc 1 41 0
 153 000e 2378     		ldrb	r3, [r4]	@ zero_extendqisi2
 154 0010 944C     		ldr	r4, .L38+4
 155 0012 43EA0010 		orr	r0, r3, r0, lsl #4
 156 0016 C0B2     		uxtb	r0, r0
  42:main.c        ****     
  43:main.c        ****     /*
  44:main.c        ****     LCD_Position(x,p);  //select the position to write the key - x is row and p is column
  45:main.c        ****     str[p]='1'; //save the key in the position of the chain - p is position
  46:main.c        ****     LCD_PutChar('1');   //function to show in the LCD
  47:main.c        ****     p++;    //change position
  48:main.c        ****     */
  49:main.c        ****     
  50:main.c        ****     if(key==0x7E){
 157              		.loc 1 50 0
 158 0018 7E28     		cmp	r0, #126
  41:main.c        ****     
 159              		.loc 1 41 0
 160 001a 2070     		strb	r0, [r4]
 161              		.loc 1 50 0
 162 001c 0DD1     		bne	.L13
  51:main.c        ****         LCD_Position(1,p);
 163              		.loc 1 51 0
 164 001e 924D     		ldr	r5, .L38+8
 165 0020 0120     		movs	r0, #1
 166 0022 6978     		ldrb	r1, [r5, #1]	@ zero_extendqisi2
 167 0024 FFF7FEFF 		bl	LCD_Position
 168              	.LVL8:
  52:main.c        ****         str[p]='1';
 169              		.loc 1 52 0
 170 0028 6B78     		ldrb	r3, [r5, #1]	@ zero_extendqisi2
 171 002a 904A     		ldr	r2, .L38+12
ARM GAS  C:\Users\adria\AppData\Local\Temp\ccnMP5GY.s 			page 5


 172 002c 3120     		movs	r0, #49
 173 002e D054     		strb	r0, [r2, r3]
  53:main.c        ****         LCD_PutChar('1');
 174              		.loc 1 53 0
 175 0030 FFF7FEFF 		bl	LCD_PutChar
 176              	.LVL9:
  54:main.c        ****         p++;
 177              		.loc 1 54 0
 178 0034 6B78     		ldrb	r3, [r5, #1]	@ zero_extendqisi2
 179 0036 0133     		adds	r3, r3, #1
 180 0038 6B70     		strb	r3, [r5, #1]
 181              	.L13:
  55:main.c        ****     }
  56:main.c        ****     if(key==0x7D){
 182              		.loc 1 56 0
 183 003a 2378     		ldrb	r3, [r4]	@ zero_extendqisi2
 184 003c 7D2B     		cmp	r3, #125
 185 003e 0DD1     		bne	.L14
  57:main.c        ****         LCD_Position(1,p);
 186              		.loc 1 57 0
 187 0040 894D     		ldr	r5, .L38+8
 188 0042 0120     		movs	r0, #1
 189 0044 6978     		ldrb	r1, [r5, #1]	@ zero_extendqisi2
 190 0046 FFF7FEFF 		bl	LCD_Position
 191              	.LVL10:
  58:main.c        ****         str[p]='2';
 192              		.loc 1 58 0
 193 004a 6B78     		ldrb	r3, [r5, #1]	@ zero_extendqisi2
 194 004c 874A     		ldr	r2, .L38+12
 195 004e 3220     		movs	r0, #50
 196 0050 D054     		strb	r0, [r2, r3]
  59:main.c        ****         LCD_PutChar('2');
 197              		.loc 1 59 0
 198 0052 FFF7FEFF 		bl	LCD_PutChar
 199              	.LVL11:
  60:main.c        ****         p++;
 200              		.loc 1 60 0
 201 0056 6B78     		ldrb	r3, [r5, #1]	@ zero_extendqisi2
 202 0058 0133     		adds	r3, r3, #1
 203 005a 6B70     		strb	r3, [r5, #1]
 204              	.L14:
  61:main.c        ****     }
  62:main.c        ****     if(key==0x7B){
 205              		.loc 1 62 0
 206 005c 2378     		ldrb	r3, [r4]	@ zero_extendqisi2
 207 005e 7B2B     		cmp	r3, #123
 208 0060 0DD1     		bne	.L15
  63:main.c        ****         LCD_Position(1,p);
 209              		.loc 1 63 0
 210 0062 814D     		ldr	r5, .L38+8
 211 0064 0120     		movs	r0, #1
 212 0066 6978     		ldrb	r1, [r5, #1]	@ zero_extendqisi2
 213 0068 FFF7FEFF 		bl	LCD_Position
 214              	.LVL12:
  64:main.c        ****         str[p]='3';
 215              		.loc 1 64 0
 216 006c 6B78     		ldrb	r3, [r5, #1]	@ zero_extendqisi2
ARM GAS  C:\Users\adria\AppData\Local\Temp\ccnMP5GY.s 			page 6


 217 006e 7F4A     		ldr	r2, .L38+12
 218 0070 3320     		movs	r0, #51
 219 0072 D054     		strb	r0, [r2, r3]
  65:main.c        ****         LCD_PutChar('3');
 220              		.loc 1 65 0
 221 0074 FFF7FEFF 		bl	LCD_PutChar
 222              	.LVL13:
  66:main.c        ****         p++;
 223              		.loc 1 66 0
 224 0078 6B78     		ldrb	r3, [r5, #1]	@ zero_extendqisi2
 225 007a 0133     		adds	r3, r3, #1
 226 007c 6B70     		strb	r3, [r5, #1]
 227              	.L15:
  67:main.c        ****     }
  68:main.c        ****     if(key==0x77){  //A - Delete the previus position
 228              		.loc 1 68 0
 229 007e 2378     		ldrb	r3, [r4]	@ zero_extendqisi2
 230 0080 772B     		cmp	r3, #119
 231 0082 0ED1     		bne	.L16
  69:main.c        ****         //////////////////////
  70:main.c        ****         //the if function is needed so as not to break the function with negative numbers / positio
  71:main.c        ****         if(0<p){    //as long as p is greater than 0, we can return to the previus position
 232              		.loc 1 71 0
 233 0084 784B     		ldr	r3, .L38+8
 234 0086 5978     		ldrb	r1, [r3, #1]	@ zero_extendqisi2
 235 0088 59B1     		cbz	r1, .L16
  72:main.c        ****             p--;    //return a position
 236              		.loc 1 72 0
 237 008a 0139     		subs	r1, r1, #1
 238 008c C9B2     		uxtb	r1, r1
 239 008e 5970     		strb	r1, [r3, #1]
  73:main.c        ****             str[p]=' '; //write nothing/"clear" the chain
 240              		.loc 1 73 0
 241 0090 764B     		ldr	r3, .L38+12
 242 0092 2025     		movs	r5, #32
  74:main.c        ****             LCD_Position(1,p); //select the position to write
 243              		.loc 1 74 0
 244 0094 0120     		movs	r0, #1
  73:main.c        ****             str[p]=' '; //write nothing/"clear" the chain
 245              		.loc 1 73 0
 246 0096 5D54     		strb	r5, [r3, r1]
 247              		.loc 1 74 0
 248 0098 FFF7FEFF 		bl	LCD_Position
 249              	.LVL14:
  75:main.c        ****             LCD_PutChar(' ');   //write a nothing in the position - clear the position
 250              		.loc 1 75 0
 251 009c 2846     		mov	r0, r5
 252 009e FFF7FEFF 		bl	LCD_PutChar
 253              	.LVL15:
 254              	.L16:
  76:main.c        ****             
  77:main.c        ****         }
  78:main.c        ****         //do nothing if the position is zero - dont move to the p[-1] position
  79:main.c        ****         else{
  80:main.c        ****         }
  81:main.c        ****         //////////////////////
  82:main.c        ****     }
ARM GAS  C:\Users\adria\AppData\Local\Temp\ccnMP5GY.s 			page 7


  83:main.c        ****     if(key==0xBE){
 255              		.loc 1 83 0
 256 00a2 2378     		ldrb	r3, [r4]	@ zero_extendqisi2
 257 00a4 BE2B     		cmp	r3, #190
 258 00a6 0DD1     		bne	.L17
  84:main.c        ****         LCD_Position(1,p);
 259              		.loc 1 84 0
 260 00a8 6F4D     		ldr	r5, .L38+8
 261 00aa 0120     		movs	r0, #1
 262 00ac 6978     		ldrb	r1, [r5, #1]	@ zero_extendqisi2
 263 00ae FFF7FEFF 		bl	LCD_Position
 264              	.LVL16:
  85:main.c        ****         str[p]='4';
 265              		.loc 1 85 0
 266 00b2 6B78     		ldrb	r3, [r5, #1]	@ zero_extendqisi2
 267 00b4 6D4A     		ldr	r2, .L38+12
 268 00b6 3420     		movs	r0, #52
 269 00b8 D054     		strb	r0, [r2, r3]
  86:main.c        ****         LCD_PutChar('4');
 270              		.loc 1 86 0
 271 00ba FFF7FEFF 		bl	LCD_PutChar
 272              	.LVL17:
  87:main.c        ****         p++;
 273              		.loc 1 87 0
 274 00be 6B78     		ldrb	r3, [r5, #1]	@ zero_extendqisi2
 275 00c0 0133     		adds	r3, r3, #1
 276 00c2 6B70     		strb	r3, [r5, #1]
 277              	.L17:
  88:main.c        ****     }
  89:main.c        ****     if(key==0xBD){
 278              		.loc 1 89 0
 279 00c4 2378     		ldrb	r3, [r4]	@ zero_extendqisi2
 280 00c6 BD2B     		cmp	r3, #189
 281 00c8 0DD1     		bne	.L18
  90:main.c        ****         LCD_Position(1,p);
 282              		.loc 1 90 0
 283 00ca 674D     		ldr	r5, .L38+8
 284 00cc 0120     		movs	r0, #1
 285 00ce 6978     		ldrb	r1, [r5, #1]	@ zero_extendqisi2
 286 00d0 FFF7FEFF 		bl	LCD_Position
 287              	.LVL18:
  91:main.c        ****         str[p]='5';
 288              		.loc 1 91 0
 289 00d4 6B78     		ldrb	r3, [r5, #1]	@ zero_extendqisi2
 290 00d6 654A     		ldr	r2, .L38+12
 291 00d8 3520     		movs	r0, #53
 292 00da D054     		strb	r0, [r2, r3]
  92:main.c        ****         LCD_PutChar('5');
 293              		.loc 1 92 0
 294 00dc FFF7FEFF 		bl	LCD_PutChar
 295              	.LVL19:
  93:main.c        ****         p++;
 296              		.loc 1 93 0
 297 00e0 6B78     		ldrb	r3, [r5, #1]	@ zero_extendqisi2
 298 00e2 0133     		adds	r3, r3, #1
 299 00e4 6B70     		strb	r3, [r5, #1]
 300              	.L18:
ARM GAS  C:\Users\adria\AppData\Local\Temp\ccnMP5GY.s 			page 8


  94:main.c        ****     }
  95:main.c        ****     if(key==0xBB){
 301              		.loc 1 95 0
 302 00e6 2378     		ldrb	r3, [r4]	@ zero_extendqisi2
 303 00e8 BB2B     		cmp	r3, #187
 304 00ea 0DD1     		bne	.L19
  96:main.c        ****         LCD_Position(1,p);
 305              		.loc 1 96 0
 306 00ec 5E4D     		ldr	r5, .L38+8
 307 00ee 0120     		movs	r0, #1
 308 00f0 6978     		ldrb	r1, [r5, #1]	@ zero_extendqisi2
 309 00f2 FFF7FEFF 		bl	LCD_Position
 310              	.LVL20:
  97:main.c        ****         str[p]='6';
 311              		.loc 1 97 0
 312 00f6 6B78     		ldrb	r3, [r5, #1]	@ zero_extendqisi2
 313 00f8 5C4A     		ldr	r2, .L38+12
 314 00fa 3620     		movs	r0, #54
 315 00fc D054     		strb	r0, [r2, r3]
  98:main.c        ****         LCD_PutChar('6');
 316              		.loc 1 98 0
 317 00fe FFF7FEFF 		bl	LCD_PutChar
 318              	.LVL21:
  99:main.c        ****         p++;
 319              		.loc 1 99 0
 320 0102 6B78     		ldrb	r3, [r5, #1]	@ zero_extendqisi2
 321 0104 0133     		adds	r3, r3, #1
 322 0106 6B70     		strb	r3, [r5, #1]
 323              	.L19:
 100:main.c        ****     }
 101:main.c        ****     if(key==0xB7){  //B - Delete all
 324              		.loc 1 101 0
 325 0108 2378     		ldrb	r3, [r4]	@ zero_extendqisi2
 326 010a B72B     		cmp	r3, #183
 327 010c 0BD1     		bne	.L20
 102:main.c        ****         LCD_ClearDisplay(); //Clear the display
 328              		.loc 1 102 0
 329 010e 0120     		movs	r0, #1
 330 0110 FFF7FEFF 		bl	LCD_WriteControl
 331              	.LVL22:
 103:main.c        ****         message();  //Print a message
 332              		.loc 1 103 0
 333 0114 FFF7FEFF 		bl	message
 334              	.LVL23:
 104:main.c        ****         strcpy(str,""); //Clear the chain variable
 335              		.loc 1 104 0
 336 0118 5549     		ldr	r1, .L38+16
 337 011a 5448     		ldr	r0, .L38+12
 338 011c FFF7FEFF 		bl	strcpy
 339              	.LVL24:
 105:main.c        ****         p=0;    //Restart the position of the chain and the prints functions
 340              		.loc 1 105 0
 341 0120 514B     		ldr	r3, .L38+8
 342 0122 0022     		movs	r2, #0
 343 0124 5A70     		strb	r2, [r3, #1]
 344              	.L20:
 106:main.c        ****     }
ARM GAS  C:\Users\adria\AppData\Local\Temp\ccnMP5GY.s 			page 9


 107:main.c        ****     if(key==0xDE){
 345              		.loc 1 107 0
 346 0126 2378     		ldrb	r3, [r4]	@ zero_extendqisi2
 347 0128 DE2B     		cmp	r3, #222
 348 012a 0DD1     		bne	.L21
 108:main.c        ****         LCD_Position(1,p);
 349              		.loc 1 108 0
 350 012c 4E4D     		ldr	r5, .L38+8
 351 012e 0120     		movs	r0, #1
 352 0130 6978     		ldrb	r1, [r5, #1]	@ zero_extendqisi2
 353 0132 FFF7FEFF 		bl	LCD_Position
 354              	.LVL25:
 109:main.c        ****         str[p]='7';
 355              		.loc 1 109 0
 356 0136 6B78     		ldrb	r3, [r5, #1]	@ zero_extendqisi2
 357 0138 4C4A     		ldr	r2, .L38+12
 358 013a 3720     		movs	r0, #55
 359 013c D054     		strb	r0, [r2, r3]
 110:main.c        ****         LCD_PutChar('7');
 360              		.loc 1 110 0
 361 013e FFF7FEFF 		bl	LCD_PutChar
 362              	.LVL26:
 111:main.c        ****         p++;
 363              		.loc 1 111 0
 364 0142 6B78     		ldrb	r3, [r5, #1]	@ zero_extendqisi2
 365 0144 0133     		adds	r3, r3, #1
 366 0146 6B70     		strb	r3, [r5, #1]
 367              	.L21:
 112:main.c        ****     }
 113:main.c        ****     if(key==0xDD){
 368              		.loc 1 113 0
 369 0148 2378     		ldrb	r3, [r4]	@ zero_extendqisi2
 370 014a DD2B     		cmp	r3, #221
 371 014c 0DD1     		bne	.L22
 114:main.c        ****         LCD_Position(1,p);
 372              		.loc 1 114 0
 373 014e 464D     		ldr	r5, .L38+8
 374 0150 0120     		movs	r0, #1
 375 0152 6978     		ldrb	r1, [r5, #1]	@ zero_extendqisi2
 376 0154 FFF7FEFF 		bl	LCD_Position
 377              	.LVL27:
 115:main.c        ****         str[p]='8';
 378              		.loc 1 115 0
 379 0158 6B78     		ldrb	r3, [r5, #1]	@ zero_extendqisi2
 380 015a 444A     		ldr	r2, .L38+12
 381 015c 3820     		movs	r0, #56
 382 015e D054     		strb	r0, [r2, r3]
 116:main.c        ****         LCD_PutChar('8');
 383              		.loc 1 116 0
 384 0160 FFF7FEFF 		bl	LCD_PutChar
 385              	.LVL28:
 117:main.c        ****         p++;
 386              		.loc 1 117 0
 387 0164 6B78     		ldrb	r3, [r5, #1]	@ zero_extendqisi2
 388 0166 0133     		adds	r3, r3, #1
 389 0168 6B70     		strb	r3, [r5, #1]
 390              	.L22:
ARM GAS  C:\Users\adria\AppData\Local\Temp\ccnMP5GY.s 			page 10


 118:main.c        ****     }
 119:main.c        ****     if(key==0xDB){
 391              		.loc 1 119 0
 392 016a 2378     		ldrb	r3, [r4]	@ zero_extendqisi2
 393 016c DB2B     		cmp	r3, #219
 394 016e 0DD1     		bne	.L23
 120:main.c        ****         LCD_Position(1,p);
 395              		.loc 1 120 0
 396 0170 3D4D     		ldr	r5, .L38+8
 397 0172 0120     		movs	r0, #1
 398 0174 6978     		ldrb	r1, [r5, #1]	@ zero_extendqisi2
 399 0176 FFF7FEFF 		bl	LCD_Position
 400              	.LVL29:
 121:main.c        ****         str[p]='9';
 401              		.loc 1 121 0
 402 017a 6B78     		ldrb	r3, [r5, #1]	@ zero_extendqisi2
 403 017c 3B4A     		ldr	r2, .L38+12
 404 017e 3920     		movs	r0, #57
 405 0180 D054     		strb	r0, [r2, r3]
 122:main.c        ****         LCD_PutChar('9');
 406              		.loc 1 122 0
 407 0182 FFF7FEFF 		bl	LCD_PutChar
 408              	.LVL30:
 123:main.c        ****         p++;
 409              		.loc 1 123 0
 410 0186 6B78     		ldrb	r3, [r5, #1]	@ zero_extendqisi2
 411 0188 0133     		adds	r3, r3, #1
 412 018a 6B70     		strb	r3, [r5, #1]
 413              	.L23:
 124:main.c        ****     }
 125:main.c        ****     if(key==0xD7){  //C - No fuction
 414              		.loc 1 125 0
 415 018c 2378     		ldrb	r3, [r4]	@ zero_extendqisi2
 416 018e D72B     		cmp	r3, #215
 417 0190 0DD1     		bne	.L24
 126:main.c        ****         LCD_Position(1,p);
 418              		.loc 1 126 0
 419 0192 354D     		ldr	r5, .L38+8
 420 0194 0120     		movs	r0, #1
 421 0196 6978     		ldrb	r1, [r5, #1]	@ zero_extendqisi2
 422 0198 FFF7FEFF 		bl	LCD_Position
 423              	.LVL31:
 127:main.c        ****         str[p]='1';
 424              		.loc 1 127 0
 425 019c 6B78     		ldrb	r3, [r5, #1]	@ zero_extendqisi2
 426 019e 334A     		ldr	r2, .L38+12
 427 01a0 3120     		movs	r0, #49
 428 01a2 D054     		strb	r0, [r2, r3]
 128:main.c        ****         LCD_PutChar('1');
 429              		.loc 1 128 0
 430 01a4 FFF7FEFF 		bl	LCD_PutChar
 431              	.LVL32:
 129:main.c        ****         p++;
 432              		.loc 1 129 0
 433 01a8 6B78     		ldrb	r3, [r5, #1]	@ zero_extendqisi2
 434 01aa 0133     		adds	r3, r3, #1
 435 01ac 6B70     		strb	r3, [r5, #1]
ARM GAS  C:\Users\adria\AppData\Local\Temp\ccnMP5GY.s 			page 11


 436              	.L24:
 130:main.c        ****     }
 131:main.c        ****     if(key==0xEE){  //* - No fuction
 437              		.loc 1 131 0
 438 01ae 2378     		ldrb	r3, [r4]	@ zero_extendqisi2
 439 01b0 EE2B     		cmp	r3, #238
 440 01b2 0DD1     		bne	.L25
 132:main.c        ****         LCD_Position(1,p);
 441              		.loc 1 132 0
 442 01b4 2C4D     		ldr	r5, .L38+8
 443 01b6 0120     		movs	r0, #1
 444 01b8 6978     		ldrb	r1, [r5, #1]	@ zero_extendqisi2
 445 01ba FFF7FEFF 		bl	LCD_Position
 446              	.LVL33:
 133:main.c        ****         str[p]='1';
 447              		.loc 1 133 0
 448 01be 6B78     		ldrb	r3, [r5, #1]	@ zero_extendqisi2
 449 01c0 2A4A     		ldr	r2, .L38+12
 450 01c2 3120     		movs	r0, #49
 451 01c4 D054     		strb	r0, [r2, r3]
 134:main.c        ****         LCD_PutChar('1');
 452              		.loc 1 134 0
 453 01c6 FFF7FEFF 		bl	LCD_PutChar
 454              	.LVL34:
 135:main.c        ****         p++;
 455              		.loc 1 135 0
 456 01ca 6B78     		ldrb	r3, [r5, #1]	@ zero_extendqisi2
 457 01cc 0133     		adds	r3, r3, #1
 458 01ce 6B70     		strb	r3, [r5, #1]
 459              	.L25:
 136:main.c        ****     }
 137:main.c        ****     if(key==0xED){
 460              		.loc 1 137 0
 461 01d0 2378     		ldrb	r3, [r4]	@ zero_extendqisi2
 462 01d2 ED2B     		cmp	r3, #237
 463 01d4 0DD1     		bne	.L26
 138:main.c        ****         LCD_Position(1,p);
 464              		.loc 1 138 0
 465 01d6 244D     		ldr	r5, .L38+8
 466 01d8 0120     		movs	r0, #1
 467 01da 6978     		ldrb	r1, [r5, #1]	@ zero_extendqisi2
 468 01dc FFF7FEFF 		bl	LCD_Position
 469              	.LVL35:
 139:main.c        ****         str[p]='0';
 470              		.loc 1 139 0
 471 01e0 6B78     		ldrb	r3, [r5, #1]	@ zero_extendqisi2
 472 01e2 224A     		ldr	r2, .L38+12
 473 01e4 3020     		movs	r0, #48
 474 01e6 D054     		strb	r0, [r2, r3]
 140:main.c        ****         LCD_PutChar('0');
 475              		.loc 1 140 0
 476 01e8 FFF7FEFF 		bl	LCD_PutChar
 477              	.LVL36:
 141:main.c        ****         p++;
 478              		.loc 1 141 0
 479 01ec 6B78     		ldrb	r3, [r5, #1]	@ zero_extendqisi2
 480 01ee 0133     		adds	r3, r3, #1
ARM GAS  C:\Users\adria\AppData\Local\Temp\ccnMP5GY.s 			page 12


 481 01f0 6B70     		strb	r3, [r5, #1]
 482              	.L26:
 142:main.c        ****     }
 143:main.c        ****     if(key==0xEB){  //# - No fuction
 483              		.loc 1 143 0
 484 01f2 2378     		ldrb	r3, [r4]	@ zero_extendqisi2
 485 01f4 EB2B     		cmp	r3, #235
 486 01f6 0DD1     		bne	.L27
 144:main.c        ****         LCD_Position(1,p);
 487              		.loc 1 144 0
 488 01f8 1B4D     		ldr	r5, .L38+8
 489 01fa 0120     		movs	r0, #1
 490 01fc 6978     		ldrb	r1, [r5, #1]	@ zero_extendqisi2
 491 01fe FFF7FEFF 		bl	LCD_Position
 492              	.LVL37:
 145:main.c        ****         str[p]='1';
 493              		.loc 1 145 0
 494 0202 6B78     		ldrb	r3, [r5, #1]	@ zero_extendqisi2
 495 0204 194A     		ldr	r2, .L38+12
 496 0206 3120     		movs	r0, #49
 497 0208 D054     		strb	r0, [r2, r3]
 146:main.c        ****         LCD_PutChar('1');
 498              		.loc 1 146 0
 499 020a FFF7FEFF 		bl	LCD_PutChar
 500              	.LVL38:
 147:main.c        ****         p++;
 501              		.loc 1 147 0
 502 020e 6B78     		ldrb	r3, [r5, #1]	@ zero_extendqisi2
 503 0210 0133     		adds	r3, r3, #1
 504 0212 6B70     		strb	r3, [r5, #1]
 505              	.L27:
 148:main.c        ****     }
 149:main.c        ****     if(key==0xE7){  //D - Enter or change to the window (?) its something like that
 506              		.loc 1 149 0
 507 0214 2378     		ldrb	r3, [r4]	@ zero_extendqisi2
 508 0216 E72B     		cmp	r3, #231
 509 0218 15D1     		bne	.L31
 150:main.c        ****         LCD_ClearDisplay(); //clear the screen
 510              		.loc 1 150 0
 511 021a 0120     		movs	r0, #1
 512 021c FFF7FEFF 		bl	LCD_WriteControl
 513              	.LVL39:
 151:main.c        ****         LCD_Position(0,0);  //select the position
 514              		.loc 1 151 0
 515 0220 0021     		movs	r1, #0
 516 0222 0846     		mov	r0, r1
 517 0224 FFF7FEFF 		bl	LCD_Position
 518              	.LVL40:
 152:main.c        ****         LCD_PrintString(str);   //write the chain
 519              		.loc 1 152 0
 520 0228 1048     		ldr	r0, .L38+12
 521 022a FFF7FEFF 		bl	LCD_PrintString
 522              	.LVL41:
 523              	.LBB2:
 153:main.c        ****         //////////////////////
 154:main.c        ****         //function to clear the chain
 155:main.c        ****         for(int i=0;i!=p;i++){
ARM GAS  C:\Users\adria\AppData\Local\Temp\ccnMP5GY.s 			page 13


 524              		.loc 1 155 0
 525 022e 0E4B     		ldr	r3, .L38+8
 156:main.c        ****             str[i]=' ';
 526              		.loc 1 156 0
 527 0230 0E48     		ldr	r0, .L38+12
 155:main.c        ****             str[i]=' ';
 528              		.loc 1 155 0
 529 0232 5978     		ldrb	r1, [r3, #1]	@ zero_extendqisi2
 530 0234 0022     		movs	r2, #0
 531              		.loc 1 156 0
 532 0236 2024     		movs	r4, #32
 533              	.LVL42:
 534              	.L29:
 155:main.c        ****             str[i]=' ';
 535              		.loc 1 155 0 discriminator 1
 536 0238 8A42     		cmp	r2, r1
 537 023a 02D0     		beq	.L36
 538              		.loc 1 156 0 discriminator 3
 539 023c 1454     		strb	r4, [r2, r0]
 155:main.c        ****             str[i]=' ';
 540              		.loc 1 155 0 discriminator 3
 541 023e 0132     		adds	r2, r2, #1
 542              	.LVL43:
 543 0240 FAE7     		b	.L29
 544              	.L36:
 545              	.LBE2:
 157:main.c        ****         }
 158:main.c        ****         //////////////////////
 159:main.c        ****         p=0;    //restart the positions of the functions
 546              		.loc 1 159 0
 547 0242 0022     		movs	r2, #0
 548              	.LVL44:
 549 0244 5A70     		strb	r2, [r3, #1]
 550              	.L31:
 160:main.c        ****         //////////////////////
 161:main.c        ****     }
 162:main.c        ****     
 163:main.c        ****     while(Rows_Read()!=0x0F)
 551              		.loc 1 163 0
 552 0246 FFF7FEFF 		bl	Rows_Read
 553              	.LVL45:
 554 024a 0F28     		cmp	r0, #15
 555 024c 03D0     		beq	.L37
 164:main.c        **** 
 165:main.c        ****     CyDelay(10);
 556              		.loc 1 165 0
 557 024e 0A20     		movs	r0, #10
 558 0250 FFF7FEFF 		bl	CyDelay
 559              	.LVL46:
 560 0254 F7E7     		b	.L31
 561              	.L37:
 166:main.c        ****     Rows_ClearInterrupt();
 167:main.c        **** 
 168:main.c        **** }
 562              		.loc 1 168 0
 563 0256 BDE83840 		pop	{r3, r4, r5, lr}
 564              		.cfi_restore 14
ARM GAS  C:\Users\adria\AppData\Local\Temp\ccnMP5GY.s 			page 14


 565              		.cfi_restore 5
 566              		.cfi_restore 4
 567              		.cfi_restore 3
 568              		.cfi_def_cfa_offset 0
 166:main.c        ****     Rows_ClearInterrupt();
 569              		.loc 1 166 0
 570 025a FFF7FEBF 		b	Rows_ClearInterrupt
 571              	.LVL47:
 572              	.L39:
 573 025e 00BF     		.align	2
 574              	.L38:
 575 0260 00000000 		.word	row
 576 0264 00000000 		.word	key
 577 0268 00000000 		.word	.LANCHOR0
 578 026c 00000000 		.word	str
 579 0270 07000000 		.word	.LC1
 580              		.cfi_endproc
 581              	.LFE66:
 582              		.size	INT_KB, .-INT_KB
 583              		.section	.text.startup.main,"ax",%progbits
 584              		.align	1
 585              		.global	main
 586              		.thumb
 587              		.thumb_func
 588              		.type	main, %function
 589              	main:
 590              	.LFB67:
 169:main.c        **** 
 170:main.c        **** 
 171:main.c        **** 
 172:main.c        **** int main(void)
 173:main.c        **** {
 591              		.loc 1 173 0
 592              		.cfi_startproc
 593              		@ Volatile: function does not return.
 594              		@ args = 0, pretend = 0, frame = 0
 595              		@ frame_needed = 0, uses_anonymous_args = 0
 596 0000 08B5     		push	{r3, lr}
 597              		.cfi_def_cfa_offset 8
 598              		.cfi_offset 3, -8
 599              		.cfi_offset 14, -4
 174:main.c        ****     CyGlobalIntEnable;
 600              		.loc 1 174 0
 601              		.syntax unified
 602              	@ 174 "main.c" 1
 603 0002 62B6     		CPSIE   i
 604              	@ 0 "" 2
 175:main.c        ****     
 176:main.c        ****     //Inicializate the modules
 177:main.c        ****     LCD_Start();
 605              		.loc 1 177 0
 606              		.thumb
 607              		.syntax unified
 608 0004 FFF7FEFF 		bl	LCD_Start
 609              	.LVL48:
 178:main.c        ****     Timer_Start();
 610              		.loc 1 178 0
ARM GAS  C:\Users\adria\AppData\Local\Temp\ccnMP5GY.s 			page 15


 611 0008 FFF7FEFF 		bl	Timer_Start
 612              	.LVL49:
 179:main.c        ****     
 180:main.c        ****     //Inicializate interrupts
 181:main.c        ****     isr_Keyboard_StartEx(INT_KB);
 613              		.loc 1 181 0
 614 000c 0448     		ldr	r0, .L42
 615 000e FFF7FEFF 		bl	isr_Keyboard_StartEx
 616              	.LVL50:
 182:main.c        ****     isr_Iteration_StartEx(INT_IT);
 617              		.loc 1 182 0
 618 0012 0448     		ldr	r0, .L42+4
 619 0014 FFF7FEFF 		bl	isr_Iteration_StartEx
 620              	.LVL51:
 183:main.c        ****     
 184:main.c        ****     //print the message
 185:main.c        ****     message();
 621              		.loc 1 185 0
 622 0018 FFF7FEFF 		bl	message
 623              	.LVL52:
 624              	.L41:
 625 001c FEE7     		b	.L41
 626              	.L43:
 627 001e 00BF     		.align	2
 628              	.L42:
 629 0020 00000000 		.word	INT_KB
 630 0024 00000000 		.word	INT_IT
 631              		.cfi_endproc
 632              	.LFE67:
 633              		.size	main, .-main
 634              		.global	p
 635              		.global	c
 636              		.comm	str,16,1
 637              		.comm	row,1,1
 638              		.comm	key,1,1
 639              		.section	.rodata.str1.1,"aMS",%progbits,1
 640              	.LC0:
 641 0000 57726974 		.ascii	"Write:\000"
 641      653A00
 642              	.LC1:
 643 0007 00       		.ascii	"\000"
 644              		.bss
 645              		.set	.LANCHOR0,. + 0
 646              		.type	c, %object
 647              		.size	c, 1
 648              	c:
 649 0000 00       		.space	1
 650              		.type	p, %object
 651              		.size	p, 1
 652              	p:
 653 0001 00       		.space	1
 654              		.text
 655              	.Letext0:
 656              		.file 2 "c:\\program files (x86)\\cypress\\psoc creator\\4.4\\psoc creator\\import\\gnu\\arm\\5.4.
 657              		.file 3 "c:\\program files (x86)\\cypress\\psoc creator\\4.4\\psoc creator\\import\\gnu\\arm\\5.4.
 658              		.file 4 "Generated_Source\\PSoC5/cytypes.h"
 659              		.file 5 "Generated_Source\\PSoC5/Columns.h"
ARM GAS  C:\Users\adria\AppData\Local\Temp\ccnMP5GY.s 			page 16


 660              		.file 6 "Generated_Source\\PSoC5/LCD.h"
 661              		.file 7 "Generated_Source\\PSoC5/Rows.h"
 662              		.file 8 "c:\\program files (x86)\\cypress\\psoc creator\\4.4\\psoc creator\\import\\gnu\\arm\\5.4.
 663              		.file 9 "Generated_Source\\PSoC5/CyLib.h"
 664              		.file 10 "Generated_Source\\PSoC5/Timer.h"
 665              		.file 11 "Generated_Source\\PSoC5/isr_Keyboard.h"
 666              		.file 12 "Generated_Source\\PSoC5/isr_Iteration.h"
 667              		.file 13 "Generated_Source\\PSoC5/core_cm3.h"
 668              		.section	.debug_info,"",%progbits
 669              	.Ldebug_info0:
 670 0000 C3050000 		.4byte	0x5c3
 671 0004 0400     		.2byte	0x4
 672 0006 00000000 		.4byte	.Ldebug_abbrev0
 673 000a 04       		.byte	0x4
 674 000b 01       		.uleb128 0x1
 675 000c A9010000 		.4byte	.LASF34
 676 0010 0C       		.byte	0xc
 677 0011 7C010000 		.4byte	.LASF35
 678 0015 94000000 		.4byte	.LASF36
 679 0019 00000000 		.4byte	.Ldebug_ranges0+0
 680 001d 00000000 		.4byte	0
 681 0021 00000000 		.4byte	.Ldebug_line0
 682 0025 02       		.uleb128 0x2
 683 0026 01       		.byte	0x1
 684 0027 06       		.byte	0x6
 685 0028 4D020000 		.4byte	.LASF0
 686 002c 02       		.uleb128 0x2
 687 002d 01       		.byte	0x1
 688 002e 08       		.byte	0x8
 689 002f 4D000000 		.4byte	.LASF1
 690 0033 02       		.uleb128 0x2
 691 0034 02       		.byte	0x2
 692 0035 05       		.byte	0x5
 693 0036 99010000 		.4byte	.LASF2
 694 003a 02       		.uleb128 0x2
 695 003b 02       		.byte	0x2
 696 003c 07       		.byte	0x7
 697 003d 74000000 		.4byte	.LASF3
 698 0041 03       		.uleb128 0x3
 699 0042 0F000000 		.4byte	.LASF9
 700 0046 02       		.byte	0x2
 701 0047 3F       		.byte	0x3f
 702 0048 4C000000 		.4byte	0x4c
 703 004c 02       		.uleb128 0x2
 704 004d 04       		.byte	0x4
 705 004e 05       		.byte	0x5
 706 004f 19000000 		.4byte	.LASF4
 707 0053 02       		.uleb128 0x2
 708 0054 04       		.byte	0x4
 709 0055 07       		.byte	0x7
 710 0056 62000000 		.4byte	.LASF5
 711 005a 02       		.uleb128 0x2
 712 005b 08       		.byte	0x8
 713 005c 05       		.byte	0x5
 714 005d 6E010000 		.4byte	.LASF6
 715 0061 02       		.uleb128 0x2
 716 0062 08       		.byte	0x8
ARM GAS  C:\Users\adria\AppData\Local\Temp\ccnMP5GY.s 			page 17


 717 0063 07       		.byte	0x7
 718 0064 02010000 		.4byte	.LASF7
 719 0068 04       		.uleb128 0x4
 720 0069 04       		.byte	0x4
 721 006a 05       		.byte	0x5
 722 006b 696E7400 		.ascii	"int\000"
 723 006f 02       		.uleb128 0x2
 724 0070 04       		.byte	0x4
 725 0071 07       		.byte	0x7
 726 0072 F5000000 		.4byte	.LASF8
 727 0076 03       		.uleb128 0x3
 728 0077 5D010000 		.4byte	.LASF10
 729 007b 03       		.byte	0x3
 730 007c 2C       		.byte	0x2c
 731 007d 41000000 		.4byte	0x41
 732 0081 05       		.uleb128 0x5
 733 0082 A3010000 		.4byte	.LASF11
 734 0086 04       		.byte	0x4
 735 0087 E801     		.2byte	0x1e8
 736 0089 2C000000 		.4byte	0x2c
 737 008d 02       		.uleb128 0x2
 738 008e 04       		.byte	0x4
 739 008f 04       		.byte	0x4
 740 0090 29000000 		.4byte	.LASF12
 741 0094 02       		.uleb128 0x2
 742 0095 08       		.byte	0x8
 743 0096 04       		.byte	0x4
 744 0097 CD000000 		.4byte	.LASF13
 745 009b 02       		.uleb128 0x2
 746 009c 01       		.byte	0x1
 747 009d 08       		.byte	0x8
 748 009e 83010000 		.4byte	.LASF14
 749 00a2 02       		.uleb128 0x2
 750 00a3 08       		.byte	0x8
 751 00a4 04       		.byte	0x4
 752 00a5 41020000 		.4byte	.LASF15
 753 00a9 02       		.uleb128 0x2
 754 00aa 04       		.byte	0x4
 755 00ab 07       		.byte	0x7
 756 00ac 65010000 		.4byte	.LASF16
 757 00b0 06       		.uleb128 0x6
 758 00b1 22000000 		.4byte	.LASF17
 759 00b5 01       		.byte	0x1
 760 00b6 12       		.byte	0x12
 761 00b7 00000000 		.4byte	.LFB65
 762 00bb 48000000 		.4byte	.LFE65-.LFB65
 763 00bf 01       		.uleb128 0x1
 764 00c0 9C       		.byte	0x9c
 765 00c1 0E010000 		.4byte	0x10e
 766 00c5 07       		.uleb128 0x7
 767 00c6 10000000 		.4byte	.LVL0
 768 00ca 2C050000 		.4byte	0x52c
 769 00ce D8000000 		.4byte	0xd8
 770 00d2 08       		.uleb128 0x8
 771 00d3 01       		.uleb128 0x1
 772 00d4 50       		.byte	0x50
 773 00d5 01       		.uleb128 0x1
ARM GAS  C:\Users\adria\AppData\Local\Temp\ccnMP5GY.s 			page 18


 774 00d6 3E       		.byte	0x3e
 775 00d7 00       		.byte	0
 776 00d8 07       		.uleb128 0x7
 777 00d9 1C000000 		.4byte	.LVL1
 778 00dd 2C050000 		.4byte	0x52c
 779 00e1 EB000000 		.4byte	0xeb
 780 00e5 08       		.uleb128 0x8
 781 00e6 01       		.uleb128 0x1
 782 00e7 50       		.byte	0x50
 783 00e8 01       		.uleb128 0x1
 784 00e9 3D       		.byte	0x3d
 785 00ea 00       		.byte	0
 786 00eb 07       		.uleb128 0x7
 787 00ec 28000000 		.4byte	.LVL2
 788 00f0 2C050000 		.4byte	0x52c
 789 00f4 FE000000 		.4byte	0xfe
 790 00f8 08       		.uleb128 0x8
 791 00f9 01       		.uleb128 0x1
 792 00fa 50       		.byte	0x50
 793 00fb 01       		.uleb128 0x1
 794 00fc 3B       		.byte	0x3b
 795 00fd 00       		.byte	0
 796 00fe 09       		.uleb128 0x9
 797 00ff 34000000 		.4byte	.LVL3
 798 0103 2C050000 		.4byte	0x52c
 799 0107 08       		.uleb128 0x8
 800 0108 01       		.uleb128 0x1
 801 0109 50       		.byte	0x50
 802 010a 01       		.uleb128 0x1
 803 010b 37       		.byte	0x37
 804 010c 00       		.byte	0
 805 010d 00       		.byte	0
 806 010e 0A       		.uleb128 0xa
 807 010f 00000000 		.4byte	.LASF37
 808 0113 01       		.byte	0x1
 809 0114 0B       		.byte	0xb
 810 0115 00000000 		.4byte	.LFB64
 811 0119 18000000 		.4byte	.LFE64-.LFB64
 812 011d 01       		.uleb128 0x1
 813 011e 9C       		.byte	0x9c
 814 011f 4F010000 		.4byte	0x14f
 815 0123 07       		.uleb128 0x7
 816 0124 0A000000 		.4byte	.LVL4
 817 0128 37050000 		.4byte	0x537
 818 012c 3B010000 		.4byte	0x13b
 819 0130 08       		.uleb128 0x8
 820 0131 01       		.uleb128 0x1
 821 0132 50       		.byte	0x50
 822 0133 01       		.uleb128 0x1
 823 0134 30       		.byte	0x30
 824 0135 08       		.uleb128 0x8
 825 0136 01       		.uleb128 0x1
 826 0137 51       		.byte	0x51
 827 0138 01       		.uleb128 0x1
 828 0139 30       		.byte	0x30
 829 013a 00       		.byte	0
 830 013b 0B       		.uleb128 0xb
ARM GAS  C:\Users\adria\AppData\Local\Temp\ccnMP5GY.s 			page 19


 831 013c 14000000 		.4byte	.LVL5
 832 0140 42050000 		.4byte	0x542
 833 0144 08       		.uleb128 0x8
 834 0145 01       		.uleb128 0x1
 835 0146 50       		.byte	0x50
 836 0147 05       		.uleb128 0x5
 837 0148 03       		.byte	0x3
 838 0149 00000000 		.4byte	.LC0
 839 014d 00       		.byte	0
 840 014e 00       		.byte	0
 841 014f 06       		.uleb128 0x6
 842 0150 08000000 		.4byte	.LASF18
 843 0154 01       		.byte	0x1
 844 0155 24       		.byte	0x24
 845 0156 00000000 		.4byte	.LFB66
 846 015a 74020000 		.4byte	.LFE66-.LFB66
 847 015e 01       		.uleb128 0x1
 848 015f 9C       		.byte	0x9c
 849 0160 57040000 		.4byte	0x457
 850 0164 0C       		.uleb128 0xc
 851 0165 2E020000 		.4byte	.LBB2
 852 0169 14000000 		.4byte	.LBE2-.LBB2
 853 016d 7F010000 		.4byte	0x17f
 854 0171 0D       		.uleb128 0xd
 855 0172 6900     		.ascii	"i\000"
 856 0174 01       		.byte	0x1
 857 0175 9B       		.byte	0x9b
 858 0176 68000000 		.4byte	0x68
 859 017a 00000000 		.4byte	.LLST0
 860 017e 00       		.byte	0
 861 017f 0E       		.uleb128 0xe
 862 0180 06000000 		.4byte	.LVL6
 863 0184 4D050000 		.4byte	0x54d
 864 0188 0E       		.uleb128 0xe
 865 0189 0E000000 		.4byte	.LVL7
 866 018d 58050000 		.4byte	0x558
 867 0191 07       		.uleb128 0x7
 868 0192 28000000 		.4byte	.LVL8
 869 0196 37050000 		.4byte	0x537
 870 019a A4010000 		.4byte	0x1a4
 871 019e 08       		.uleb128 0x8
 872 019f 01       		.uleb128 0x1
 873 01a0 50       		.byte	0x50
 874 01a1 01       		.uleb128 0x1
 875 01a2 31       		.byte	0x31
 876 01a3 00       		.byte	0
 877 01a4 07       		.uleb128 0x7
 878 01a5 34000000 		.4byte	.LVL9
 879 01a9 63050000 		.4byte	0x563
 880 01ad B8010000 		.4byte	0x1b8
 881 01b1 08       		.uleb128 0x8
 882 01b2 01       		.uleb128 0x1
 883 01b3 50       		.byte	0x50
 884 01b4 02       		.uleb128 0x2
 885 01b5 08       		.byte	0x8
 886 01b6 31       		.byte	0x31
 887 01b7 00       		.byte	0
ARM GAS  C:\Users\adria\AppData\Local\Temp\ccnMP5GY.s 			page 20


 888 01b8 07       		.uleb128 0x7
 889 01b9 4A000000 		.4byte	.LVL10
 890 01bd 37050000 		.4byte	0x537
 891 01c1 CB010000 		.4byte	0x1cb
 892 01c5 08       		.uleb128 0x8
 893 01c6 01       		.uleb128 0x1
 894 01c7 50       		.byte	0x50
 895 01c8 01       		.uleb128 0x1
 896 01c9 31       		.byte	0x31
 897 01ca 00       		.byte	0
 898 01cb 07       		.uleb128 0x7
 899 01cc 56000000 		.4byte	.LVL11
 900 01d0 63050000 		.4byte	0x563
 901 01d4 DF010000 		.4byte	0x1df
 902 01d8 08       		.uleb128 0x8
 903 01d9 01       		.uleb128 0x1
 904 01da 50       		.byte	0x50
 905 01db 02       		.uleb128 0x2
 906 01dc 08       		.byte	0x8
 907 01dd 32       		.byte	0x32
 908 01de 00       		.byte	0
 909 01df 07       		.uleb128 0x7
 910 01e0 6C000000 		.4byte	.LVL12
 911 01e4 37050000 		.4byte	0x537
 912 01e8 F2010000 		.4byte	0x1f2
 913 01ec 08       		.uleb128 0x8
 914 01ed 01       		.uleb128 0x1
 915 01ee 50       		.byte	0x50
 916 01ef 01       		.uleb128 0x1
 917 01f0 31       		.byte	0x31
 918 01f1 00       		.byte	0
 919 01f2 07       		.uleb128 0x7
 920 01f3 78000000 		.4byte	.LVL13
 921 01f7 63050000 		.4byte	0x563
 922 01fb 06020000 		.4byte	0x206
 923 01ff 08       		.uleb128 0x8
 924 0200 01       		.uleb128 0x1
 925 0201 50       		.byte	0x50
 926 0202 02       		.uleb128 0x2
 927 0203 08       		.byte	0x8
 928 0204 33       		.byte	0x33
 929 0205 00       		.byte	0
 930 0206 07       		.uleb128 0x7
 931 0207 9C000000 		.4byte	.LVL14
 932 020b 37050000 		.4byte	0x537
 933 020f 19020000 		.4byte	0x219
 934 0213 08       		.uleb128 0x8
 935 0214 01       		.uleb128 0x1
 936 0215 50       		.byte	0x50
 937 0216 01       		.uleb128 0x1
 938 0217 31       		.byte	0x31
 939 0218 00       		.byte	0
 940 0219 07       		.uleb128 0x7
 941 021a A2000000 		.4byte	.LVL15
 942 021e 63050000 		.4byte	0x563
 943 0222 2D020000 		.4byte	0x22d
 944 0226 08       		.uleb128 0x8
ARM GAS  C:\Users\adria\AppData\Local\Temp\ccnMP5GY.s 			page 21


 945 0227 01       		.uleb128 0x1
 946 0228 50       		.byte	0x50
 947 0229 02       		.uleb128 0x2
 948 022a 75       		.byte	0x75
 949 022b 00       		.sleb128 0
 950 022c 00       		.byte	0
 951 022d 07       		.uleb128 0x7
 952 022e B2000000 		.4byte	.LVL16
 953 0232 37050000 		.4byte	0x537
 954 0236 40020000 		.4byte	0x240
 955 023a 08       		.uleb128 0x8
 956 023b 01       		.uleb128 0x1
 957 023c 50       		.byte	0x50
 958 023d 01       		.uleb128 0x1
 959 023e 31       		.byte	0x31
 960 023f 00       		.byte	0
 961 0240 07       		.uleb128 0x7
 962 0241 BE000000 		.4byte	.LVL17
 963 0245 63050000 		.4byte	0x563
 964 0249 54020000 		.4byte	0x254
 965 024d 08       		.uleb128 0x8
 966 024e 01       		.uleb128 0x1
 967 024f 50       		.byte	0x50
 968 0250 02       		.uleb128 0x2
 969 0251 08       		.byte	0x8
 970 0252 34       		.byte	0x34
 971 0253 00       		.byte	0
 972 0254 07       		.uleb128 0x7
 973 0255 D4000000 		.4byte	.LVL18
 974 0259 37050000 		.4byte	0x537
 975 025d 67020000 		.4byte	0x267
 976 0261 08       		.uleb128 0x8
 977 0262 01       		.uleb128 0x1
 978 0263 50       		.byte	0x50
 979 0264 01       		.uleb128 0x1
 980 0265 31       		.byte	0x31
 981 0266 00       		.byte	0
 982 0267 07       		.uleb128 0x7
 983 0268 E0000000 		.4byte	.LVL19
 984 026c 63050000 		.4byte	0x563
 985 0270 7B020000 		.4byte	0x27b
 986 0274 08       		.uleb128 0x8
 987 0275 01       		.uleb128 0x1
 988 0276 50       		.byte	0x50
 989 0277 02       		.uleb128 0x2
 990 0278 08       		.byte	0x8
 991 0279 35       		.byte	0x35
 992 027a 00       		.byte	0
 993 027b 07       		.uleb128 0x7
 994 027c F6000000 		.4byte	.LVL20
 995 0280 37050000 		.4byte	0x537
 996 0284 8E020000 		.4byte	0x28e
 997 0288 08       		.uleb128 0x8
 998 0289 01       		.uleb128 0x1
 999 028a 50       		.byte	0x50
 1000 028b 01       		.uleb128 0x1
 1001 028c 31       		.byte	0x31
ARM GAS  C:\Users\adria\AppData\Local\Temp\ccnMP5GY.s 			page 22


 1002 028d 00       		.byte	0
 1003 028e 07       		.uleb128 0x7
 1004 028f 02010000 		.4byte	.LVL21
 1005 0293 63050000 		.4byte	0x563
 1006 0297 A2020000 		.4byte	0x2a2
 1007 029b 08       		.uleb128 0x8
 1008 029c 01       		.uleb128 0x1
 1009 029d 50       		.byte	0x50
 1010 029e 02       		.uleb128 0x2
 1011 029f 08       		.byte	0x8
 1012 02a0 36       		.byte	0x36
 1013 02a1 00       		.byte	0
 1014 02a2 07       		.uleb128 0x7
 1015 02a3 14010000 		.4byte	.LVL22
 1016 02a7 6E050000 		.4byte	0x56e
 1017 02ab B5020000 		.4byte	0x2b5
 1018 02af 08       		.uleb128 0x8
 1019 02b0 01       		.uleb128 0x1
 1020 02b1 50       		.byte	0x50
 1021 02b2 01       		.uleb128 0x1
 1022 02b3 31       		.byte	0x31
 1023 02b4 00       		.byte	0
 1024 02b5 0E       		.uleb128 0xe
 1025 02b6 18010000 		.4byte	.LVL23
 1026 02ba 0E010000 		.4byte	0x10e
 1027 02be 07       		.uleb128 0x7
 1028 02bf 20010000 		.4byte	.LVL24
 1029 02c3 79050000 		.4byte	0x579
 1030 02c7 DE020000 		.4byte	0x2de
 1031 02cb 08       		.uleb128 0x8
 1032 02cc 01       		.uleb128 0x1
 1033 02cd 50       		.byte	0x50
 1034 02ce 05       		.uleb128 0x5
 1035 02cf 03       		.byte	0x3
 1036 02d0 00000000 		.4byte	str
 1037 02d4 08       		.uleb128 0x8
 1038 02d5 01       		.uleb128 0x1
 1039 02d6 51       		.byte	0x51
 1040 02d7 05       		.uleb128 0x5
 1041 02d8 03       		.byte	0x3
 1042 02d9 07000000 		.4byte	.LC1
 1043 02dd 00       		.byte	0
 1044 02de 07       		.uleb128 0x7
 1045 02df 36010000 		.4byte	.LVL25
 1046 02e3 37050000 		.4byte	0x537
 1047 02e7 F1020000 		.4byte	0x2f1
 1048 02eb 08       		.uleb128 0x8
 1049 02ec 01       		.uleb128 0x1
 1050 02ed 50       		.byte	0x50
 1051 02ee 01       		.uleb128 0x1
 1052 02ef 31       		.byte	0x31
 1053 02f0 00       		.byte	0
 1054 02f1 07       		.uleb128 0x7
 1055 02f2 42010000 		.4byte	.LVL26
 1056 02f6 63050000 		.4byte	0x563
 1057 02fa 05030000 		.4byte	0x305
 1058 02fe 08       		.uleb128 0x8
ARM GAS  C:\Users\adria\AppData\Local\Temp\ccnMP5GY.s 			page 23


 1059 02ff 01       		.uleb128 0x1
 1060 0300 50       		.byte	0x50
 1061 0301 02       		.uleb128 0x2
 1062 0302 08       		.byte	0x8
 1063 0303 37       		.byte	0x37
 1064 0304 00       		.byte	0
 1065 0305 07       		.uleb128 0x7
 1066 0306 58010000 		.4byte	.LVL27
 1067 030a 37050000 		.4byte	0x537
 1068 030e 18030000 		.4byte	0x318
 1069 0312 08       		.uleb128 0x8
 1070 0313 01       		.uleb128 0x1
 1071 0314 50       		.byte	0x50
 1072 0315 01       		.uleb128 0x1
 1073 0316 31       		.byte	0x31
 1074 0317 00       		.byte	0
 1075 0318 07       		.uleb128 0x7
 1076 0319 64010000 		.4byte	.LVL28
 1077 031d 63050000 		.4byte	0x563
 1078 0321 2C030000 		.4byte	0x32c
 1079 0325 08       		.uleb128 0x8
 1080 0326 01       		.uleb128 0x1
 1081 0327 50       		.byte	0x50
 1082 0328 02       		.uleb128 0x2
 1083 0329 08       		.byte	0x8
 1084 032a 38       		.byte	0x38
 1085 032b 00       		.byte	0
 1086 032c 07       		.uleb128 0x7
 1087 032d 7A010000 		.4byte	.LVL29
 1088 0331 37050000 		.4byte	0x537
 1089 0335 3F030000 		.4byte	0x33f
 1090 0339 08       		.uleb128 0x8
 1091 033a 01       		.uleb128 0x1
 1092 033b 50       		.byte	0x50
 1093 033c 01       		.uleb128 0x1
 1094 033d 31       		.byte	0x31
 1095 033e 00       		.byte	0
 1096 033f 07       		.uleb128 0x7
 1097 0340 86010000 		.4byte	.LVL30
 1098 0344 63050000 		.4byte	0x563
 1099 0348 53030000 		.4byte	0x353
 1100 034c 08       		.uleb128 0x8
 1101 034d 01       		.uleb128 0x1
 1102 034e 50       		.byte	0x50
 1103 034f 02       		.uleb128 0x2
 1104 0350 08       		.byte	0x8
 1105 0351 39       		.byte	0x39
 1106 0352 00       		.byte	0
 1107 0353 07       		.uleb128 0x7
 1108 0354 9C010000 		.4byte	.LVL31
 1109 0358 37050000 		.4byte	0x537
 1110 035c 66030000 		.4byte	0x366
 1111 0360 08       		.uleb128 0x8
 1112 0361 01       		.uleb128 0x1
 1113 0362 50       		.byte	0x50
 1114 0363 01       		.uleb128 0x1
 1115 0364 31       		.byte	0x31
ARM GAS  C:\Users\adria\AppData\Local\Temp\ccnMP5GY.s 			page 24


 1116 0365 00       		.byte	0
 1117 0366 07       		.uleb128 0x7
 1118 0367 A8010000 		.4byte	.LVL32
 1119 036b 63050000 		.4byte	0x563
 1120 036f 7A030000 		.4byte	0x37a
 1121 0373 08       		.uleb128 0x8
 1122 0374 01       		.uleb128 0x1
 1123 0375 50       		.byte	0x50
 1124 0376 02       		.uleb128 0x2
 1125 0377 08       		.byte	0x8
 1126 0378 31       		.byte	0x31
 1127 0379 00       		.byte	0
 1128 037a 07       		.uleb128 0x7
 1129 037b BE010000 		.4byte	.LVL33
 1130 037f 37050000 		.4byte	0x537
 1131 0383 8D030000 		.4byte	0x38d
 1132 0387 08       		.uleb128 0x8
 1133 0388 01       		.uleb128 0x1
 1134 0389 50       		.byte	0x50
 1135 038a 01       		.uleb128 0x1
 1136 038b 31       		.byte	0x31
 1137 038c 00       		.byte	0
 1138 038d 07       		.uleb128 0x7
 1139 038e CA010000 		.4byte	.LVL34
 1140 0392 63050000 		.4byte	0x563
 1141 0396 A1030000 		.4byte	0x3a1
 1142 039a 08       		.uleb128 0x8
 1143 039b 01       		.uleb128 0x1
 1144 039c 50       		.byte	0x50
 1145 039d 02       		.uleb128 0x2
 1146 039e 08       		.byte	0x8
 1147 039f 31       		.byte	0x31
 1148 03a0 00       		.byte	0
 1149 03a1 07       		.uleb128 0x7
 1150 03a2 E0010000 		.4byte	.LVL35
 1151 03a6 37050000 		.4byte	0x537
 1152 03aa B4030000 		.4byte	0x3b4
 1153 03ae 08       		.uleb128 0x8
 1154 03af 01       		.uleb128 0x1
 1155 03b0 50       		.byte	0x50
 1156 03b1 01       		.uleb128 0x1
 1157 03b2 31       		.byte	0x31
 1158 03b3 00       		.byte	0
 1159 03b4 07       		.uleb128 0x7
 1160 03b5 EC010000 		.4byte	.LVL36
 1161 03b9 63050000 		.4byte	0x563
 1162 03bd C8030000 		.4byte	0x3c8
 1163 03c1 08       		.uleb128 0x8
 1164 03c2 01       		.uleb128 0x1
 1165 03c3 50       		.byte	0x50
 1166 03c4 02       		.uleb128 0x2
 1167 03c5 08       		.byte	0x8
 1168 03c6 30       		.byte	0x30
 1169 03c7 00       		.byte	0
 1170 03c8 07       		.uleb128 0x7
 1171 03c9 02020000 		.4byte	.LVL37
 1172 03cd 37050000 		.4byte	0x537
ARM GAS  C:\Users\adria\AppData\Local\Temp\ccnMP5GY.s 			page 25


 1173 03d1 DB030000 		.4byte	0x3db
 1174 03d5 08       		.uleb128 0x8
 1175 03d6 01       		.uleb128 0x1
 1176 03d7 50       		.byte	0x50
 1177 03d8 01       		.uleb128 0x1
 1178 03d9 31       		.byte	0x31
 1179 03da 00       		.byte	0
 1180 03db 07       		.uleb128 0x7
 1181 03dc 0E020000 		.4byte	.LVL38
 1182 03e0 63050000 		.4byte	0x563
 1183 03e4 EF030000 		.4byte	0x3ef
 1184 03e8 08       		.uleb128 0x8
 1185 03e9 01       		.uleb128 0x1
 1186 03ea 50       		.byte	0x50
 1187 03eb 02       		.uleb128 0x2
 1188 03ec 08       		.byte	0x8
 1189 03ed 31       		.byte	0x31
 1190 03ee 00       		.byte	0
 1191 03ef 07       		.uleb128 0x7
 1192 03f0 20020000 		.4byte	.LVL39
 1193 03f4 6E050000 		.4byte	0x56e
 1194 03f8 02040000 		.4byte	0x402
 1195 03fc 08       		.uleb128 0x8
 1196 03fd 01       		.uleb128 0x1
 1197 03fe 50       		.byte	0x50
 1198 03ff 01       		.uleb128 0x1
 1199 0400 31       		.byte	0x31
 1200 0401 00       		.byte	0
 1201 0402 07       		.uleb128 0x7
 1202 0403 28020000 		.4byte	.LVL40
 1203 0407 37050000 		.4byte	0x537
 1204 040b 1A040000 		.4byte	0x41a
 1205 040f 08       		.uleb128 0x8
 1206 0410 01       		.uleb128 0x1
 1207 0411 50       		.byte	0x50
 1208 0412 01       		.uleb128 0x1
 1209 0413 30       		.byte	0x30
 1210 0414 08       		.uleb128 0x8
 1211 0415 01       		.uleb128 0x1
 1212 0416 51       		.byte	0x51
 1213 0417 01       		.uleb128 0x1
 1214 0418 30       		.byte	0x30
 1215 0419 00       		.byte	0
 1216 041a 07       		.uleb128 0x7
 1217 041b 2E020000 		.4byte	.LVL41
 1218 041f 42050000 		.4byte	0x542
 1219 0423 31040000 		.4byte	0x431
 1220 0427 08       		.uleb128 0x8
 1221 0428 01       		.uleb128 0x1
 1222 0429 50       		.byte	0x50
 1223 042a 05       		.uleb128 0x5
 1224 042b 03       		.byte	0x3
 1225 042c 00000000 		.4byte	str
 1226 0430 00       		.byte	0
 1227 0431 0E       		.uleb128 0xe
 1228 0432 4A020000 		.4byte	.LVL45
 1229 0436 4D050000 		.4byte	0x54d
ARM GAS  C:\Users\adria\AppData\Local\Temp\ccnMP5GY.s 			page 26


 1230 043a 07       		.uleb128 0x7
 1231 043b 54020000 		.4byte	.LVL46
 1232 043f 84050000 		.4byte	0x584
 1233 0443 4D040000 		.4byte	0x44d
 1234 0447 08       		.uleb128 0x8
 1235 0448 01       		.uleb128 0x1
 1236 0449 50       		.byte	0x50
 1237 044a 01       		.uleb128 0x1
 1238 044b 3A       		.byte	0x3a
 1239 044c 00       		.byte	0
 1240 044d 0F       		.uleb128 0xf
 1241 044e 5E020000 		.4byte	.LVL47
 1242 0452 8F050000 		.4byte	0x58f
 1243 0456 00       		.byte	0
 1244 0457 10       		.uleb128 0x10
 1245 0458 D4000000 		.4byte	.LASF38
 1246 045c 01       		.byte	0x1
 1247 045d AC       		.byte	0xac
 1248 045e 68000000 		.4byte	0x68
 1249 0462 00000000 		.4byte	.LFB67
 1250 0466 28000000 		.4byte	.LFE67-.LFB67
 1251 046a 01       		.uleb128 0x1
 1252 046b 9C       		.byte	0x9c
 1253 046c BA040000 		.4byte	0x4ba
 1254 0470 0E       		.uleb128 0xe
 1255 0471 08000000 		.4byte	.LVL48
 1256 0475 9A050000 		.4byte	0x59a
 1257 0479 0E       		.uleb128 0xe
 1258 047a 0C000000 		.4byte	.LVL49
 1259 047e A5050000 		.4byte	0x5a5
 1260 0482 07       		.uleb128 0x7
 1261 0483 12000000 		.4byte	.LVL50
 1262 0487 B0050000 		.4byte	0x5b0
 1263 048b 99040000 		.4byte	0x499
 1264 048f 08       		.uleb128 0x8
 1265 0490 01       		.uleb128 0x1
 1266 0491 50       		.byte	0x50
 1267 0492 05       		.uleb128 0x5
 1268 0493 03       		.byte	0x3
 1269 0494 00000000 		.4byte	INT_KB
 1270 0498 00       		.byte	0
 1271 0499 07       		.uleb128 0x7
 1272 049a 18000000 		.4byte	.LVL51
 1273 049e BB050000 		.4byte	0x5bb
 1274 04a2 B0040000 		.4byte	0x4b0
 1275 04a6 08       		.uleb128 0x8
 1276 04a7 01       		.uleb128 0x1
 1277 04a8 50       		.byte	0x50
 1278 04a9 05       		.uleb128 0x5
 1279 04aa 03       		.byte	0x3
 1280 04ab 00000000 		.4byte	INT_IT
 1281 04af 00       		.byte	0
 1282 04b0 0E       		.uleb128 0xe
 1283 04b1 1C000000 		.4byte	.LVL52
 1284 04b5 0E010000 		.4byte	0x10e
 1285 04b9 00       		.byte	0
 1286 04ba 11       		.uleb128 0x11
ARM GAS  C:\Users\adria\AppData\Local\Temp\ccnMP5GY.s 			page 27


 1287 04bb 87000000 		.4byte	.LASF19
 1288 04bf 0D       		.byte	0xd
 1289 04c0 1207     		.2byte	0x712
 1290 04c2 C6040000 		.4byte	0x4c6
 1291 04c6 12       		.uleb128 0x12
 1292 04c7 76000000 		.4byte	0x76
 1293 04cb 13       		.uleb128 0x13
 1294 04cc 6B657900 		.ascii	"key\000"
 1295 04d0 01       		.byte	0x1
 1296 04d1 06       		.byte	0x6
 1297 04d2 81000000 		.4byte	0x81
 1298 04d6 05       		.uleb128 0x5
 1299 04d7 03       		.byte	0x3
 1300 04d8 00000000 		.4byte	key
 1301 04dc 13       		.uleb128 0x13
 1302 04dd 726F7700 		.ascii	"row\000"
 1303 04e1 01       		.byte	0x1
 1304 04e2 06       		.byte	0x6
 1305 04e3 81000000 		.4byte	0x81
 1306 04e7 05       		.uleb128 0x5
 1307 04e8 03       		.byte	0x3
 1308 04e9 00000000 		.4byte	row
 1309 04ed 14       		.uleb128 0x14
 1310 04ee 9B000000 		.4byte	0x9b
 1311 04f2 FD040000 		.4byte	0x4fd
 1312 04f6 15       		.uleb128 0x15
 1313 04f7 A9000000 		.4byte	0xa9
 1314 04fb 0F       		.byte	0xf
 1315 04fc 00       		.byte	0
 1316 04fd 13       		.uleb128 0x13
 1317 04fe 73747200 		.ascii	"str\000"
 1318 0502 01       		.byte	0x1
 1319 0503 07       		.byte	0x7
 1320 0504 ED040000 		.4byte	0x4ed
 1321 0508 05       		.uleb128 0x5
 1322 0509 03       		.byte	0x3
 1323 050a 00000000 		.4byte	str
 1324 050e 13       		.uleb128 0x13
 1325 050f 6300     		.ascii	"c\000"
 1326 0511 01       		.byte	0x1
 1327 0512 08       		.byte	0x8
 1328 0513 81000000 		.4byte	0x81
 1329 0517 05       		.uleb128 0x5
 1330 0518 03       		.byte	0x3
 1331 0519 00000000 		.4byte	c
 1332 051d 13       		.uleb128 0x13
 1333 051e 7000     		.ascii	"p\000"
 1334 0520 01       		.byte	0x1
 1335 0521 09       		.byte	0x9
 1336 0522 81000000 		.4byte	0x81
 1337 0526 05       		.uleb128 0x5
 1338 0527 03       		.byte	0x3
 1339 0528 00000000 		.4byte	p
 1340 052c 16       		.uleb128 0x16
 1341 052d 6E020000 		.4byte	.LASF20
 1342 0531 6E020000 		.4byte	.LASF20
 1343 0535 05       		.byte	0x5
ARM GAS  C:\Users\adria\AppData\Local\Temp\ccnMP5GY.s 			page 28


 1344 0536 26       		.byte	0x26
 1345 0537 16       		.uleb128 0x16
 1346 0538 19010000 		.4byte	.LASF21
 1347 053c 19010000 		.4byte	.LASF21
 1348 0540 06       		.byte	0x6
 1349 0541 3D       		.byte	0x3d
 1350 0542 16       		.uleb128 0x16
 1351 0543 D9000000 		.4byte	.LASF22
 1352 0547 D9000000 		.4byte	.LASF22
 1353 054b 06       		.byte	0x6
 1354 054c 3C       		.byte	0x3c
 1355 054d 16       		.uleb128 0x16
 1356 054e 37020000 		.4byte	.LASF23
 1357 0552 37020000 		.4byte	.LASF23
 1358 0556 07       		.byte	0x7
 1359 0557 29       		.byte	0x29
 1360 0558 16       		.uleb128 0x16
 1361 0559 59020000 		.4byte	.LASF24
 1362 055d 59020000 		.4byte	.LASF24
 1363 0561 05       		.byte	0x5
 1364 0562 29       		.byte	0x29
 1365 0563 16       		.uleb128 0x16
 1366 0564 26010000 		.4byte	.LASF25
 1367 0568 26010000 		.4byte	.LASF25
 1368 056c 06       		.byte	0x6
 1369 056d 3E       		.byte	0x3e
 1370 056e 16       		.uleb128 0x16
 1371 056f 88010000 		.4byte	.LASF26
 1372 0573 88010000 		.4byte	.LASF26
 1373 0577 06       		.byte	0x6
 1374 0578 3A       		.byte	0x3a
 1375 0579 16       		.uleb128 0x16
 1376 057a 5B000000 		.4byte	.LASF27
 1377 057e 5B000000 		.4byte	.LASF27
 1378 0582 08       		.byte	0x8
 1379 0583 1E       		.byte	0x1e
 1380 0584 16       		.uleb128 0x16
 1381 0585 66020000 		.4byte	.LASF28
 1382 0589 66020000 		.4byte	.LASF28
 1383 058d 09       		.byte	0x9
 1384 058e 76       		.byte	0x76
 1385 058f 16       		.uleb128 0x16
 1386 0590 39000000 		.4byte	.LASF29
 1387 0594 39000000 		.4byte	.LASF29
 1388 0598 07       		.byte	0x7
 1389 0599 2B       		.byte	0x2b
 1390 059a 16       		.uleb128 0x16
 1391 059b 2F000000 		.4byte	.LASF30
 1392 059f 2F000000 		.4byte	.LASF30
 1393 05a3 06       		.byte	0x6
 1394 05a4 38       		.byte	0x38
 1395 05a5 16       		.uleb128 0x16
 1396 05a6 E9000000 		.4byte	.LASF31
 1397 05aa E9000000 		.4byte	.LASF31
 1398 05ae 0A       		.byte	0xa
 1399 05af 5A       		.byte	0x5a
 1400 05b0 16       		.uleb128 0x16
ARM GAS  C:\Users\adria\AppData\Local\Temp\ccnMP5GY.s 			page 29


 1401 05b1 32010000 		.4byte	.LASF32
 1402 05b5 32010000 		.4byte	.LASF32
 1403 05b9 0B       		.byte	0xb
 1404 05ba 18       		.byte	0x18
 1405 05bb 16       		.uleb128 0x16
 1406 05bc 47010000 		.4byte	.LASF33
 1407 05c0 47010000 		.4byte	.LASF33
 1408 05c4 0C       		.byte	0xc
 1409 05c5 18       		.byte	0x18
 1410 05c6 00       		.byte	0
 1411              		.section	.debug_abbrev,"",%progbits
 1412              	.Ldebug_abbrev0:
 1413 0000 01       		.uleb128 0x1
 1414 0001 11       		.uleb128 0x11
 1415 0002 01       		.byte	0x1
 1416 0003 25       		.uleb128 0x25
 1417 0004 0E       		.uleb128 0xe
 1418 0005 13       		.uleb128 0x13
 1419 0006 0B       		.uleb128 0xb
 1420 0007 03       		.uleb128 0x3
 1421 0008 0E       		.uleb128 0xe
 1422 0009 1B       		.uleb128 0x1b
 1423 000a 0E       		.uleb128 0xe
 1424 000b 55       		.uleb128 0x55
 1425 000c 17       		.uleb128 0x17
 1426 000d 11       		.uleb128 0x11
 1427 000e 01       		.uleb128 0x1
 1428 000f 10       		.uleb128 0x10
 1429 0010 17       		.uleb128 0x17
 1430 0011 00       		.byte	0
 1431 0012 00       		.byte	0
 1432 0013 02       		.uleb128 0x2
 1433 0014 24       		.uleb128 0x24
 1434 0015 00       		.byte	0
 1435 0016 0B       		.uleb128 0xb
 1436 0017 0B       		.uleb128 0xb
 1437 0018 3E       		.uleb128 0x3e
 1438 0019 0B       		.uleb128 0xb
 1439 001a 03       		.uleb128 0x3
 1440 001b 0E       		.uleb128 0xe
 1441 001c 00       		.byte	0
 1442 001d 00       		.byte	0
 1443 001e 03       		.uleb128 0x3
 1444 001f 16       		.uleb128 0x16
 1445 0020 00       		.byte	0
 1446 0021 03       		.uleb128 0x3
 1447 0022 0E       		.uleb128 0xe
 1448 0023 3A       		.uleb128 0x3a
 1449 0024 0B       		.uleb128 0xb
 1450 0025 3B       		.uleb128 0x3b
 1451 0026 0B       		.uleb128 0xb
 1452 0027 49       		.uleb128 0x49
 1453 0028 13       		.uleb128 0x13
 1454 0029 00       		.byte	0
 1455 002a 00       		.byte	0
 1456 002b 04       		.uleb128 0x4
 1457 002c 24       		.uleb128 0x24
ARM GAS  C:\Users\adria\AppData\Local\Temp\ccnMP5GY.s 			page 30


 1458 002d 00       		.byte	0
 1459 002e 0B       		.uleb128 0xb
 1460 002f 0B       		.uleb128 0xb
 1461 0030 3E       		.uleb128 0x3e
 1462 0031 0B       		.uleb128 0xb
 1463 0032 03       		.uleb128 0x3
 1464 0033 08       		.uleb128 0x8
 1465 0034 00       		.byte	0
 1466 0035 00       		.byte	0
 1467 0036 05       		.uleb128 0x5
 1468 0037 16       		.uleb128 0x16
 1469 0038 00       		.byte	0
 1470 0039 03       		.uleb128 0x3
 1471 003a 0E       		.uleb128 0xe
 1472 003b 3A       		.uleb128 0x3a
 1473 003c 0B       		.uleb128 0xb
 1474 003d 3B       		.uleb128 0x3b
 1475 003e 05       		.uleb128 0x5
 1476 003f 49       		.uleb128 0x49
 1477 0040 13       		.uleb128 0x13
 1478 0041 00       		.byte	0
 1479 0042 00       		.byte	0
 1480 0043 06       		.uleb128 0x6
 1481 0044 2E       		.uleb128 0x2e
 1482 0045 01       		.byte	0x1
 1483 0046 3F       		.uleb128 0x3f
 1484 0047 19       		.uleb128 0x19
 1485 0048 03       		.uleb128 0x3
 1486 0049 0E       		.uleb128 0xe
 1487 004a 3A       		.uleb128 0x3a
 1488 004b 0B       		.uleb128 0xb
 1489 004c 3B       		.uleb128 0x3b
 1490 004d 0B       		.uleb128 0xb
 1491 004e 27       		.uleb128 0x27
 1492 004f 19       		.uleb128 0x19
 1493 0050 11       		.uleb128 0x11
 1494 0051 01       		.uleb128 0x1
 1495 0052 12       		.uleb128 0x12
 1496 0053 06       		.uleb128 0x6
 1497 0054 40       		.uleb128 0x40
 1498 0055 18       		.uleb128 0x18
 1499 0056 9742     		.uleb128 0x2117
 1500 0058 19       		.uleb128 0x19
 1501 0059 01       		.uleb128 0x1
 1502 005a 13       		.uleb128 0x13
 1503 005b 00       		.byte	0
 1504 005c 00       		.byte	0
 1505 005d 07       		.uleb128 0x7
 1506 005e 898201   		.uleb128 0x4109
 1507 0061 01       		.byte	0x1
 1508 0062 11       		.uleb128 0x11
 1509 0063 01       		.uleb128 0x1
 1510 0064 31       		.uleb128 0x31
 1511 0065 13       		.uleb128 0x13
 1512 0066 01       		.uleb128 0x1
 1513 0067 13       		.uleb128 0x13
 1514 0068 00       		.byte	0
ARM GAS  C:\Users\adria\AppData\Local\Temp\ccnMP5GY.s 			page 31


 1515 0069 00       		.byte	0
 1516 006a 08       		.uleb128 0x8
 1517 006b 8A8201   		.uleb128 0x410a
 1518 006e 00       		.byte	0
 1519 006f 02       		.uleb128 0x2
 1520 0070 18       		.uleb128 0x18
 1521 0071 9142     		.uleb128 0x2111
 1522 0073 18       		.uleb128 0x18
 1523 0074 00       		.byte	0
 1524 0075 00       		.byte	0
 1525 0076 09       		.uleb128 0x9
 1526 0077 898201   		.uleb128 0x4109
 1527 007a 01       		.byte	0x1
 1528 007b 11       		.uleb128 0x11
 1529 007c 01       		.uleb128 0x1
 1530 007d 31       		.uleb128 0x31
 1531 007e 13       		.uleb128 0x13
 1532 007f 00       		.byte	0
 1533 0080 00       		.byte	0
 1534 0081 0A       		.uleb128 0xa
 1535 0082 2E       		.uleb128 0x2e
 1536 0083 01       		.byte	0x1
 1537 0084 3F       		.uleb128 0x3f
 1538 0085 19       		.uleb128 0x19
 1539 0086 03       		.uleb128 0x3
 1540 0087 0E       		.uleb128 0xe
 1541 0088 3A       		.uleb128 0x3a
 1542 0089 0B       		.uleb128 0xb
 1543 008a 3B       		.uleb128 0x3b
 1544 008b 0B       		.uleb128 0xb
 1545 008c 11       		.uleb128 0x11
 1546 008d 01       		.uleb128 0x1
 1547 008e 12       		.uleb128 0x12
 1548 008f 06       		.uleb128 0x6
 1549 0090 40       		.uleb128 0x40
 1550 0091 18       		.uleb128 0x18
 1551 0092 9742     		.uleb128 0x2117
 1552 0094 19       		.uleb128 0x19
 1553 0095 01       		.uleb128 0x1
 1554 0096 13       		.uleb128 0x13
 1555 0097 00       		.byte	0
 1556 0098 00       		.byte	0
 1557 0099 0B       		.uleb128 0xb
 1558 009a 898201   		.uleb128 0x4109
 1559 009d 01       		.byte	0x1
 1560 009e 11       		.uleb128 0x11
 1561 009f 01       		.uleb128 0x1
 1562 00a0 9542     		.uleb128 0x2115
 1563 00a2 19       		.uleb128 0x19
 1564 00a3 31       		.uleb128 0x31
 1565 00a4 13       		.uleb128 0x13
 1566 00a5 00       		.byte	0
 1567 00a6 00       		.byte	0
 1568 00a7 0C       		.uleb128 0xc
 1569 00a8 0B       		.uleb128 0xb
 1570 00a9 01       		.byte	0x1
 1571 00aa 11       		.uleb128 0x11
ARM GAS  C:\Users\adria\AppData\Local\Temp\ccnMP5GY.s 			page 32


 1572 00ab 01       		.uleb128 0x1
 1573 00ac 12       		.uleb128 0x12
 1574 00ad 06       		.uleb128 0x6
 1575 00ae 01       		.uleb128 0x1
 1576 00af 13       		.uleb128 0x13
 1577 00b0 00       		.byte	0
 1578 00b1 00       		.byte	0
 1579 00b2 0D       		.uleb128 0xd
 1580 00b3 34       		.uleb128 0x34
 1581 00b4 00       		.byte	0
 1582 00b5 03       		.uleb128 0x3
 1583 00b6 08       		.uleb128 0x8
 1584 00b7 3A       		.uleb128 0x3a
 1585 00b8 0B       		.uleb128 0xb
 1586 00b9 3B       		.uleb128 0x3b
 1587 00ba 0B       		.uleb128 0xb
 1588 00bb 49       		.uleb128 0x49
 1589 00bc 13       		.uleb128 0x13
 1590 00bd 02       		.uleb128 0x2
 1591 00be 17       		.uleb128 0x17
 1592 00bf 00       		.byte	0
 1593 00c0 00       		.byte	0
 1594 00c1 0E       		.uleb128 0xe
 1595 00c2 898201   		.uleb128 0x4109
 1596 00c5 00       		.byte	0
 1597 00c6 11       		.uleb128 0x11
 1598 00c7 01       		.uleb128 0x1
 1599 00c8 31       		.uleb128 0x31
 1600 00c9 13       		.uleb128 0x13
 1601 00ca 00       		.byte	0
 1602 00cb 00       		.byte	0
 1603 00cc 0F       		.uleb128 0xf
 1604 00cd 898201   		.uleb128 0x4109
 1605 00d0 00       		.byte	0
 1606 00d1 11       		.uleb128 0x11
 1607 00d2 01       		.uleb128 0x1
 1608 00d3 9542     		.uleb128 0x2115
 1609 00d5 19       		.uleb128 0x19
 1610 00d6 31       		.uleb128 0x31
 1611 00d7 13       		.uleb128 0x13
 1612 00d8 00       		.byte	0
 1613 00d9 00       		.byte	0
 1614 00da 10       		.uleb128 0x10
 1615 00db 2E       		.uleb128 0x2e
 1616 00dc 01       		.byte	0x1
 1617 00dd 3F       		.uleb128 0x3f
 1618 00de 19       		.uleb128 0x19
 1619 00df 03       		.uleb128 0x3
 1620 00e0 0E       		.uleb128 0xe
 1621 00e1 3A       		.uleb128 0x3a
 1622 00e2 0B       		.uleb128 0xb
 1623 00e3 3B       		.uleb128 0x3b
 1624 00e4 0B       		.uleb128 0xb
 1625 00e5 27       		.uleb128 0x27
 1626 00e6 19       		.uleb128 0x19
 1627 00e7 49       		.uleb128 0x49
 1628 00e8 13       		.uleb128 0x13
ARM GAS  C:\Users\adria\AppData\Local\Temp\ccnMP5GY.s 			page 33


 1629 00e9 8701     		.uleb128 0x87
 1630 00eb 19       		.uleb128 0x19
 1631 00ec 11       		.uleb128 0x11
 1632 00ed 01       		.uleb128 0x1
 1633 00ee 12       		.uleb128 0x12
 1634 00ef 06       		.uleb128 0x6
 1635 00f0 40       		.uleb128 0x40
 1636 00f1 18       		.uleb128 0x18
 1637 00f2 9742     		.uleb128 0x2117
 1638 00f4 19       		.uleb128 0x19
 1639 00f5 01       		.uleb128 0x1
 1640 00f6 13       		.uleb128 0x13
 1641 00f7 00       		.byte	0
 1642 00f8 00       		.byte	0
 1643 00f9 11       		.uleb128 0x11
 1644 00fa 34       		.uleb128 0x34
 1645 00fb 00       		.byte	0
 1646 00fc 03       		.uleb128 0x3
 1647 00fd 0E       		.uleb128 0xe
 1648 00fe 3A       		.uleb128 0x3a
 1649 00ff 0B       		.uleb128 0xb
 1650 0100 3B       		.uleb128 0x3b
 1651 0101 05       		.uleb128 0x5
 1652 0102 49       		.uleb128 0x49
 1653 0103 13       		.uleb128 0x13
 1654 0104 3F       		.uleb128 0x3f
 1655 0105 19       		.uleb128 0x19
 1656 0106 3C       		.uleb128 0x3c
 1657 0107 19       		.uleb128 0x19
 1658 0108 00       		.byte	0
 1659 0109 00       		.byte	0
 1660 010a 12       		.uleb128 0x12
 1661 010b 35       		.uleb128 0x35
 1662 010c 00       		.byte	0
 1663 010d 49       		.uleb128 0x49
 1664 010e 13       		.uleb128 0x13
 1665 010f 00       		.byte	0
 1666 0110 00       		.byte	0
 1667 0111 13       		.uleb128 0x13
 1668 0112 34       		.uleb128 0x34
 1669 0113 00       		.byte	0
 1670 0114 03       		.uleb128 0x3
 1671 0115 08       		.uleb128 0x8
 1672 0116 3A       		.uleb128 0x3a
 1673 0117 0B       		.uleb128 0xb
 1674 0118 3B       		.uleb128 0x3b
 1675 0119 0B       		.uleb128 0xb
 1676 011a 49       		.uleb128 0x49
 1677 011b 13       		.uleb128 0x13
 1678 011c 3F       		.uleb128 0x3f
 1679 011d 19       		.uleb128 0x19
 1680 011e 02       		.uleb128 0x2
 1681 011f 18       		.uleb128 0x18
 1682 0120 00       		.byte	0
 1683 0121 00       		.byte	0
 1684 0122 14       		.uleb128 0x14
 1685 0123 01       		.uleb128 0x1
ARM GAS  C:\Users\adria\AppData\Local\Temp\ccnMP5GY.s 			page 34


 1686 0124 01       		.byte	0x1
 1687 0125 49       		.uleb128 0x49
 1688 0126 13       		.uleb128 0x13
 1689 0127 01       		.uleb128 0x1
 1690 0128 13       		.uleb128 0x13
 1691 0129 00       		.byte	0
 1692 012a 00       		.byte	0
 1693 012b 15       		.uleb128 0x15
 1694 012c 21       		.uleb128 0x21
 1695 012d 00       		.byte	0
 1696 012e 49       		.uleb128 0x49
 1697 012f 13       		.uleb128 0x13
 1698 0130 2F       		.uleb128 0x2f
 1699 0131 0B       		.uleb128 0xb
 1700 0132 00       		.byte	0
 1701 0133 00       		.byte	0
 1702 0134 16       		.uleb128 0x16
 1703 0135 2E       		.uleb128 0x2e
 1704 0136 00       		.byte	0
 1705 0137 3F       		.uleb128 0x3f
 1706 0138 19       		.uleb128 0x19
 1707 0139 3C       		.uleb128 0x3c
 1708 013a 19       		.uleb128 0x19
 1709 013b 6E       		.uleb128 0x6e
 1710 013c 0E       		.uleb128 0xe
 1711 013d 03       		.uleb128 0x3
 1712 013e 0E       		.uleb128 0xe
 1713 013f 3A       		.uleb128 0x3a
 1714 0140 0B       		.uleb128 0xb
 1715 0141 3B       		.uleb128 0x3b
 1716 0142 0B       		.uleb128 0xb
 1717 0143 00       		.byte	0
 1718 0144 00       		.byte	0
 1719 0145 00       		.byte	0
 1720              		.section	.debug_loc,"",%progbits
 1721              	.Ldebug_loc0:
 1722              	.LLST0:
 1723 0000 2E020000 		.4byte	.LVL41
 1724 0004 38020000 		.4byte	.LVL42
 1725 0008 0200     		.2byte	0x2
 1726 000a 30       		.byte	0x30
 1727 000b 9F       		.byte	0x9f
 1728 000c 38020000 		.4byte	.LVL42
 1729 0010 44020000 		.4byte	.LVL44
 1730 0014 0100     		.2byte	0x1
 1731 0016 52       		.byte	0x52
 1732 0017 00000000 		.4byte	0
 1733 001b 00000000 		.4byte	0
 1734              		.section	.debug_aranges,"",%progbits
 1735 0000 34000000 		.4byte	0x34
 1736 0004 0200     		.2byte	0x2
 1737 0006 00000000 		.4byte	.Ldebug_info0
 1738 000a 04       		.byte	0x4
 1739 000b 00       		.byte	0
 1740 000c 0000     		.2byte	0
 1741 000e 0000     		.2byte	0
 1742 0010 00000000 		.4byte	.LFB65
ARM GAS  C:\Users\adria\AppData\Local\Temp\ccnMP5GY.s 			page 35


 1743 0014 48000000 		.4byte	.LFE65-.LFB65
 1744 0018 00000000 		.4byte	.LFB64
 1745 001c 18000000 		.4byte	.LFE64-.LFB64
 1746 0020 00000000 		.4byte	.LFB66
 1747 0024 74020000 		.4byte	.LFE66-.LFB66
 1748 0028 00000000 		.4byte	.LFB67
 1749 002c 28000000 		.4byte	.LFE67-.LFB67
 1750 0030 00000000 		.4byte	0
 1751 0034 00000000 		.4byte	0
 1752              		.section	.debug_ranges,"",%progbits
 1753              	.Ldebug_ranges0:
 1754 0000 00000000 		.4byte	.LFB65
 1755 0004 48000000 		.4byte	.LFE65
 1756 0008 00000000 		.4byte	.LFB64
 1757 000c 18000000 		.4byte	.LFE64
 1758 0010 00000000 		.4byte	.LFB66
 1759 0014 74020000 		.4byte	.LFE66
 1760 0018 00000000 		.4byte	.LFB67
 1761 001c 28000000 		.4byte	.LFE67
 1762 0020 00000000 		.4byte	0
 1763 0024 00000000 		.4byte	0
 1764              		.section	.debug_line,"",%progbits
 1765              	.Ldebug_line0:
 1766 0000 E6020000 		.section	.debug_str,"MS",%progbits,1
 1766      02001B02 
 1766      00000201 
 1766      FB0E0D00 
 1766      01010101 
 1767              	.LASF37:
 1768 0000 6D657373 		.ascii	"message\000"
 1768      61676500 
 1769              	.LASF18:
 1770 0008 494E545F 		.ascii	"INT_KB\000"
 1770      4B4200
 1771              	.LASF9:
 1772 000f 5F5F696E 		.ascii	"__int32_t\000"
 1772      7433325F 
 1772      7400
 1773              	.LASF4:
 1774 0019 6C6F6E67 		.ascii	"long int\000"
 1774      20696E74 
 1774      00
 1775              	.LASF17:
 1776 0022 494E545F 		.ascii	"INT_IT\000"
 1776      495400
 1777              	.LASF12:
 1778 0029 666C6F61 		.ascii	"float\000"
 1778      7400
 1779              	.LASF30:
 1780 002f 4C43445F 		.ascii	"LCD_Start\000"
 1780      53746172 
 1780      7400
 1781              	.LASF29:
 1782 0039 526F7773 		.ascii	"Rows_ClearInterrupt\000"
 1782      5F436C65 
 1782      6172496E 
 1782      74657272 
ARM GAS  C:\Users\adria\AppData\Local\Temp\ccnMP5GY.s 			page 36


 1782      75707400 
 1783              	.LASF1:
 1784 004d 756E7369 		.ascii	"unsigned char\000"
 1784      676E6564 
 1784      20636861 
 1784      7200
 1785              	.LASF27:
 1786 005b 73747263 		.ascii	"strcpy\000"
 1786      707900
 1787              	.LASF5:
 1788 0062 6C6F6E67 		.ascii	"long unsigned int\000"
 1788      20756E73 
 1788      69676E65 
 1788      6420696E 
 1788      7400
 1789              	.LASF3:
 1790 0074 73686F72 		.ascii	"short unsigned int\000"
 1790      7420756E 
 1790      7369676E 
 1790      65642069 
 1790      6E7400
 1791              	.LASF19:
 1792 0087 49544D5F 		.ascii	"ITM_RxBuffer\000"
 1792      52784275 
 1792      66666572 
 1792      00
 1793              	.LASF36:
 1794 0094 443A5C50 		.ascii	"D:\\Projects\\PSoC\\AdvancedMicrocontrollers\\Keybo"
 1794      726F6A65 
 1794      6374735C 
 1794      50536F43 
 1794      5C416476 
 1795 00c3 6172642E 		.ascii	"ard.cydsn\000"
 1795      63796473 
 1795      6E00
 1796              	.LASF13:
 1797 00cd 646F7562 		.ascii	"double\000"
 1797      6C6500
 1798              	.LASF38:
 1799 00d4 6D61696E 		.ascii	"main\000"
 1799      00
 1800              	.LASF22:
 1801 00d9 4C43445F 		.ascii	"LCD_PrintString\000"
 1801      5072696E 
 1801      74537472 
 1801      696E6700 
 1802              	.LASF31:
 1803 00e9 54696D65 		.ascii	"Timer_Start\000"
 1803      725F5374 
 1803      61727400 
 1804              	.LASF8:
 1805 00f5 756E7369 		.ascii	"unsigned int\000"
 1805      676E6564 
 1805      20696E74 
 1805      00
 1806              	.LASF7:
 1807 0102 6C6F6E67 		.ascii	"long long unsigned int\000"
ARM GAS  C:\Users\adria\AppData\Local\Temp\ccnMP5GY.s 			page 37


 1807      206C6F6E 
 1807      6720756E 
 1807      7369676E 
 1807      65642069 
 1808              	.LASF21:
 1809 0119 4C43445F 		.ascii	"LCD_Position\000"
 1809      506F7369 
 1809      74696F6E 
 1809      00
 1810              	.LASF25:
 1811 0126 4C43445F 		.ascii	"LCD_PutChar\000"
 1811      50757443 
 1811      68617200 
 1812              	.LASF32:
 1813 0132 6973725F 		.ascii	"isr_Keyboard_StartEx\000"
 1813      4B657962 
 1813      6F617264 
 1813      5F537461 
 1813      72744578 
 1814              	.LASF33:
 1815 0147 6973725F 		.ascii	"isr_Iteration_StartEx\000"
 1815      49746572 
 1815      6174696F 
 1815      6E5F5374 
 1815      61727445 
 1816              	.LASF10:
 1817 015d 696E7433 		.ascii	"int32_t\000"
 1817      325F7400 
 1818              	.LASF16:
 1819 0165 73697A65 		.ascii	"sizetype\000"
 1819      74797065 
 1819      00
 1820              	.LASF6:
 1821 016e 6C6F6E67 		.ascii	"long long int\000"
 1821      206C6F6E 
 1821      6720696E 
 1821      7400
 1822              	.LASF35:
 1823 017c 6D61696E 		.ascii	"main.c\000"
 1823      2E6300
 1824              	.LASF14:
 1825 0183 63686172 		.ascii	"char\000"
 1825      00
 1826              	.LASF26:
 1827 0188 4C43445F 		.ascii	"LCD_WriteControl\000"
 1827      57726974 
 1827      65436F6E 
 1827      74726F6C 
 1827      00
 1828              	.LASF2:
 1829 0199 73686F72 		.ascii	"short int\000"
 1829      7420696E 
 1829      7400
 1830              	.LASF11:
 1831 01a3 75696E74 		.ascii	"uint8\000"
 1831      3800
 1832              	.LASF34:
ARM GAS  C:\Users\adria\AppData\Local\Temp\ccnMP5GY.s 			page 38


 1833 01a9 474E5520 		.ascii	"GNU C11 5.4.1 20160609 (release) [ARM/embedded-5-br"
 1833      43313120 
 1833      352E342E 
 1833      31203230 
 1833      31363036 
 1834 01dc 616E6368 		.ascii	"anch revision 237715] -mcpu=cortex-m3 -mthumb -g -O"
 1834      20726576 
 1834      6973696F 
 1834      6E203233 
 1834      37373135 
 1835 020f 73202D66 		.ascii	"s -ffunction-sections -ffat-lto-objects\000"
 1835      66756E63 
 1835      74696F6E 
 1835      2D736563 
 1835      74696F6E 
 1836              	.LASF23:
 1837 0237 526F7773 		.ascii	"Rows_Read\000"
 1837      5F526561 
 1837      6400
 1838              	.LASF15:
 1839 0241 6C6F6E67 		.ascii	"long double\000"
 1839      20646F75 
 1839      626C6500 
 1840              	.LASF0:
 1841 024d 7369676E 		.ascii	"signed char\000"
 1841      65642063 
 1841      68617200 
 1842              	.LASF24:
 1843 0259 436F6C75 		.ascii	"Columns_Read\000"
 1843      6D6E735F 
 1843      52656164 
 1843      00
 1844              	.LASF28:
 1845 0266 43794465 		.ascii	"CyDelay\000"
 1845      6C617900 
 1846              	.LASF20:
 1847 026e 436F6C75 		.ascii	"Columns_Write\000"
 1847      6D6E735F 
 1847      57726974 
 1847      6500
 1848              		.ident	"GCC: (GNU Tools for ARM Embedded Processors) 5.4.1 20160609 (release) [ARM/embedded-5-bran
